#
# There is insufficient memory for the Java Runtime Environment to continue.
# Native memory allocation (mmap) failed to map 67108864 bytes for Failed to commit area from 0x00000000c1800000 to 0x00000000c5800000 of length 67108864.
# Possible reasons:
#   The system is out of physical RAM or swap space
#   The process is running with CompressedOops enabled, and the Java Heap may be blocking the growth of the native heap
# Possible solutions:
#   Reduce memory load on the system
#   Increase physical memory or swap space
#   Check if swap backing store is full
#   Decrease Java heap size (-Xmx/-Xms)
#   Decrease number of Java threads
#   Decrease Java thread stack sizes (-Xss)
#   Set larger code cache with -XX:ReservedCodeCacheSize=
# This output file may be truncated or incomplete.
#
#  Out of Memory Error (./src/hotspot/os/windows/os_windows.cpp:3619), pid=1380, tid=6640
#
# JRE version:  (11.0.13) (build )
# Java VM: OpenJDK 64-Bit Server VM (11.0.13+0-b1751.21-8125866, mixed mode, sharing, tiered, compressed oops, g1 gc, windows-amd64)
# No core dump will be written. Minidumps are not enabled by default on client versions of Windows
#

---------------  S U M M A R Y ------------

Command Line: org.jetbrains.kotlin.cli.jvm.K2JVMCompiler @C:\Users\Ilham\AndroidStudioProjects\EAttandance\app\build\20230814_4770811741579484389.compiler.options

Host: Intel(R) Core(TM) i3-5005U CPU @ 2.00GHz, 4 cores, 3G,  Windows 10 , 64 bit Build 19041 (10.0.19041.3155)
Time: Mon Aug 14 20:17:21 2023 SE Asia Standard Time elapsed time: 0.034333 seconds (0d 0h 0m 0s)

---------------  T H R E A D  ---------------

Current thread (0x0000024272cfb800):  JavaThread "Unknown thread" [_thread_in_vm, id=6640, stack(0x0000005630600000,0x0000005630700000)]

Stack: [0x0000005630600000,0x0000005630700000]
Native frames: (J=compiled Java code, j=interpreted, Vv=VM code, C=native code)
V  [jvm.dll+0x6100fa]
V  [jvm.dll+0x747090]
V  [jvm.dll+0x7486ad]
V  [jvm.dll+0x748d83]
V  [jvm.dll+0x24ab48]
V  [jvm.dll+0x60d164]
V  [jvm.dll+0x601e75]
V  [jvm.dll+0x308bdb]
V  [jvm.dll+0x308b4a]
V  [jvm.dll+0x308a22]
V  [jvm.dll+0x30d986]
V  [jvm.dll+0x357093]
V  [jvm.dll+0x357796]
V  [jvm.dll+0x357193]
V  [jvm.dll+0x2e3448]
V  [jvm.dll+0x2e45f7]
V  [jvm.dll+0x7242e7]
V  [jvm.dll+0x725adc]
V  [jvm.dll+0x364629]
V  [jvm.dll+0x707cee]
V  [jvm.dll+0x3d2633]
V  [jvm.dll+0x3d4a21]
C  [jli.dll+0x536b]
C  [ucrtbase.dll+0x21bb2]
C  [KERNEL32.DLL+0x17614]
C  [ntdll.dll+0x526b1]


---------------  P R O C E S S  ---------------

Threads class SMR info:
_java_thread_list=0x0000024271462a00, length=0, elements={
}

Java Threads: ( => current thread )

Other Threads:
  0x0000024272d14000 GCTaskThread "GC Thread#0" [stack: 0x0000005630700000,0x0000005630800000] [id=14132]
  0x0000024272d2e000 ConcurrentGCThread "G1 Main Marker" [stack: 0x0000005630800000,0x0000005630900000] [id=13580]
  0x0000024272d2f800 ConcurrentGCThread "G1 Conc#0" [stack: 0x0000005630900000,0x0000005630a00000] [id=4120]

[error occurred during error reporting (printing all threads), id 0xc0000005, EXCEPTION_ACCESS_VIOLATION (0xc0000005) at pc=0x00007ffad17d3dd7]

VM state:not at safepoint (not fully initialized)

VM Mutex/Monitor currently owned by a thread:  ([mutex/lock_event])
[0x0000024272cf7a70] Heap_lock - owner thread: 0x0000024272cfb800

Heap address: 0x00000000c1800000, size: 1000 MB, Compressed Oops mode: Non-zero based: 0x00000000c1800000
Narrow klass base: 0x0000000000000000, Narrow klass shift: 0

GC Heap History (0 events):
No events

Deoptimization events (0 events):
No events

Classes redefined (0 events):
No events

Internal exceptions (0 events):
No events

Events (1 events):
Event: 0.026 Loaded shared library C:\Program Files\Android\Android Studio\jre\bin\zip.dll


Dynamic libraries:
0x00007ff6a1f60000 - 0x00007ff6a1f6a000 	C:\Program Files\Android\Android Studio\jre\bin\java.exe
0x00007ffb1f110000 - 0x00007ffb1f308000 	C:\Windows\SYSTEM32\ntdll.dll
0x00007ffb1d170000 - 0x00007ffb1d22f000 	C:\Windows\System32\KERNEL32.DLL
0x00007ffb1ce40000 - 0x00007ffb1d136000 	C:\Windows\System32\KERNELBASE.dll
0x00007ffb1c7f0000 - 0x00007ffb1c8f0000 	C:\Windows\System32\ucrtbase.dll
0x00007ffafdc00000 - 0x00007ffafdc19000 	C:\Program Files\Android\Android Studio\jre\bin\jli.dll
0x00007ffb1d5b0000 - 0x00007ffb1d74d000 	C:\Windows\System32\USER32.dll
0x00007ffb1d140000 - 0x00007ffb1d162000 	C:\Windows\System32\win32u.dll
0x00007ffb1df30000 - 0x00007ffb1df5c000 	C:\Windows\System32\GDI32.dll
0x00007ffb1c960000 - 0x00007ffb1ca75000 	C:\Windows\System32\gdi32full.dll
0x00007ffb1cd50000 - 0x00007ffb1cded000 	C:\Windows\System32\msvcp_win.dll
0x00007ffb06bd0000 - 0x00007ffb06be7000 	C:\Program Files\Android\Android Studio\jre\bin\VCRUNTIME140.dll
0x00007ffb0bec0000 - 0x00007ffb0c15a000 	C:\Windows\WinSxS\amd64_microsoft.windows.common-controls_6595b64144ccf1df_6.0.19041.1110_none_60b5254171f9507e\COMCTL32.dll
0x00007ffb1ef80000 - 0x00007ffb1f01e000 	C:\Windows\System32\msvcrt.dll
0x00007ffb1d8e0000 - 0x00007ffb1d910000 	C:\Windows\System32\IMM32.DLL
0x00007ffaf9940000 - 0x00007ffaf99dd000 	C:\Program Files\Android\Android Studio\jre\bin\msvcp140.dll
0x00007ffad14e0000 - 0x00007ffad1fe2000 	C:\Program Files\Android\Android Studio\jre\bin\server\jvm.dll
0x00007ffb1df60000 - 0x00007ffb1e00f000 	C:\Windows\System32\ADVAPI32.dll
0x00007ffb1d230000 - 0x00007ffb1d2cc000 	C:\Windows\System32\sechost.dll
0x00007ffb1e9e0000 - 0x00007ffb1eb06000 	C:\Windows\System32\RPCRT4.dll
0x00007ffb1de80000 - 0x00007ffb1de88000 	C:\Windows\System32\PSAPI.DLL
0x00007ffb10810000 - 0x00007ffb10819000 	C:\Windows\SYSTEM32\WSOCK32.dll
0x00007ffb1deb0000 - 0x00007ffb1df1b000 	C:\Windows\System32\WS2_32.dll
0x00007ffb0e650000 - 0x00007ffb0e677000 	C:\Windows\SYSTEM32\WINMM.dll
0x00007ffb0e830000 - 0x00007ffb0e83a000 	C:\Windows\SYSTEM32\VERSION.dll
0x00007ffb1a6a0000 - 0x00007ffb1a6b2000 	C:\Windows\SYSTEM32\kernel.appcore.dll
0x00007ffaf59a0000 - 0x00007ffaf59b1000 	C:\Program Files\Android\Android Studio\jre\bin\verify.dll
0x00007ffb07920000 - 0x00007ffb07b04000 	C:\Windows\SYSTEM32\DBGHELP.DLL
0x00007ffb078e0000 - 0x00007ffb07914000 	C:\Windows\SYSTEM32\dbgcore.DLL
0x00007ffb1cc10000 - 0x00007ffb1cc92000 	C:\Windows\System32\bcryptPrimitives.dll
0x00007ffaf2e80000 - 0x00007ffaf2ea9000 	C:\Program Files\Android\Android Studio\jre\bin\java.dll
0x00007ffb028d0000 - 0x00007ffb028db000 	C:\Program Files\Android\Android Studio\jre\bin\jimage.dll
0x00007ffaf4090000 - 0x00007ffaf40a8000 	C:\Program Files\Android\Android Studio\jre\bin\zip.dll

dbghelp: loaded successfully - version: 4.0.5 - missing functions: none
symbol engine: initialized successfully - sym options: 0x614 - pdb path: .;C:\Program Files\Android\Android Studio\jre\bin;C:\Windows\SYSTEM32;C:\Windows\WinSxS\amd64_microsoft.windows.common-controls_6595b64144ccf1df_6.0.19041.1110_none_60b5254171f9507e;C:\Program Files\Android\Android Studio\jre\bin\server

VM Arguments:
java_command: org.jetbrains.kotlin.cli.jvm.K2JVMCompiler @C:\Users\Ilham\AndroidStudioProjects\EAttandance\app\build\20230814_4770811741579484389.compiler.options
java_class_path (initial): C:\Users\Ilham\.gradle\caches\modules-2\files-2.1\org.jetbrains.kotlin\kotlin-compiler-embeddable\1.7.20\8db18559a581dd2c36ddfd5046af145650f5b126\kotlin-compiler-embeddable-1.7.20.jar;C:\Users\Ilham\.gradle\caches\modules-2\files-2.1\org.jetbrains.kotlin\kotlin-reflect\1.7.20\12b2501e33bb6373e8e347c86d85481863629381\kotlin-reflect-1.7.20.jar;C:\Users\Ilham\.gradle\caches\modules-2\files-2.1\org.jetbrains.kotlin\kotlin-stdlib\1.7.20\726594ea9ba2beb2ee113647fefa9a10f9fabe52\kotlin-stdlib-1.7.20.jar;C:\Users\Ilham\.gradle\caches\modules-2\files-2.1\org.jetbrains.kotlin\kotlin-script-runtime\1.7.20\bcd1cc6f865e632550357fcc59f5ffd532615a8\kotlin-script-runtime-1.7.20.jar;C:\Users\Ilham\.gradle\caches\modules-2\files-2.1\org.jetbrains.kotlin\kotlin-daemon-embeddable\1.7.20\1e24355adad8d529d75d5b19eab55484057431ba\kotlin-daemon-embeddable-1.7.20.jar;C:\Users\Ilham\.gradle\caches\modules-2\files-2.1\org.jetbrains.intellij.deps\trove4j\1.0.20200330\3afb14d5f9ceb459d724e907a21145e8ff394f02\trove4j-1.0.20200330.jar;C:\Users\Ilham\.gradle\caches\modules-2\files-2.1\net.java.dev.jna\jna\5.6.0\330f2244e9030119ab3030fc3fededc86713d9cc\jna-5.6.0.jar;C:\Users\Ilham\.gradle\caches\modules-2\files-2.1\org.jetbrains.kotlin\kotlin-stdlib-common\1.7.20\e15351bdaf9fa06f009be5da7a202e4184f00ae3\kotlin-stdlib-common-1.7.20.jar;C:\Users\Ilham\.gradle\caches\modules-2\files-2.1\org.jetbrains\annotations\13.0\919f0dfe192fb4e063e7dacadee7f8bb9a2672a9\annotations-13.0.jar
Launcher Type: SUN_STANDARD

[Global flags]
     intx CICompilerCount                          = 3                                         {product} {ergonomic}
     uint ConcGCThreads                            = 1                                         {product} {ergonomic}
     uint G1ConcRefinementThreads                  = 4                                         {product} {ergonomic}
   size_t G1HeapRegionSize                         = 1048576                                   {product} {ergonomic}
    uintx GCDrainStackTargetSize                   = 64                                        {product} {ergonomic}
   size_t InitialHeapSize                          = 67108864                                  {product} {ergonomic}
   size_t MarkStackSize                            = 4194304                                   {product} {ergonomic}
   size_t MaxHeapSize                              = 1048576000                                {product} {ergonomic}
   size_t MinHeapDeltaBytes                        = 1048576                                   {product} {ergonomic}
    uintx NonNMethodCodeHeapSize                   = 5830732                                {pd product} {ergonomic}
    uintx NonProfiledCodeHeapSize                  = 122913754                              {pd product} {ergonomic}
    uintx ProfiledCodeHeapSize                     = 122913754                              {pd product} {ergonomic}
    uintx ReservedCodeCacheSize                    = 251658240                              {pd product} {ergonomic}
     bool SegmentedCodeCache                       = true                                      {product} {ergonomic}
     bool UseCompressedClassPointers               = true                                 {lp64_product} {ergonomic}
     bool UseCompressedOops                        = true                                 {lp64_product} {ergonomic}
     bool UseG1GC                                  = true                                      {product} {ergonomic}
     bool UseLargePagesIndividualAllocation        = false                                  {pd product} {ergonomic}

Logging:
Log output configuration:
 #0: stdout all=warning uptime,level,tags
 #1: stderr all=off uptime,level,tags

Environment Variables:
PATH=C:\Program Files (x86)\Common Files\Intel\Shared Files\cpp\bin\Intel64;C:\Windows\system32;C:\Windows;C:\Windows\System32\Wbem;C:\Windows\System32\WindowsPowerShell\v1.0\;C:\Windows\System32\OpenSSH\;C:\xampp\php;C:\ProgramData\ComposerSetup\bin;C:\Users\Ilham\AppData\Local\Programs\Python\Python39\Lib\site-packages\pip;C:\Users\Ilham\AppData\Local\Programs\Python\Python39\Scripts\;C:\Users\Ilham\AppData\Local\Programs\Python\Python39\;C:\Users\Ilham\AppData\Local\Microsoft\WindowsApps;C:\Users\Ilham\AppData\Local\Programs\Microsoft VS Code\bin;C:\ProgramData\Ilham\GitHubDesktop\bin;C:\xampp\php;C:\Users\Ilham\AppData\Roaming\Composer\vendor\bin;C:\Users\Ilham\AppData\Local\GitHubDesktop\bin
USERNAME=Ilham
OS=Windows_NT
PROCESSOR_IDENTIFIER=Intel64 Family 6 Model 61 Stepping 4, GenuineIntel



---------------  S Y S T E M  ---------------

OS: Windows 10 , 64 bit Build 19041 (10.0.19041.3155)
OS uptime: 21 days 1:34 hours

CPU:total 4 (initial active 4) (2 cores per cpu, 2 threads per core) family 6 model 61 stepping 4 microcode 0x2d, cmov, cx8, fxsr, mmx, sse, sse2, sse3, ssse3, sse4.1, sse4.2, popcnt, avx, avx2, aes, clmul, erms, 3dnowpref, lzcnt, ht, tsc, tscinvbit, bmi1, bmi2, adx, fma

Memory: 4k page, system-wide physical 3995M (260M free)
TotalPageFile size 12187M (AvailPageFile size 46M)
current process WorkingSet (physical memory assigned to process): 10M, peak: 10M
current process commit charge ("private bytes"): 51M, peak: 115M

vm_info: OpenJDK 64-Bit Server VM (11.0.13+0-b1751.21-8125866) for windows-amd64 JRE (11.0.13+0-b1751.21-8125866), built on Feb  2 2022 03:00:22 by "builder" with MS VC++ 14.0 (VS2015)

END.
