#
# There is insufficient memory for the Java Runtime Environment to continue.
# Native memory allocation (mmap) failed to map 67108864 bytes for Failed to commit area from 0x00000000c1800000 to 0x00000000c5800000 of length 67108864.
# Possible reasons:
#   The system is out of physical RAM or swap space
#   The process is running with CompressedOops enabled, and the Java Heap may be blocking the growth of the native heap
# Possible solutions:
#   Reduce memory load on the system
#   Increase physical memory or swap space
#   Check if swap backing store is full
#   Decrease Java heap size (-Xmx/-Xms)
#   Decrease number of Java threads
#   Decrease Java thread stack sizes (-Xss)
#   Set larger code cache with -XX:ReservedCodeCacheSize=
# This output file may be truncated or incomplete.
#
#  Out of Memory Error (./src/hotspot/os/windows/os_windows.cpp:3619), pid=13372, tid=10412
#
# JRE version:  (11.0.13) (build )
# Java VM: OpenJDK 64-Bit Server VM (11.0.13+0-b1751.21-8125866, mixed mode, sharing, tiered, compressed oops, g1 gc, windows-amd64)
# No core dump will be written. Minidumps are not enabled by default on client versions of Windows
#

---------------  S U M M A R Y ------------

Command Line: org.jetbrains.kotlin.cli.jvm.K2JVMCompiler @C:\Users\Ilham\AndroidStudioProjects\EAttandance\app\build\20221225_4628429842790673666.compiler.options

Host: Intel(R) Core(TM) i3-5005U CPU @ 2.00GHz, 4 cores, 3G,  Windows 10 , 64 bit Build 19041 (10.0.19041.2251)
Time: Sun Dec 25 15:03:52 2022 SE Asia Standard Time elapsed time: 0.273442 seconds (0d 0h 0m 0s)

---------------  T H R E A D  ---------------

Current thread (0x000001bc6dd3b000):  JavaThread "Unknown thread" [_thread_in_vm, id=10412, stack(0x000000761b500000,0x000000761b600000)]

Stack: [0x000000761b500000,0x000000761b600000]
Native frames: (J=compiled Java code, j=interpreted, Vv=VM code, C=native code)
V  [jvm.dll+0x6100fa]
V  [jvm.dll+0x747090]
V  [jvm.dll+0x7486ad]
V  [jvm.dll+0x748d83]
V  [jvm.dll+0x24ab48]
V  [jvm.dll+0x60d164]
V  [jvm.dll+0x601e75]
V  [jvm.dll+0x308bdb]
V  [jvm.dll+0x308b4a]
V  [jvm.dll+0x308a22]
V  [jvm.dll+0x30d986]
V  [jvm.dll+0x357093]
V  [jvm.dll+0x357796]
V  [jvm.dll+0x357193]
V  [jvm.dll+0x2e3448]
V  [jvm.dll+0x2e45f7]
V  [jvm.dll+0x7242e7]
V  [jvm.dll+0x725adc]
V  [jvm.dll+0x364629]
V  [jvm.dll+0x707cee]
V  [jvm.dll+0x3d2633]
V  [jvm.dll+0x3d4a21]
C  [jli.dll+0x536b]
C  [ucrtbase.dll+0x21bb2]
C  [KERNEL32.DLL+0x174b4]
C  [ntdll.dll+0x526a1]


---------------  P R O C E S S  ---------------

Threads class SMR info:
_java_thread_list=0x000001bc6bbc1860, length=0, elements={
}

Java Threads: ( => current thread )

Other Threads:
  0x000001bc6dd53800 GCTaskThread "GC Thread#0" [stack: 0x000000761b600000,0x000000761b700000] [id=9520]
  0x000001bc6dd6d000 ConcurrentGCThread "G1 Main Marker" [stack: 0x000000761b700000,0x000000761b800000] [id=13376]
  0x000001bc6dd6f800 ConcurrentGCThread "G1 Conc#0" [stack: 0x000000761b800000,0x000000761b900000] [id=5796]

[error occurred during error reporting (printing all threads), id 0xc0000005, EXCEPTION_ACCESS_VIOLATION (0xc0000005) at pc=0x00007ffeda6d3dd7]

VM state:not at safepoint (not fully initialized)

VM Mutex/Monitor currently owned by a thread:  ([mutex/lock_event])
[0x000001bc6dd36d60] Heap_lock - owner thread: 0x000001bc6dd3b000

Heap address: 0x00000000c1800000, size: 1000 MB, Compressed Oops mode: Non-zero based: 0x00000000c1800000
Narrow klass base: 0x0000000000000000, Narrow klass shift: 0

GC Heap History (0 events):
No events

Deoptimization events (0 events):
No events

Classes redefined (0 events):
No events

Internal exceptions (0 events):
No events

Events (1 events):
Event: 0.143 Loaded shared library C:\Program Files\Android\Android Studio\jre\bin\zip.dll


Dynamic libraries:
0x00007ff685cd0000 - 0x00007ff685cda000 	C:\Program Files\Android\Android Studio\jre\bin\java.exe
0x00007fff183b0000 - 0x00007fff185a8000 	C:\Windows\SYSTEM32\ntdll.dll
0x00007fff17ac0000 - 0x00007fff17b7f000 	C:\Windows\System32\KERNEL32.DLL
0x00007fff15cb0000 - 0x00007fff15f82000 	C:\Windows\System32\KERNELBASE.dll
0x00007fff12520000 - 0x00007fff125b1000 	C:\Windows\SYSTEM32\apphelp.dll
0x00007fff16250000 - 0x00007fff16350000 	C:\Windows\System32\ucrtbase.dll
0x00007ffef6eb0000 - 0x00007ffef6ec9000 	C:\Program Files\Android\Android Studio\jre\bin\jli.dll
0x00007fff16aa0000 - 0x00007fff16c3d000 	C:\Windows\System32\USER32.dll
0x00007fff16350000 - 0x00007fff16372000 	C:\Windows\System32\win32u.dll
0x00007fff17bf0000 - 0x00007fff17c1b000 	C:\Windows\System32\GDI32.dll
0x00007fff16140000 - 0x00007fff1624f000 	C:\Windows\System32\gdi32full.dll
0x00007fff15c10000 - 0x00007fff15cad000 	C:\Windows\System32\msvcp_win.dll
0x00007ffef6ca0000 - 0x00007ffef6cb7000 	C:\Program Files\Android\Android Studio\jre\bin\VCRUNTIME140.dll
0x00007fff11d00000 - 0x00007fff11f9a000 	C:\Windows\WinSxS\amd64_microsoft.windows.common-controls_6595b64144ccf1df_6.0.19041.1110_none_60b5254171f9507e\COMCTL32.dll
0x00007fff175b0000 - 0x00007fff1764e000 	C:\Windows\System32\msvcrt.dll
0x00007fff17250000 - 0x00007fff17282000 	C:\Windows\System32\IMM32.DLL
0x00007ffee4900000 - 0x00007ffee499d000 	C:\Program Files\Android\Android Studio\jre\bin\msvcp140.dll
0x00007ffeda3e0000 - 0x00007ffedaee2000 	C:\Program Files\Android\Android Studio\jre\bin\server\jvm.dll
0x00007fff170c0000 - 0x00007fff1716e000 	C:\Windows\System32\ADVAPI32.dll
0x00007fff16c70000 - 0x00007fff16d0c000 	C:\Windows\System32\sechost.dll
0x00007fff17480000 - 0x00007fff175a5000 	C:\Windows\System32\RPCRT4.dll
0x00007fff17be0000 - 0x00007fff17be8000 	C:\Windows\System32\PSAPI.DLL
0x00007fff05ef0000 - 0x00007fff05ef9000 	C:\Windows\SYSTEM32\WSOCK32.dll
0x00007fff16900000 - 0x00007fff1696b000 	C:\Windows\System32\WS2_32.dll
0x00007fff12b60000 - 0x00007fff12b87000 	C:\Windows\SYSTEM32\WINMM.dll
0x00007fff0b410000 - 0x00007fff0b41a000 	C:\Windows\SYSTEM32\VERSION.dll
0x00007fff13970000 - 0x00007fff13982000 	C:\Windows\SYSTEM32\kernel.appcore.dll
0x00007fff0a800000 - 0x00007fff0a811000 	C:\Program Files\Android\Android Studio\jre\bin\verify.dll
0x00007fff0d9c0000 - 0x00007fff0dba4000 	C:\Windows\SYSTEM32\DBGHELP.DLL
0x00007fff0d4d0000 - 0x00007fff0d4fc000 	C:\Windows\SYSTEM32\dbgcore.DLL
0x00007fff16040000 - 0x00007fff160c2000 	C:\Windows\System32\bcryptPrimitives.dll
0x00007fff06fd0000 - 0x00007fff06ff9000 	C:\Program Files\Android\Android Studio\jre\bin\java.dll
0x00007fff0a7f0000 - 0x00007fff0a7fb000 	C:\Program Files\Android\Android Studio\jre\bin\jimage.dll
0x00007fff06fb0000 - 0x00007fff06fc8000 	C:\Program Files\Android\Android Studio\jre\bin\zip.dll

dbghelp: loaded successfully - version: 4.0.5 - missing functions: none
symbol engine: initialized successfully - sym options: 0x614 - pdb path: .;C:\Program Files\Android\Android Studio\jre\bin;C:\Windows\SYSTEM32;C:\Windows\WinSxS\amd64_microsoft.windows.common-controls_6595b64144ccf1df_6.0.19041.1110_none_60b5254171f9507e;C:\Program Files\Android\Android Studio\jre\bin\server

VM Arguments:
java_command: org.jetbrains.kotlin.cli.jvm.K2JVMCompiler @C:\Users\Ilham\AndroidStudioProjects\EAttandance\app\build\20221225_4628429842790673666.compiler.options
java_class_path (initial): C:\Users\Ilham\.gradle\caches\modules-2\files-2.1\org.jetbrains.kotlin\kotlin-compiler-embeddable\1.7.20\8db18559a581dd2c36ddfd5046af145650f5b126\kotlin-compiler-embeddable-1.7.20.jar;C:\Users\Ilham\.gradle\caches\modules-2\files-2.1\org.jetbrains.kotlin\kotlin-reflect\1.7.20\12b2501e33bb6373e8e347c86d85481863629381\kotlin-reflect-1.7.20.jar;C:\Users\Ilham\.gradle\caches\modules-2\files-2.1\org.jetbrains.kotlin\kotlin-stdlib\1.7.20\726594ea9ba2beb2ee113647fefa9a10f9fabe52\kotlin-stdlib-1.7.20.jar;C:\Users\Ilham\.gradle\caches\modules-2\files-2.1\org.jetbrains.kotlin\kotlin-script-runtime\1.7.20\bcd1cc6f865e632550357fcc59f5ffd532615a8\kotlin-script-runtime-1.7.20.jar;C:\Users\Ilham\.gradle\caches\modules-2\files-2.1\org.jetbrains.kotlin\kotlin-daemon-embeddable\1.7.20\1e24355adad8d529d75d5b19eab55484057431ba\kotlin-daemon-embeddable-1.7.20.jar;C:\Users\Ilham\.gradle\caches\modules-2\files-2.1\org.jetbrains.intellij.deps\trove4j\1.0.20200330\3afb14d5f9ceb459d724e907a21145e8ff394f02\trove4j-1.0.20200330.jar;C:\Users\Ilham\.gradle\caches\modules-2\files-2.1\net.java.dev.jna\jna\5.6.0\330f2244e9030119ab3030fc3fededc86713d9cc\jna-5.6.0.jar;C:\Users\Ilham\.gradle\caches\modules-2\files-2.1\org.jetbrains.kotlin\kotlin-stdlib-common\1.7.20\e15351bdaf9fa06f009be5da7a202e4184f00ae3\kotlin-stdlib-common-1.7.20.jar;C:\Users\Ilham\.gradle\caches\modules-2\files-2.1\org.jetbrains\annotations\13.0\919f0dfe192fb4e063e7dacadee7f8bb9a2672a9\annotations-13.0.jar
Launcher Type: SUN_STANDARD

[Global flags]
     intx CICompilerCount                          = 3                                         {product} {ergonomic}
     uint ConcGCThreads                            = 1                                         {product} {ergonomic}
     uint G1ConcRefinementThreads                  = 4                                         {product} {ergonomic}
   size_t G1HeapRegionSize                         = 1048576                                   {product} {ergonomic}
    uintx GCDrainStackTargetSize                   = 64                                        {product} {ergonomic}
   size_t InitialHeapSize                          = 67108864                                  {product} {ergonomic}
   size_t MarkStackSize                            = 4194304                                   {product} {ergonomic}
   size_t MaxHeapSize                              = 1048576000                                {product} {ergonomic}
   size_t MinHeapDeltaBytes                        = 1048576                                   {product} {ergonomic}
    uintx NonNMethodCodeHeapSize                   = 5830732                                {pd product} {ergonomic}
    uintx NonProfiledCodeHeapSize                  = 122913754                              {pd product} {ergonomic}
    uintx ProfiledCodeHeapSize                     = 122913754                              {pd product} {ergonomic}
    uintx ReservedCodeCacheSize                    = 251658240                              {pd product} {ergonomic}
     bool SegmentedCodeCache                       = true                                      {product} {ergonomic}
     bool UseCompressedClassPointers               = true                                 {lp64_product} {ergonomic}
     bool UseCompressedOops                        = true                                 {lp64_product} {ergonomic}
     bool UseG1GC                                  = true                                      {product} {ergonomic}
     bool UseLargePagesIndividualAllocation        = false                                  {pd product} {ergonomic}

Logging:
Log output configuration:
 #0: stdout all=warning uptime,level,tags
 #1: stderr all=off uptime,level,tags

Environment Variables:
PATH=C:\Program Files (x86)\Common Files\Intel\Shared Files\cpp\bin\Intel64;C:\Windows\system32;C:\Windows;C:\Windows\System32\Wbem;C:\Windows\System32\WindowsPowerShell\v1.0\;C:\Windows\System32\OpenSSH\;C:\xampp\php;C:\ProgramData\ComposerSetup\bin;C:\Users\Ilham\AppData\Local\Programs\Python\Python39\Lib\site-packages\pip;C:\Users\Ilham\AppData\Local\Programs\Python\Python39\Scripts\;C:\Users\Ilham\AppData\Local\Programs\Python\Python39\;C:\Users\Ilham\AppData\Local\Microsoft\WindowsApps;C:\Users\Ilham\AppData\Local\Programs\Microsoft VS Code\bin;C:\ProgramData\Ilham\GitHubDesktop\bin;C:\xampp\php;C:\Users\Ilham\AppData\Roaming\Composer\vendor\bin;C:\Users\Ilham\AppData\Local\GitHubDesktop\bin
USERNAME=Ilham
OS=Windows_NT
PROCESSOR_IDENTIFIER=Intel64 Family 6 Model 61 Stepping 4, GenuineIntel



---------------  S Y S T E M  ---------------

OS: Windows 10 , 64 bit Build 19041 (10.0.19041.2251)
OS uptime: 37 days 20:07 hours

CPU:total 4 (initial active 4) (2 cores per cpu, 2 threads per core) family 6 model 61 stepping 4 microcode 0x2d, cmov, cx8, fxsr, mmx, sse, sse2, sse3, ssse3, sse4.1, sse4.2, popcnt, avx, avx2, aes, clmul, erms, 3dnowpref, lzcnt, ht, tsc, tscinvbit, bmi1, bmi2, adx, fma

Memory: 4k page, system-wide physical 3995M (88M free)
TotalPageFile size 12187M (AvailPageFile size 5M)
current process WorkingSet (physical memory assigned to process): 10M, peak: 10M
current process commit charge ("private bytes"): 51M, peak: 115M

vm_info: OpenJDK 64-Bit Server VM (11.0.13+0-b1751.21-8125866) for windows-amd64 JRE (11.0.13+0-b1751.21-8125866), built on Feb  2 2022 03:00:22 by "builder" with MS VC++ 14.0 (VS2015)

END.
