#
# There is insufficient memory for the Java Runtime Environment to continue.
# Native memory allocation (malloc) failed to allocate 1048576 bytes for AllocateHeap
# Possible reasons:
#   The system is out of physical RAM or swap space
#   The process is running with CompressedOops enabled, and the Java Heap may be blocking the growth of the native heap
# Possible solutions:
#   Reduce memory load on the system
#   Increase physical memory or swap space
#   Check if swap backing store is full
#   Decrease Java heap size (-Xmx/-Xms)
#   Decrease number of Java threads
#   Decrease Java thread stack sizes (-Xss)
#   Set larger code cache with -XX:ReservedCodeCacheSize=
#   JVM is running with Unscaled Compressed Oops mode in which the Java heap is
#     placed in the first 4GB address space. The Java Heap base address is the
#     maximum limit for the native heap growth. Please use -XX:HeapBaseMinAddress
#     to set the Java Heap base and to place the Java Heap above 4GB virtual address.
# This output file may be truncated or incomplete.
#
#  Out of Memory Error (./src/hotspot/share/memory/allocation.cpp:46), pid=268, tid=6524
#
# JRE version: OpenJDK Runtime Environment (11.0.13) (build 11.0.13+0-b1751.21-8125866)
# Java VM: OpenJDK 64-Bit Server VM (11.0.13+0-b1751.21-8125866, mixed mode, tiered, compressed oops, g1 gc, windows-amd64)
# No core dump will be written. Minidumps are not enabled by default on client versions of Windows
#

---------------  S U M M A R Y ------------

Command Line: org.jetbrains.kotlin.cli.jvm.K2JVMCompiler @C:\Users\Ilham\AndroidStudioProjects\EAttandance\app\build\20230814_6744044768098840865.compiler.options

Host: Intel(R) Core(TM) i3-5005U CPU @ 2.00GHz, 4 cores, 3G,  Windows 10 , 64 bit Build 19041 (10.0.19041.3155)
Time: Mon Aug 14 20:19:03 2023 SE Asia Standard Time elapsed time: 3.876619 seconds (0d 0h 0m 3s)

---------------  T H R E A D  ---------------

Current thread (0x00000182d1a70000):  VMThread "VM Thread" [stack: 0x0000001983200000,0x0000001983300000] [id=6524]

Stack: [0x0000001983200000,0x0000001983300000]
[error occurred during error reporting (printing stack bounds), id 0xc0000005, EXCEPTION_ACCESS_VIOLATION (0xc0000005) at pc=0x00000182bd8c112d]

Native frames: (J=compiled Java code, j=interpreted, Vv=VM code, C=native code)
V  [jvm.dll+0x6100fa]
V  [jvm.dll+0x747090]
V  [jvm.dll+0x7486ad]
V  [jvm.dll+0x748ce5]
V  [jvm.dll+0x748c9b]
V  [jvm.dll+0x60f224]
V  [jvm.dll+0x60f9b8]
C  [ntdll.dll+0xa23af]
C  [ntdll.dll+0x514b4]
C  [ntdll.dll+0xa0ebe]
C  0x00000182bd8c112d

VM_Operation (0x0000001982cfb3a0): CollectForMetadataAllocation, mode: safepoint, requested by thread 0x00000182b9d9f800


---------------  P R O C E S S  ---------------

Threads class SMR info:
_java_thread_list=0x00000182d1d6b2a0, length=10, elements={
0x00000182b9d9f800, 0x00000182d1a98000, 0x00000182d1a99000, 0x00000182d1ab1000,
0x00000182d1ab3800, 0x00000182d1ab6800, 0x00000182d1b06800, 0x00000182d1b0c800,
0x00000182d1b0d800, 0x00000182d1d89000
}

Java Threads: ( => current thread )
  0x00000182b9d9f800 JavaThread "main" [_thread_blocked, id=16148, stack(0x0000001982c00000,0x0000001982d00000)]
  0x00000182d1a98000 JavaThread "Reference Handler" daemon [_thread_blocked, id=10392, stack(0x0000001983300000,0x0000001983400000)]
  0x00000182d1a99000 JavaThread "Finalizer" daemon [_thread_blocked, id=15328, stack(0x0000001983400000,0x0000001983500000)]
  0x00000182d1ab1000 JavaThread "Signal Dispatcher" daemon [_thread_blocked, id=7268, stack(0x0000001983500000,0x0000001983600000)]
  0x00000182d1ab3800 JavaThread "Attach Listener" daemon [_thread_blocked, id=13308, stack(0x0000001983600000,0x0000001983700000)]
  0x00000182d1ab6800 JavaThread "Service Thread" daemon [_thread_blocked, id=3292, stack(0x0000001983700000,0x0000001983800000)]
  0x00000182d1b06800 JavaThread "C2 CompilerThread0" daemon [_thread_blocked, id=7308, stack(0x0000001983800000,0x0000001983900000)]
  0x00000182d1b0c800 JavaThread "C1 CompilerThread0" daemon [_thread_blocked, id=3304, stack(0x0000001983900000,0x0000001983a00000)]
  0x00000182d1b0d800 JavaThread "Sweeper thread" daemon [_thread_blocked, id=8992, stack(0x0000001983a00000,0x0000001983b00000)]
  0x00000182d1d89000 JavaThread "Common-Cleaner" daemon [_thread_blocked, id=3348, stack(0x0000001983c00000,0x0000001983d00000)]

Other Threads:
=>0x00000182d1a70000 VMThread "VM Thread" [stack: 0x0000001983200000,0x0000001983300000] [id=6524]
  0x00000182d1d70000 WatcherThread [stack: 0x0000001983b00000,0x0000001983c00000] [id=16672]
  0x00000182b9db3800 GCTaskThread "GC Thread#0" [stack: 0x0000001982d00000,0x0000001982e00000] [id=11616]
  0x00000182d2350800 GCTaskThread "GC Thread#1" [stack: 0x0000001983d00000,0x0000001983e00000] [id=15496]
  0x00000182b9dcd000 ConcurrentGCThread "G1 Main Marker" [stack: 0x0000001982e00000,0x0000001982f00000] [id=7812]
  0x00000182b9dce800 ConcurrentGCThread "G1 Conc#0" [stack: 0x0000001982f00000,0x0000001983000000] [id=14788]
  0x00000182b9e2a000 ConcurrentGCThread "G1 Refine#0" [stack: 0x0000001983000000,0x0000001983100000] [id=5388]
  0x00000182b9e2b000 ConcurrentGCThread "G1 Young RemSet Sampling" [stack: 0x0000001983100000,0x0000001983200000] [id=13476]

Threads with active compile tasks:

VM state:at safepoint (normal execution)

VM Mutex/Monitor currently owned by a thread:  ([mutex/lock_event])
[0x00000182b9d9c1e0] Threads_lock - owner thread: 0x00000182d1a70000
[0x00000182b9d9b3d0] Heap_lock - owner thread: 0x00000182b9d9f800

Heap address: 0x00000000c1800000, size: 1000 MB, Compressed Oops mode: 32-bit
Narrow klass base: 0x0000000000000000, Narrow klass shift: 3
Compressed class space size: 1073741824 Address: 0x0000000100000000

Heap:
 garbage-first heap   total 65536K, used 17118K [0x00000000c1800000, 0x0000000100000000)
  region size 1024K, 1 young (1024K), 1 survivors (1024K)
 Metaspace       used 28402K, capacity 28820K, committed 28924K, reserved 1083392K
  class space    used 3056K, capacity 3244K, committed 3328K, reserved 1048576K
Heap Regions: E=young(eden), S=young(survivor), O=old, HS=humongous(starts), HC=humongous(continues), CS=collection set, F=free, A=archive, TAMS=top-at-mark-start (previous, next)
|   0|0x00000000c1800000, 0x00000000c1900000, 0x00000000c1900000|100%|HS|  |TAMS 0x00000000c1900000, 0x00000000c1900000| Complete 
|   1|0x00000000c1900000, 0x00000000c1a00000, 0x00000000c1a00000|100%|HC|  |TAMS 0x00000000c1a00000, 0x00000000c1a00000| Complete 
|   2|0x00000000c1a00000, 0x00000000c1b00000, 0x00000000c1b00000|100%|HC|  |TAMS 0x00000000c1b00000, 0x00000000c1b00000| Complete 
|   3|0x00000000c1b00000, 0x00000000c1c00000, 0x00000000c1c00000|100%|HC|  |TAMS 0x00000000c1c00000, 0x00000000c1c00000| Complete 
|   4|0x00000000c1c00000, 0x00000000c1d00000, 0x00000000c1d00000|100%| O|  |TAMS 0x00000000c1d00000, 0x00000000c1d00000| Untracked 
|   5|0x00000000c1d00000, 0x00000000c1e00000, 0x00000000c1e00000|100%| O|  |TAMS 0x00000000c1e00000, 0x00000000c1e00000| Untracked 
|   6|0x00000000c1e00000, 0x00000000c1f00000, 0x00000000c1f00000|100%| O|  |TAMS 0x00000000c1f00000, 0x00000000c1f00000| Untracked 
|   7|0x00000000c1f00000, 0x00000000c2000000, 0x00000000c2000000|100%| O|  |TAMS 0x00000000c2000000, 0x00000000c2000000| Untracked 
|   8|0x00000000c2000000, 0x00000000c2100000, 0x00000000c2100000|100%| O|  |TAMS 0x00000000c2100000, 0x00000000c2100000| Untracked 
|   9|0x00000000c2100000, 0x00000000c2200000, 0x00000000c2200000|100%| O|  |TAMS 0x00000000c2200000, 0x00000000c2200000| Untracked 
|  10|0x00000000c2200000, 0x00000000c2300000, 0x00000000c2300000|100%| O|  |TAMS 0x00000000c221ce00, 0x00000000c2300000| Untracked 
|  11|0x00000000c2300000, 0x00000000c2400000, 0x00000000c2400000|100%|HS|  |TAMS 0x00000000c2300000, 0x00000000c2400000| Complete 
|  12|0x00000000c2400000, 0x00000000c2500000, 0x00000000c2500000|100%|HC|  |TAMS 0x00000000c2400000, 0x00000000c2500000| Complete 
|  13|0x00000000c2500000, 0x00000000c2600000, 0x00000000c2600000|100%|HC|  |TAMS 0x00000000c2500000, 0x00000000c2600000| Complete 
|  14|0x00000000c2600000, 0x00000000c2700000, 0x00000000c2700000|100%|HC|  |TAMS 0x00000000c2600000, 0x00000000c2700000| Complete 
|  15|0x00000000c2700000, 0x00000000c2800000, 0x00000000c2800000|100%| O|  |TAMS 0x00000000c2700000, 0x00000000c2800000| Untracked 
|  16|0x00000000c2800000, 0x00000000c285e400, 0x00000000c2900000| 36%| O|  |TAMS 0x00000000c2800000, 0x00000000c285e400| Untracked 
|  17|0x00000000c2900000, 0x00000000c2900000, 0x00000000c2a00000|  0%| F|  |TAMS 0x00000000c2900000, 0x00000000c2900000| Untracked 
|  18|0x00000000c2a00000, 0x00000000c2a00000, 0x00000000c2b00000|  0%| F|  |TAMS 0x00000000c2a00000, 0x00000000c2a00000| Untracked 
|  19|0x00000000c2b00000, 0x00000000c2b00000, 0x00000000c2c00000|  0%| F|  |TAMS 0x00000000c2b00000, 0x00000000c2b00000| Untracked 
|  20|0x00000000c2c00000, 0x00000000c2c00000, 0x00000000c2d00000|  0%| F|  |TAMS 0x00000000c2c00000, 0x00000000c2c00000| Untracked 
|  21|0x00000000c2d00000, 0x00000000c2d00000, 0x00000000c2e00000|  0%| F|  |TAMS 0x00000000c2d00000, 0x00000000c2d00000| Untracked 
|  22|0x00000000c2e00000, 0x00000000c2e00000, 0x00000000c2f00000|  0%| F|  |TAMS 0x00000000c2e00000, 0x00000000c2e00000| Untracked 
|  23|0x00000000c2f00000, 0x00000000c2f00000, 0x00000000c3000000|  0%| F|  |TAMS 0x00000000c2f00000, 0x00000000c2f00000| Untracked 
|  24|0x00000000c3000000, 0x00000000c3000000, 0x00000000c3100000|  0%| F|  |TAMS 0x00000000c3000000, 0x00000000c3000000| Untracked 
|  25|0x00000000c3100000, 0x00000000c3100000, 0x00000000c3200000|  0%| F|  |TAMS 0x00000000c3100000, 0x00000000c3100000| Untracked 
|  26|0x00000000c3200000, 0x00000000c3200000, 0x00000000c3300000|  0%| F|  |TAMS 0x00000000c3200000, 0x00000000c3200000| Untracked 
|  27|0x00000000c3300000, 0x00000000c3300000, 0x00000000c3400000|  0%| F|  |TAMS 0x00000000c3300000, 0x00000000c3300000| Untracked 
|  28|0x00000000c3400000, 0x00000000c3400000, 0x00000000c3500000|  0%| F|  |TAMS 0x00000000c3400000, 0x00000000c3400000| Untracked 
|  29|0x00000000c3500000, 0x00000000c3500000, 0x00000000c3600000|  0%| F|  |TAMS 0x00000000c3500000, 0x00000000c3500000| Untracked 
|  30|0x00000000c3600000, 0x00000000c3600000, 0x00000000c3700000|  0%| F|  |TAMS 0x00000000c3600000, 0x00000000c3600000| Untracked 
|  31|0x00000000c3700000, 0x00000000c3700000, 0x00000000c3800000|  0%| F|  |TAMS 0x00000000c3700000, 0x00000000c3700000| Untracked 
|  32|0x00000000c3800000, 0x00000000c3800000, 0x00000000c3900000|  0%| F|  |TAMS 0x00000000c3800000, 0x00000000c3800000| Untracked 
|  33|0x00000000c3900000, 0x00000000c3900000, 0x00000000c3a00000|  0%| F|  |TAMS 0x00000000c3900000, 0x00000000c3900000| Untracked 
|  34|0x00000000c3a00000, 0x00000000c3a00000, 0x00000000c3b00000|  0%| F|  |TAMS 0x00000000c3a00000, 0x00000000c3a00000| Untracked 
|  35|0x00000000c3b00000, 0x00000000c3b00000, 0x00000000c3c00000|  0%| F|  |TAMS 0x00000000c3b00000, 0x00000000c3b00000| Untracked 
|  36|0x00000000c3c00000, 0x00000000c3c00000, 0x00000000c3d00000|  0%| F|  |TAMS 0x00000000c3c00000, 0x00000000c3c00000| Untracked 
|  37|0x00000000c3d00000, 0x00000000c3d00000, 0x00000000c3e00000|  0%| F|  |TAMS 0x00000000c3d00000, 0x00000000c3d00000| Untracked 
|  38|0x00000000c3e00000, 0x00000000c3e00000, 0x00000000c3f00000|  0%| F|  |TAMS 0x00000000c3e00000, 0x00000000c3e00000| Untracked 
|  39|0x00000000c3f00000, 0x00000000c3f00000, 0x00000000c4000000|  0%| F|  |TAMS 0x00000000c3f00000, 0x00000000c3f00000| Untracked 
|  40|0x00000000c4000000, 0x00000000c4000000, 0x00000000c4100000|  0%| F|  |TAMS 0x00000000c4000000, 0x00000000c4000000| Untracked 
|  41|0x00000000c4100000, 0x00000000c4100000, 0x00000000c4200000|  0%| F|  |TAMS 0x00000000c4100000, 0x00000000c4100000| Untracked 
|  42|0x00000000c4200000, 0x00000000c4200000, 0x00000000c4300000|  0%| F|  |TAMS 0x00000000c4200000, 0x00000000c4200000| Untracked 
|  43|0x00000000c4300000, 0x00000000c4300000, 0x00000000c4400000|  0%| F|  |TAMS 0x00000000c4300000, 0x00000000c4300000| Untracked 
|  44|0x00000000c4400000, 0x00000000c4400000, 0x00000000c4500000|  0%| F|  |TAMS 0x00000000c4400000, 0x00000000c4400000| Untracked 
|  45|0x00000000c4500000, 0x00000000c4500000, 0x00000000c4600000|  0%| F|  |TAMS 0x00000000c4500000, 0x00000000c4500000| Untracked 
|  46|0x00000000c4600000, 0x00000000c4600000, 0x00000000c4700000|  0%| F|  |TAMS 0x00000000c4600000, 0x00000000c4600000| Untracked 
|  47|0x00000000c4700000, 0x00000000c4700000, 0x00000000c4800000|  0%| F|  |TAMS 0x00000000c4700000, 0x00000000c4700000| Untracked 
|  48|0x00000000c4800000, 0x00000000c4800000, 0x00000000c4900000|  0%| F|  |TAMS 0x00000000c4800000, 0x00000000c4800000| Untracked 
|  49|0x00000000c4900000, 0x00000000c4900000, 0x00000000c4a00000|  0%| F|  |TAMS 0x00000000c4900000, 0x00000000c4900000| Untracked 
|  50|0x00000000c4a00000, 0x00000000c4a00000, 0x00000000c4b00000|  0%| F|  |TAMS 0x00000000c4a00000, 0x00000000c4a00000| Untracked 
|  51|0x00000000c4b00000, 0x00000000c4b00000, 0x00000000c4c00000|  0%| F|  |TAMS 0x00000000c4b00000, 0x00000000c4b00000| Untracked 
|  52|0x00000000c4c00000, 0x00000000c4c00000, 0x00000000c4d00000|  0%| F|  |TAMS 0x00000000c4c00000, 0x00000000c4c00000| Untracked 
|  53|0x00000000c4d00000, 0x00000000c4d00000, 0x00000000c4e00000|  0%| F|  |TAMS 0x00000000c4d00000, 0x00000000c4d00000| Untracked 
|  54|0x00000000c4e00000, 0x00000000c4e00000, 0x00000000c4f00000|  0%| F|  |TAMS 0x00000000c4e00000, 0x00000000c4e00000| Untracked 
|  55|0x00000000c4f00000, 0x00000000c4f00000, 0x00000000c5000000|  0%| F|  |TAMS 0x00000000c4f00000, 0x00000000c4f00000| Untracked 
|  56|0x00000000c5000000, 0x00000000c5000000, 0x00000000c5100000|  0%| F|  |TAMS 0x00000000c5000000, 0x00000000c5000000| Untracked 
|  57|0x00000000c5100000, 0x00000000c5100000, 0x00000000c5200000|  0%| F|  |TAMS 0x00000000c5100000, 0x00000000c5100000| Untracked 
|  58|0x00000000c5200000, 0x00000000c5259710, 0x00000000c5300000| 34%| S|CS|TAMS 0x00000000c5200000, 0x00000000c5200000| Complete 
|  59|0x00000000c5300000, 0x00000000c5300000, 0x00000000c5400000|  0%| F|  |TAMS 0x00000000c5300000, 0x00000000c5300000| Untracked 
|  60|0x00000000c5400000, 0x00000000c5400000, 0x00000000c5500000|  0%| F|  |TAMS 0x00000000c5400000, 0x00000000c5400000| Untracked 
|  61|0x00000000c5500000, 0x00000000c5500000, 0x00000000c5600000|  0%| F|  |TAMS 0x00000000c5500000, 0x00000000c5500000| Untracked 
|  62|0x00000000c5600000, 0x00000000c5600000, 0x00000000c5700000|  0%| F|  |TAMS 0x00000000c5600000, 0x00000000c5600000| Untracked 
|  63|0x00000000c5700000, 0x00000000c5700000, 0x00000000c5800000|  0%| F|  |TAMS 0x00000000c5700000, 0x00000000c5700000| Untracked 

Card table byte_map: [0x00000182ccac0000,0x00000182cccc0000] _byte_map_base: 0x00000182cc4b4000

Marking Bits (Prev, Next): (CMBitMap*) 0x00000182b9dc85a0, (CMBitMap*) 0x00000182b9dc8568
 Prev Bits: [0x00000182cde60000, 0x00000182cee00000)
 Next Bits: [0x00000182ccec0000, 0x00000182cde60000)

Polling page: 0x00000182b9580000

Metaspace:

Usage:
  Non-class:     24.98 MB capacity,    24.75 MB (>99%) used,   186.47 KB ( <1%) free+waste,    43.94 KB ( <1%) overhead. 
      Class:      3.17 MB capacity,     2.99 MB ( 94%) used,   166.19 KB (  5%) free+waste,    20.88 KB ( <1%) overhead. 
       Both:     28.14 MB capacity,    27.74 MB ( 99%) used,   352.66 KB (  1%) free+waste,    64.81 KB ( <1%) overhead. 

Virtual space:
  Non-class space:       34.00 MB reserved,      25.00 MB ( 74%) committed 
      Class space:        1.00 GB reserved,       3.25 MB ( <1%) committed 
             Both:        1.03 GB reserved,      28.25 MB (  3%) committed 

Chunk freelists:
   Non-Class:  20.00 KB
       Class:  20.00 KB
        Both:  40.00 KB

MaxMetaspaceSize: 17179869184.00 GB
CompressedClassSpaceSize: 1.00 GB
Initial GC threshold: 20.80 MB
Current GC threshold: 35.53 MB
CDS: off

CodeHeap 'non-profiled nmethods': size=120064Kb used=713Kb max_used=713Kb free=119351Kb
 bounds [0x00000182c5380000, 0x00000182c55f0000, 0x00000182cc8c0000]
CodeHeap 'profiled nmethods': size=120000Kb used=4245Kb max_used=4245Kb free=115754Kb
 bounds [0x00000182bde50000, 0x00000182be280000, 0x00000182c5380000]
CodeHeap 'non-nmethods': size=5696Kb used=1232Kb max_used=1246Kb free=4463Kb
 bounds [0x00000182bd8c0000, 0x00000182bdb30000, 0x00000182bde50000]
 total_blobs=2622 nmethods=2111 adapters=423
 compilation: enabled
              stopped_count=0, restarted_count=0
 full_count=0

Compilation events (20 events):
Event: 3.749 Thread 0x00000182d1b0c800 nmethod 2102 0x00000182be270010 code [0x00000182be2701c0, 0x00000182be2703f8]
Event: 3.749 Thread 0x00000182d1b0c800 2104       3       jdk.internal.misc.Unsafe::weakCompareAndSetInt (11 bytes)
Event: 3.749 Thread 0x00000182d1b0c800 nmethod 2104 0x00000182be270510 code [0x00000182be2706c0, 0x00000182be2707d8]
Event: 3.761 Thread 0x00000182d1b0c800 2105       3       java.lang.String::startsWith (138 bytes)
Event: 3.762 Thread 0x00000182d1b0c800 nmethod 2105 0x00000182be270890 code [0x00000182be270ac0, 0x00000182be271478]
Event: 3.764 Thread 0x00000182d1b06800 nmethod 2093 0x00000182c5430090 code [0x00000182c54302a0, 0x00000182c54311d0]
Event: 3.765 Thread 0x00000182d1b06800 2101       4       java.security.CodeSource::getCertificates (98 bytes)
Event: 3.765 Thread 0x00000182d1b06800 nmethod 2101 0x00000182c5431990 code [0x00000182c5431b20, 0x00000182c5431bb8]
Event: 3.778 Thread 0x00000182d1b0c800 2107       3       java.lang.invoke.TypeConvertingMethodAdapter::descriptorToName (36 bytes)
Event: 3.779 Thread 0x00000182d1b0c800 nmethod 2107 0x00000182be271790 code [0x00000182be271a20, 0x00000182be2725a8]
Event: 3.810 Thread 0x00000182d1b0c800 2108       3       java.lang.invoke.MethodHandles$Lookup::checkSecurityManager (104 bytes)
Event: 3.812 Thread 0x00000182d1b0c800 nmethod 2108 0x00000182be272a10 code [0x00000182be272d00, 0x00000182be273bc8]
Event: 3.817 Thread 0x00000182d1b06800 2109       4       java.lang.invoke.MemberName::getReferenceKind (12 bytes)
Event: 3.818 Thread 0x00000182d1b06800 nmethod 2109 0x00000182c5432110 code [0x00000182c54322a0, 0x00000182c5432318]
Event: 3.849 Thread 0x00000182d1b0c800 2110       3       java.lang.Package::<init> (47 bytes)
Event: 3.850 Thread 0x00000182d1b0c800 nmethod 2110 0x00000182be274090 code [0x00000182be274280, 0x00000182be2746c8]
Event: 3.850 Thread 0x00000182d1b0c800 2111       3       java.lang.Package$VersionInfo::getInstance (53 bytes)
Event: 3.850 Thread 0x00000182d1b0c800 nmethod 2111 0x00000182be274910 code [0x00000182be274ae0, 0x00000182be274e88]
Event: 3.850 Thread 0x00000182d1b0c800 2112       3       java.lang.Package$VersionInfo::<init> (44 bytes)
Event: 3.850 Thread 0x00000182d1b0c800 nmethod 2112 0x00000182be274f90 code [0x00000182be275160, 0x00000182be275558]

GC Heap History (12 events):
Event: 0.848 GC heap before
{Heap before GC invocations=0 (full 0):
 garbage-first heap   total 65536K, used 18432K [0x00000000c1800000, 0x0000000100000000)
  region size 1024K, 14 young (14336K), 0 survivors (0K)
 Metaspace       used 9734K, capacity 9842K, committed 10112K, reserved 1058816K
  class space    used 813K, capacity 853K, committed 896K, reserved 1048576K
}
Event: 0.855 GC heap after
{Heap after GC invocations=1 (full 0):
 garbage-first heap   total 65536K, used 6494K [0x00000000c1800000, 0x0000000100000000)
  region size 1024K, 2 young (2048K), 2 survivors (2048K)
 Metaspace       used 9734K, capacity 9842K, committed 10112K, reserved 1058816K
  class space    used 813K, capacity 853K, committed 896K, reserved 1048576K
}
Event: 2.254 GC heap before
{Heap before GC invocations=1 (full 0):
 garbage-first heap   total 65536K, used 43358K [0x00000000c1800000, 0x0000000100000000)
  region size 1024K, 38 young (38912K), 2 survivors (2048K)
 Metaspace       used 17586K, capacity 17829K, committed 18048K, reserved 1064960K
  class space    used 1728K, capacity 1799K, committed 1920K, reserved 1048576K
}
Event: 2.270 GC heap after
{Heap after GC invocations=2 (full 0):
 garbage-first heap   total 65536K, used 10318K [0x00000000c1800000, 0x0000000100000000)
  region size 1024K, 5 young (5120K), 5 survivors (5120K)
 Metaspace       used 17586K, capacity 17829K, committed 18048K, reserved 1064960K
  class space    used 1728K, capacity 1799K, committed 1920K, reserved 1048576K
}
Event: 2.608 GC heap before
{Heap before GC invocations=2 (full 0):
 garbage-first heap   total 65536K, used 18510K [0x00000000c1800000, 0x0000000100000000)
  region size 1024K, 13 young (13312K), 5 survivors (5120K)
 Metaspace       used 19978K, capacity 20249K, committed 20480K, reserved 1067008K
  class space    used 2106K, capacity 2198K, committed 2304K, reserved 1048576K
}
Event: 2.622 GC heap after
{Heap after GC invocations=3 (full 0):
 garbage-first heap   total 65536K, used 11379K [0x00000000c1800000, 0x0000000100000000)
  region size 1024K, 1 young (1024K), 1 survivors (1024K)
 Metaspace       used 19978K, capacity 20249K, committed 20480K, reserved 1067008K
  class space    used 2106K, capacity 2198K, committed 2304K, reserved 1048576K
}
Event: 2.755 GC heap before
{Heap before GC invocations=3 (full 0):
 garbage-first heap   total 65536K, used 13427K [0x00000000c1800000, 0x0000000100000000)
  region size 1024K, 4 young (4096K), 1 survivors (1024K)
 Metaspace       used 20790K, capacity 21042K, committed 21248K, reserved 1069056K
  class space    used 2201K, capacity 2274K, committed 2304K, reserved 1048576K
}
Event: 2.757 GC heap after
{Heap after GC invocations=4 (full 0):
 garbage-first heap   total 65536K, used 11067K [0x00000000c1800000, 0x0000000100000000)
  region size 1024K, 1 young (1024K), 1 survivors (1024K)
 Metaspace       used 20790K, capacity 21042K, committed 21248K, reserved 1069056K
  class space    used 2201K, capacity 2274K, committed 2304K, reserved 1048576K
}
Event: 3.712 GC heap before
{Heap before GC invocations=5 (full 0):
 garbage-first heap   total 65536K, used 36667K [0x00000000c1800000, 0x0000000100000000)
  region size 1024K, 23 young (23552K), 1 survivors (1024K)
 Metaspace       used 27409K, capacity 27842K, committed 27900K, reserved 1075200K
  class space    used 2916K, capacity 3061K, committed 3072K, reserved 1048576K
}
Event: 3.717 GC heap after
{Heap after GC invocations=6 (full 0):
 garbage-first heap   total 65536K, used 16789K [0x00000000c1800000, 0x0000000100000000)
  region size 1024K, 3 young (3072K), 3 survivors (3072K)
 Metaspace       used 27409K, capacity 27842K, committed 27900K, reserved 1075200K
  class space    used 2916K, capacity 3061K, committed 3072K, reserved 1048576K
}
Event: 3.863 GC heap before
{Heap before GC invocations=6 (full 0):
 garbage-first heap   total 65536K, used 19861K [0x00000000c1800000, 0x0000000100000000)
  region size 1024K, 8 young (8192K), 3 survivors (3072K)
 Metaspace       used 28402K, capacity 28820K, committed 28924K, reserved 1081344K
  class space    used 3056K, capacity 3244K, committed 3328K, reserved 1048576K
}
Event: 3.872 GC heap after
{Heap after GC invocations=7 (full 0):
 garbage-first heap   total 65536K, used 17118K [0x00000000c1800000, 0x0000000100000000)
  region size 1024K, 1 young (1024K), 1 survivors (1024K)
 Metaspace       used 28402K, capacity 28820K, committed 28924K, reserved 1081344K
  class space    used 3056K, capacity 3244K, committed 3328K, reserved 1048576K
}

Deoptimization events (20 events):
Event: 3.447 Thread 0x00000182b9d9f800 Uncommon trap: trap_request=0xffffffde fr.pc=0x00000182c53d6e04 relative=0x0000000000000064
Event: 3.447 Thread 0x00000182b9d9f800 Uncommon trap: reason=class_check action=maybe_recompile pc=0x00000182c53d6e04 method=java.util.Collections$UnmodifiableCollection.size()I @ 4 c2
Event: 3.447 Thread 0x00000182b9d9f800 DEOPT PACKING pc=0x00000182c53d6e04 sp=0x0000001982cfc240
Event: 3.447 Thread 0x00000182b9d9f800 DEOPT UNPACKING pc=0x00000182bd90a1af sp=0x0000001982cfc1d0 mode 2
Event: 3.447 Thread 0x00000182b9d9f800 Uncommon trap: trap_request=0xffffffde fr.pc=0x00000182c53d6e04 relative=0x0000000000000064
Event: 3.447 Thread 0x00000182b9d9f800 Uncommon trap: reason=class_check action=maybe_recompile pc=0x00000182c53d6e04 method=java.util.Collections$UnmodifiableCollection.size()I @ 4 c2
Event: 3.447 Thread 0x00000182b9d9f800 DEOPT PACKING pc=0x00000182c53d6e04 sp=0x0000001982cfc240
Event: 3.447 Thread 0x00000182b9d9f800 DEOPT UNPACKING pc=0x00000182bd90a1af sp=0x0000001982cfc1d0 mode 2
Event: 3.460 Thread 0x00000182b9d9f800 Uncommon trap: trap_request=0xffffff4d fr.pc=0x00000182c542b13c relative=0x000000000000049c
Event: 3.460 Thread 0x00000182b9d9f800 Uncommon trap: reason=unstable_if action=reinterpret pc=0x00000182c542b13c method=jdk.internal.org.objectweb.asm.Type.getArgumentsAndReturnSizes(Ljava/lang/String;)I @ 130 c2
Event: 3.460 Thread 0x00000182b9d9f800 DEOPT PACKING pc=0x00000182c542b13c sp=0x0000001982cfc170
Event: 3.460 Thread 0x00000182b9d9f800 DEOPT UNPACKING pc=0x00000182bd90a1af sp=0x0000001982cfc110 mode 2
Event: 3.560 Thread 0x00000182b9d9f800 Uncommon trap: trap_request=0xffffff4d fr.pc=0x00000182c5401de8 relative=0x00000000000005a8
Event: 3.560 Thread 0x00000182b9d9f800 Uncommon trap: reason=unstable_if action=reinterpret pc=0x00000182c5401de8 method=java.lang.Integer.getChars(II[B)I @ 25 c2
Event: 3.560 Thread 0x00000182b9d9f800 DEOPT PACKING pc=0x00000182c5401de8 sp=0x0000001982cfe700
Event: 3.560 Thread 0x00000182b9d9f800 DEOPT UNPACKING pc=0x00000182bd90a1af sp=0x0000001982cfe5f0 mode 2
Event: 3.758 Thread 0x00000182b9d9f800 Uncommon trap: trap_request=0xffffff4d fr.pc=0x00000182c54054a8 relative=0x0000000000000188
Event: 3.758 Thread 0x00000182b9d9f800 Uncommon trap: reason=unstable_if action=reinterpret pc=0x00000182c54054a8 method=java.lang.String.startsWith(Ljava/lang/String;I)Z @ 1 c2
Event: 3.758 Thread 0x00000182b9d9f800 DEOPT PACKING pc=0x00000182c54054a8 sp=0x0000001982cfdfd0
Event: 3.758 Thread 0x00000182b9d9f800 DEOPT UNPACKING pc=0x00000182bd90a1af sp=0x0000001982cfdf40 mode 2

Classes redefined (0 events):
No events

Internal exceptions (20 events):
Event: 2.131 Thread 0x00000182b9d9f800 Exception <a 'java/lang/NoSuchMethodError'{0x00000000c332fe18}: 'java.lang.Object java.lang.invoke.DirectMethodHandle$Holder.invokeSpecial(java.lang.Object, java.lang.Object, java.lang.Object, java.lang.Object, long)'> (0x00000000c332fe18) thrown at [./src/hotspot/share/interpreter/linkResolver.cpp, line 773]
Event: 2.131 Thread 0x00000182b9d9f800 Exception <a 'java/lang/NoSuchMethodError'{0x00000000c3333370}: 'java.lang.Object java.lang.invoke.DelegatingMethodHandle$Holder.reinvoke_L(java.lang.Object, java.lang.Object, java.lang.Object, long)'> (0x00000000c3333370) thrown at [./src/hotspot/share/interpreter/linkResolver.cpp, line 773]
Event: 2.135 Thread 0x00000182b9d9f800 Exception <a 'java/lang/NoSuchMethodError'{0x00000000c334d838}: 'long java.lang.invoke.Invokers$Holder.invoke_MT(java.lang.Object, java.lang.Object, java.lang.Object, java.lang.Object)'> (0x00000000c334d838) thrown at [./src/hotspot/share/interpreter/linkResolver.cpp, line 773]
Event: 2.137 Thread 0x00000182b9d9f800 Exception <a 'java/lang/NoSuchMethodError'{0x00000000c3350eb8}: 'long java.lang.invoke.DelegatingMethodHandle$Holder.reinvoke_L(java.lang.Object, java.lang.Object, java.lang.Object)'> (0x00000000c3350eb8) thrown at [./src/hotspot/share/interpreter/linkResolver.cpp, line 773]
Event: 2.139 Thread 0x00000182b9d9f800 Exception <a 'java/lang/NoSuchMethodError'{0x00000000c335ab78}: 'int java.lang.invoke.DirectMethodHandle$Holder.invokeSpecial(java.lang.Object, java.lang.Object, java.lang.Object, java.lang.Object)'> (0x00000000c335ab78) thrown at [./src/hotspot/share/interpreter/linkResolver.cpp, line 773]
Event: 2.142 Thread 0x00000182b9d9f800 Exception <a 'java/lang/NoSuchMethodError'{0x00000000c3369958}: 'int java.lang.invoke.DelegatingMethodHandle$Holder.reinvoke_L(java.lang.Object, java.lang.Object, java.lang.Object, long, int)'> (0x00000000c3369958) thrown at [./src/hotspot/share/interpreter/linkResolver.cpp, line 773]
Event: 2.596 Thread 0x00000182b9d9f800 Exception <a 'java/lang/NoSuchMethodError'{0x00000000c50ccc98}: 'int java.lang.invoke.DirectMethodHandle$Holder.invokeSpecialIFC(java.lang.Object, java.lang.Object, int)'> (0x00000000c50ccc98) thrown at [./src/hotspot/share/interpreter/linkResolver.cpp, line 773]
Event: 2.745 Thread 0x00000182b9d9f800 Exception <a 'java/lang/NoSuchMethodError'{0x00000000c5591748}: 'java.lang.Object java.lang.invoke.DirectMethodHandle$Holder.invokeStaticInit(java.lang.Object, int)'> (0x00000000c5591748) thrown at [./src/hotspot/share/interpreter/linkResolver.cpp, line 773]
Event: 2.815 Thread 0x00000182b9d9f800 Exception <a 'java/lang/NoSuchMethodError'{0x00000000c568c068}: 'long java.lang.invoke.DirectMethodHandle$Holder.invokeStatic(java.lang.Object)'> (0x00000000c568c068) thrown at [./src/hotspot/share/interpreter/linkResolver.cpp, line 773]
Event: 2.816 Thread 0x00000182b9d9f800 Exception <a 'java/lang/NoSuchMethodError'{0x00000000c568eec0}: 'long java.lang.invoke.DirectMethodHandle$Holder.invokeStaticInit(java.lang.Object)'> (0x00000000c568eec0) thrown at [./src/hotspot/share/interpreter/linkResolver.cpp, line 773]
Event: 2.963 Thread 0x00000182b9d9f800 Exception <a 'java/lang/NoSuchMethodError'{0x00000000c51d1ca8}: 'int java.lang.invoke.DirectMethodHandle$Holder.invokeStaticInit(java.lang.Object, java.lang.Object, java.lang.Object)'> (0x00000000c51d1ca8) thrown at [./src/hotspot/share/interpreter/linkResolver.cpp, line 773]
Event: 2.971 Thread 0x00000182b9d9f800 Exception <a 'java/lang/NoSuchMethodError'{0x00000000c51fd5c0}: 'int java.lang.invoke.DirectMethodHandle$Holder.invokeStaticInit(java.lang.Object, java.lang.Object)'> (0x00000000c51fd5c0) thrown at [./src/hotspot/share/interpreter/linkResolver.cpp, line 773]
Event: 3.084 Thread 0x00000182b9d9f800 Exception <a 'java/lang/NoSuchMethodError'{0x00000000c4e127b8}: 'void java.lang.invoke.DirectMethodHandle$Holder.invokeSpecial(java.lang.Object, java.lang.Object)'> (0x00000000c4e127b8) thrown at [./src/hotspot/share/interpreter/linkResolver.cpp, line 773]
Event: 3.438 Thread 0x00000182b9d9f800 Exception <a 'java/lang/NoSuchMethodError'{0x00000000c46bd180}: 'java.lang.Object java.lang.invoke.DirectMethodHandle$Holder.invokeStatic(java.lang.Object, java.lang.Object, java.lang.Object, java.lang.Object, java.lang.Object, java.lang.Object, java.lang.Object, java.lang.Object, java.lang.Object, java.lang.Object, java.lang.Object, java.lang.Object, java.lang.Object, java.lang.Object, java.lang.Object)'> (0x00000000c46bd180) thrown at [./src/hotspot/share/interpreter/linkResolver.cpp, line 773]
Event: 3.441 Thread 0x00000182b9d9f800 Exception <a 'java/lang/NoSuchMethodError'{0x00000000c46cb188}: 'java.lang.Object java.lang.invoke.DirectMethodHandle$Holder.invokeStatic(java.lang.Object, java.lang.Object, java.lang.Object, java.lang.Object, java.lang.Object, java.lang.Object, java.lang.Object, java.lang.Object, java.lang.Object, java.lang.Object, java.lang.Object, java.lang.Object, java.lang.Object, java.lang.Object, java.lang.Object, java.lang.Object)'> (0x00000000c46cb188) thrown at [./src/hotspot/share/interpreter/linkResolver.cpp, l
Event: 3.443 Thread 0x00000182b9d9f800 Exception <a 'java/lang/NoSuchMethodError'{0x00000000c46d90a0}: 'java.lang.Object java.lang.invoke.DirectMethodHandle$Holder.invokeSpecial(java.lang.Object, java.lang.Object, int, int, java.lang.Object, java.lang.Object, java.lang.Object)'> (0x00000000c46d90a0) thrown at [./src/hotspot/share/interpreter/linkResolver.cpp, line 773]
Event: 3.444 Thread 0x00000182b9d9f800 Exception <a 'java/lang/NoSuchMethodError'{0x00000000c46dc8d8}: 'java.lang.Object java.lang.invoke.DelegatingMethodHandle$Holder.reinvoke_L(java.lang.Object, int, int, java.lang.Object, java.lang.Object, java.lang.Object)'> (0x00000000c46dc8d8) thrown at [./src/hotspot/share/interpreter/linkResolver.cpp, line 773]
Event: 3.444 Thread 0x00000182b9d9f800 Exception <a 'java/lang/NoSuchMethodError'{0x00000000c46e0ea0}: 'java.lang.Object java.lang.invoke.DirectMethodHandle$Holder.invokeStatic(java.lang.Object, java.lang.Object, java.lang.Object, java.lang.Object, int)'> (0x00000000c46e0ea0) thrown at [./src/hotspot/share/interpreter/linkResolver.cpp, line 773]
Event: 3.569 Thread 0x00000182b9d9f800 Exception <a 'java/lang/NoSuchMethodError'{0x00000000c44067c8}: 'void java.lang.invoke.DirectMethodHandle$Holder.invokeStatic(java.lang.Object, java.lang.Object, java.lang.Object, java.lang.Object)'> (0x00000000c44067c8) thrown at [./src/hotspot/share/interpreter/linkResolver.cpp, line 773]
Event: 3.708 Thread 0x00000182b9d9f800 Exception <a 'java/lang/NoSuchMethodError'{0x00000000c41ed8b0}: 'void java.lang.invoke.DirectMethodHandle$Holder.invokeStaticInit(java.lang.Object, java.lang.Object)'> (0x00000000c41ed8b0) thrown at [./src/hotspot/share/interpreter/linkResolver.cpp, line 773]

Events (20 events):
Event: 3.852 loading class org/jetbrains/kotlin/types/DefaultTypeAttributeTranslator done
Event: 3.853 loading class org/jetbrains/kotlin/android/parcel/ParcelableCodegenExtension
Event: 3.853 loading class org/jetbrains/kotlin/android/parcel/ParcelableCodegenExtension done
Event: 3.855 loading class org/jetbrains/kotlin/android/parcel/serializers/ParcelableExtensionBase
Event: 3.855 loading class org/jetbrains/kotlin/android/parcel/serializers/ParcelableExtensionBase done
Event: 3.856 loading class org/jetbrains/kotlin/android/parcel/ParcelableIrGeneratorExtension
Event: 3.856 loading class org/jetbrains/kotlin/android/parcel/ParcelableIrGeneratorExtension done
Event: 3.857 loading class org/jetbrains/kotlin/android/parcel/ParcelableResolveExtension
Event: 3.857 loading class org/jetbrains/kotlin/android/parcel/ParcelableResolveExtension done
Event: 3.859 loading class org/jetbrains/kotlin/android/parcel/ParcelableResolveExtension$Companion
Event: 3.859 loading class org/jetbrains/kotlin/android/parcel/ParcelableResolveExtension$Companion done
Event: 3.859 loading class org/jetbrains/kotlin/android/parcel/ParcelableSyntheticComponent$ComponentKind
Event: 3.859 loading class org/jetbrains/kotlin/android/parcel/ParcelableSyntheticComponent$ComponentKind done
Event: 3.860 loading class org/jetbrains/kotlin/android/synthetic/codegen/ParcelableClinitClassBuilderInterceptorExtension
Event: 3.860 loading class org/jetbrains/kotlin/android/synthetic/codegen/ParcelableClinitClassBuilderInterceptorExtension done
Event: 3.861 loading class org/jetbrains/kotlin/android/synthetic/ParcelizeDeclarationCheckerComponentContainerContributor
Event: 3.861 loading class org/jetbrains/kotlin/android/synthetic/ParcelizeDeclarationCheckerComponentContainerContributor done
Event: 3.862 loading class org/jetbrains/kotlin/android/synthetic/res/AndroidVariant
Event: 3.862 loading class org/jetbrains/kotlin/android/synthetic/res/AndroidVariant done
Event: 3.863 Executing VM operation: CollectForMetadataAllocation


Dynamic libraries:
0x00007ff6a1f60000 - 0x00007ff6a1f6a000 	C:\Program Files\Android\Android Studio\jre\bin\java.exe
0x00007ffb1f110000 - 0x00007ffb1f308000 	C:\Windows\SYSTEM32\ntdll.dll
0x00007ffb1d170000 - 0x00007ffb1d22f000 	C:\Windows\System32\KERNEL32.DLL
0x00007ffb1ce40000 - 0x00007ffb1d136000 	C:\Windows\System32\KERNELBASE.dll
0x00007ffb1c7f0000 - 0x00007ffb1c8f0000 	C:\Windows\System32\ucrtbase.dll
0x00007ffb06bd0000 - 0x00007ffb06be7000 	C:\Program Files\Android\Android Studio\jre\bin\VCRUNTIME140.dll
0x00007ffafdc00000 - 0x00007ffafdc19000 	C:\Program Files\Android\Android Studio\jre\bin\jli.dll
0x00007ffb1d5b0000 - 0x00007ffb1d74d000 	C:\Windows\System32\USER32.dll
0x00007ffb1d140000 - 0x00007ffb1d162000 	C:\Windows\System32\win32u.dll
0x00007ffb0bec0000 - 0x00007ffb0c15a000 	C:\Windows\WinSxS\amd64_microsoft.windows.common-controls_6595b64144ccf1df_6.0.19041.1110_none_60b5254171f9507e\COMCTL32.dll
0x00007ffb1df30000 - 0x00007ffb1df5c000 	C:\Windows\System32\GDI32.dll
0x00007ffb1ef80000 - 0x00007ffb1f01e000 	C:\Windows\System32\msvcrt.dll
0x00007ffb1c960000 - 0x00007ffb1ca75000 	C:\Windows\System32\gdi32full.dll
0x00007ffb1cd50000 - 0x00007ffb1cded000 	C:\Windows\System32\msvcp_win.dll
0x00007ffb1d8e0000 - 0x00007ffb1d910000 	C:\Windows\System32\IMM32.DLL
0x00007ffaf9940000 - 0x00007ffaf99dd000 	C:\Program Files\Android\Android Studio\jre\bin\msvcp140.dll
0x00007ffad14e0000 - 0x00007ffad1fe2000 	C:\Program Files\Android\Android Studio\jre\bin\server\jvm.dll
0x00007ffb1df60000 - 0x00007ffb1e00f000 	C:\Windows\System32\ADVAPI32.dll
0x00007ffb1d230000 - 0x00007ffb1d2cc000 	C:\Windows\System32\sechost.dll
0x00007ffb1e9e0000 - 0x00007ffb1eb06000 	C:\Windows\System32\RPCRT4.dll
0x00007ffb1de80000 - 0x00007ffb1de88000 	C:\Windows\System32\PSAPI.DLL
0x00007ffb10810000 - 0x00007ffb10819000 	C:\Windows\SYSTEM32\WSOCK32.dll
0x00007ffb1deb0000 - 0x00007ffb1df1b000 	C:\Windows\System32\WS2_32.dll
0x00007ffb0e650000 - 0x00007ffb0e677000 	C:\Windows\SYSTEM32\WINMM.dll
0x00007ffb0e830000 - 0x00007ffb0e83a000 	C:\Windows\SYSTEM32\VERSION.dll
0x00007ffb1a6a0000 - 0x00007ffb1a6b2000 	C:\Windows\SYSTEM32\kernel.appcore.dll
0x00007ffaf59a0000 - 0x00007ffaf59b1000 	C:\Program Files\Android\Android Studio\jre\bin\verify.dll
0x00007ffb07920000 - 0x00007ffb07b04000 	C:\Windows\SYSTEM32\DBGHELP.DLL
0x00007ffb078e0000 - 0x00007ffb07914000 	C:\Windows\SYSTEM32\dbgcore.DLL
0x00007ffb1cc10000 - 0x00007ffb1cc92000 	C:\Windows\System32\bcryptPrimitives.dll
0x00007ffaf2e80000 - 0x00007ffaf2ea9000 	C:\Program Files\Android\Android Studio\jre\bin\java.dll
0x00007ffb028d0000 - 0x00007ffb028db000 	C:\Program Files\Android\Android Studio\jre\bin\jimage.dll
0x00007ffaf4090000 - 0x00007ffaf40a8000 	C:\Program Files\Android\Android Studio\jre\bin\zip.dll
0x00007ffb1e010000 - 0x00007ffb1e754000 	C:\Windows\System32\SHELL32.dll
0x00007ffb1a8a0000 - 0x00007ffb1b034000 	C:\Windows\SYSTEM32\windows.storage.dll
0x00007ffb1d970000 - 0x00007ffb1dcc4000 	C:\Windows\System32\combase.dll
0x00007ffb1c230000 - 0x00007ffb1c25e000 	C:\Windows\SYSTEM32\Wldp.dll
0x00007ffb1f020000 - 0x00007ffb1f0cd000 	C:\Windows\System32\SHCORE.dll
0x00007ffb1d2d0000 - 0x00007ffb1d325000 	C:\Windows\System32\shlwapi.dll
0x00007ffb1c720000 - 0x00007ffb1c745000 	C:\Windows\SYSTEM32\profapi.dll
0x00007ffaf38e0000 - 0x00007ffaf38fa000 	C:\Program Files\Android\Android Studio\jre\bin\net.dll
0x00007ffb10dc0000 - 0x00007ffb10eca000 	C:\Windows\SYSTEM32\WINHTTP.dll
0x00007ffb1bf90000 - 0x00007ffb1bffa000 	C:\Windows\system32\mswsock.dll
0x00007ffaf37e0000 - 0x00007ffaf37f4000 	C:\Program Files\Android\Android Studio\jre\bin\nio.dll

dbghelp: loaded successfully - version: 4.0.5 - missing functions: none
symbol engine: initialized successfully - sym options: 0x614 - pdb path: .;C:\Program Files\Android\Android Studio\jre\bin;C:\Windows\SYSTEM32;C:\Windows\WinSxS\amd64_microsoft.windows.common-controls_6595b64144ccf1df_6.0.19041.1110_none_60b5254171f9507e;C:\Program Files\Android\Android Studio\jre\bin\server

VM Arguments:
java_command: org.jetbrains.kotlin.cli.jvm.K2JVMCompiler @C:\Users\Ilham\AndroidStudioProjects\EAttandance\app\build\20230814_6744044768098840865.compiler.options
java_class_path (initial): C:\Users\Ilham\.gradle\caches\modules-2\files-2.1\org.jetbrains.kotlin\kotlin-compiler-embeddable\1.7.20\8db18559a581dd2c36ddfd5046af145650f5b126\kotlin-compiler-embeddable-1.7.20.jar;C:\Users\Ilham\.gradle\caches\modules-2\files-2.1\org.jetbrains.kotlin\kotlin-reflect\1.7.20\12b2501e33bb6373e8e347c86d85481863629381\kotlin-reflect-1.7.20.jar;C:\Users\Ilham\.gradle\caches\modules-2\files-2.1\org.jetbrains.kotlin\kotlin-stdlib\1.7.20\726594ea9ba2beb2ee113647fefa9a10f9fabe52\kotlin-stdlib-1.7.20.jar;C:\Users\Ilham\.gradle\caches\modules-2\files-2.1\org.jetbrains.kotlin\kotlin-script-runtime\1.7.20\bcd1cc6f865e632550357fcc59f5ffd532615a8\kotlin-script-runtime-1.7.20.jar;C:\Users\Ilham\.gradle\caches\modules-2\files-2.1\org.jetbrains.kotlin\kotlin-daemon-embeddable\1.7.20\1e24355adad8d529d75d5b19eab55484057431ba\kotlin-daemon-embeddable-1.7.20.jar;C:\Users\Ilham\.gradle\caches\modules-2\files-2.1\org.jetbrains.intellij.deps\trove4j\1.0.20200330\3afb14d5f9ceb459d724e907a21145e8ff394f02\trove4j-1.0.20200330.jar;C:\Users\Ilham\.gradle\caches\modules-2\files-2.1\net.java.dev.jna\jna\5.6.0\330f2244e9030119ab3030fc3fededc86713d9cc\jna-5.6.0.jar;C:\Users\Ilham\.gradle\caches\modules-2\files-2.1\org.jetbrains.kotlin\kotlin-stdlib-common\1.7.20\e15351bdaf9fa06f009be5da7a202e4184f00ae3\kotlin-stdlib-common-1.7.20.jar;C:\Users\Ilham\.gradle\caches\modules-2\files-2.1\org.jetbrains\annotations\13.0\919f0dfe192fb4e063e7dacadee7f8bb9a2672a9\annotations-13.0.jar
Launcher Type: SUN_STANDARD

[Global flags]
     intx CICompilerCount                          = 3                                         {product} {ergonomic}
     uint ConcGCThreads                            = 1                                         {product} {ergonomic}
     uint G1ConcRefinementThreads                  = 4                                         {product} {ergonomic}
   size_t G1HeapRegionSize                         = 1048576                                   {product} {ergonomic}
    uintx GCDrainStackTargetSize                   = 64                                        {product} {ergonomic}
   size_t InitialHeapSize                          = 67108864                                  {product} {ergonomic}
   size_t MarkStackSize                            = 4194304                                   {product} {ergonomic}
   size_t MaxHeapSize                              = 1048576000                                {product} {ergonomic}
   size_t MaxNewSize                               = 629145600                                 {product} {ergonomic}
   size_t MinHeapDeltaBytes                        = 1048576                                   {product} {ergonomic}
    uintx NonNMethodCodeHeapSize                   = 5830732                                {pd product} {ergonomic}
    uintx NonProfiledCodeHeapSize                  = 122913754                              {pd product} {ergonomic}
    uintx ProfiledCodeHeapSize                     = 122913754                              {pd product} {ergonomic}
    uintx ReservedCodeCacheSize                    = 251658240                              {pd product} {ergonomic}
     bool SegmentedCodeCache                       = true                                      {product} {ergonomic}
     bool UseCompressedClassPointers               = true                                 {lp64_product} {ergonomic}
     bool UseCompressedOops                        = true                                 {lp64_product} {ergonomic}
     bool UseG1GC                                  = true                                      {product} {ergonomic}
     bool UseLargePagesIndividualAllocation        = false                                  {pd product} {ergonomic}

Logging:
Log output configuration:
 #0: stdout all=warning uptime,level,tags
 #1: stderr all=off uptime,level,tags

Environment Variables:
PATH=C:\Program Files (x86)\Common Files\Intel\Shared Files\cpp\bin\Intel64;C:\Windows\system32;C:\Windows;C:\Windows\System32\Wbem;C:\Windows\System32\WindowsPowerShell\v1.0\;C:\Windows\System32\OpenSSH\;C:\xampp\php;C:\ProgramData\ComposerSetup\bin;C:\Users\Ilham\AppData\Local\Programs\Python\Python39\Lib\site-packages\pip;C:\Users\Ilham\AppData\Local\Programs\Python\Python39\Scripts\;C:\Users\Ilham\AppData\Local\Programs\Python\Python39\;C:\Users\Ilham\AppData\Local\Microsoft\WindowsApps;C:\Users\Ilham\AppData\Local\Programs\Microsoft VS Code\bin;C:\ProgramData\Ilham\GitHubDesktop\bin;C:\xampp\php;C:\Users\Ilham\AppData\Roaming\Composer\vendor\bin;C:\Users\Ilham\AppData\Local\GitHubDesktop\bin
USERNAME=Ilham
OS=Windows_NT
PROCESSOR_IDENTIFIER=Intel64 Family 6 Model 61 Stepping 4, GenuineIntel



---------------  S Y S T E M  ---------------

OS: Windows 10 , 64 bit Build 19041 (10.0.19041.3155)
OS uptime: 21 days 1:36 hours

CPU:total 4 (initial active 4) (2 cores per cpu, 2 threads per core) family 6 model 61 stepping 4 microcode 0x2d, cmov, cx8, fxsr, mmx, sse, sse2, sse3, ssse3, sse4.1, sse4.2, popcnt, avx, avx2, aes, clmul, erms, 3dnowpref, lzcnt, ht, tsc, tscinvbit, bmi1, bmi2, adx, fma

Memory: 4k page, system-wide physical 3995M (237M free)
TotalPageFile size 12187M (AvailPageFile size 7M)
current process WorkingSet (physical memory assigned to process): 145M, peak: 145M
current process commit charge ("private bytes"): 179M, peak: 180M

vm_info: OpenJDK 64-Bit Server VM (11.0.13+0-b1751.21-8125866) for windows-amd64 JRE (11.0.13+0-b1751.21-8125866), built on Feb  2 2022 03:00:22 by "builder" with MS VC++ 14.0 (VS2015)

END.
