#
# There is insufficient memory for the Java Runtime Environment to continue.
# Native memory allocation (malloc) failed to allocate 2224816 bytes for Chunk::new
# Possible reasons:
#   The system is out of physical RAM or swap space
#   The process is running with CompressedOops enabled, and the Java Heap may be blocking the growth of the native heap
# Possible solutions:
#   Reduce memory load on the system
#   Increase physical memory or swap space
#   Check if swap backing store is full
#   Decrease Java heap size (-Xmx/-Xms)
#   Decrease number of Java threads
#   Decrease Java thread stack sizes (-Xss)
#   Set larger code cache with -XX:ReservedCodeCacheSize=
#   JVM is running with Unscaled Compressed Oops mode in which the Java heap is
#     placed in the first 4GB address space. The Java Heap base address is the
#     maximum limit for the native heap growth. Please use -XX:HeapBaseMinAddress
#     to set the Java Heap base and to place the Java Heap above 4GB virtual address.
# This output file may be truncated or incomplete.
#
#  Out of Memory Error (./src/hotspot/share/memory/arena.cpp:197), pid=9948, tid=10336
#
# JRE version: OpenJDK Runtime Environment (11.0.13) (build 11.0.13+0-b1751.21-8125866)
# Java VM: OpenJDK 64-Bit Server VM (11.0.13+0-b1751.21-8125866, mixed mode, tiered, compressed oops, g1 gc, windows-amd64)
# No core dump will be written. Minidumps are not enabled by default on client versions of Windows
#

---------------  S U M M A R Y ------------

Command Line: org.jetbrains.kotlin.cli.jvm.K2JVMCompiler @C:\Users\Ilham\AndroidStudioProjects\EAttandance\app\build\20230814_1796851886030752137.compiler.options

Host: Intel(R) Core(TM) i3-5005U CPU @ 2.00GHz, 4 cores, 3G,  Windows 10 , 64 bit Build 19041 (10.0.19041.3155)
Time: Mon Aug 14 20:20:01 2023 SE Asia Standard Time elapsed time: 4.418130 seconds (0d 0h 0m 4s)

---------------  T H R E A D  ---------------

Current thread (0x00000188f8f70800):  JavaThread "C2 CompilerThread0" daemon [_thread_in_native, id=10336, stack(0x000000740d800000,0x000000740d900000)]


Current CompileTask:
C2:   4418 2135   !   4       jdk.internal.loader.BuiltinClassLoader::loadClassOrNull (143 bytes)

Stack: [0x000000740d800000,0x000000740d900000]
Native frames: (J=compiled Java code, j=interpreted, Vv=VM code, C=native code)
V  [jvm.dll+0x6100fa]
V  [jvm.dll+0x747090]
V  [jvm.dll+0x7486ad]
V  [jvm.dll+0x748d83]
V  [jvm.dll+0x24ab48]
V  [jvm.dll+0xc04dc]
V  [jvm.dll+0xc0a0c]
V  [jvm.dll+0x35eb9d]
V  [jvm.dll+0x19d9bc]
V  [jvm.dll+0x2033be]
V  [jvm.dll+0x202437]
V  [jvm.dll+0x188e01]
V  [jvm.dll+0x21106b]
V  [jvm.dll+0x20f8c1]
V  [jvm.dll+0x70de0f]
V  [jvm.dll+0x706a75]
V  [jvm.dll+0x60ed66]
C  [ucrtbase.dll+0x21bb2]
C  [KERNEL32.DLL+0x17614]
C  [ntdll.dll+0x526b1]


---------------  P R O C E S S  ---------------

Threads class SMR info:
_java_thread_list=0x00000188f922b450, length=10, elements={
0x00000188e0b1a000, 0x00000188f8f48800, 0x00000188f8f60800, 0x00000188f8f51000,
0x00000188f8f53000, 0x00000188f8f6a800, 0x00000188f8f70800, 0x00000188f8f75000,
0x00000188f8f79000, 0x00000188f9235000
}

Java Threads: ( => current thread )
  0x00000188e0b1a000 JavaThread "main" [_thread_in_Java, id=9520, stack(0x000000740cc00000,0x000000740cd00000)]
  0x00000188f8f48800 JavaThread "Reference Handler" daemon [_thread_blocked, id=3112, stack(0x000000740d300000,0x000000740d400000)]
  0x00000188f8f60800 JavaThread "Finalizer" daemon [_thread_blocked, id=8740, stack(0x000000740d400000,0x000000740d500000)]
  0x00000188f8f51000 JavaThread "Signal Dispatcher" daemon [_thread_blocked, id=428, stack(0x000000740d500000,0x000000740d600000)]
  0x00000188f8f53000 JavaThread "Attach Listener" daemon [_thread_blocked, id=5584, stack(0x000000740d600000,0x000000740d700000)]
  0x00000188f8f6a800 JavaThread "Service Thread" daemon [_thread_blocked, id=9128, stack(0x000000740d700000,0x000000740d800000)]
=>0x00000188f8f70800 JavaThread "C2 CompilerThread0" daemon [_thread_in_native, id=10336, stack(0x000000740d800000,0x000000740d900000)]
  0x00000188f8f75000 JavaThread "C1 CompilerThread0" daemon [_thread_blocked, id=7356, stack(0x000000740d900000,0x000000740da00000)]
  0x00000188f8f79000 JavaThread "Sweeper thread" daemon [_thread_blocked, id=2356, stack(0x000000740da00000,0x000000740db00000)]
  0x00000188f9235000 JavaThread "Common-Cleaner" daemon [_thread_blocked, id=15632, stack(0x000000740dc00000,0x000000740dd00000)]

Other Threads:
  0x00000188f8f23800 VMThread "VM Thread" [stack: 0x000000740d200000,0x000000740d300000] [id=8848]
  0x00000188f9230800 WatcherThread [stack: 0x000000740db00000,0x000000740dc00000] [id=7404]
  0x00000188e0b33000 GCTaskThread "GC Thread#0" [stack: 0x000000740cd00000,0x000000740ce00000] [id=7924]
  0x00000188f9634800 GCTaskThread "GC Thread#1" [stack: 0x000000740dd00000,0x000000740de00000] [id=3728]
  0x00000188e0b4d000 ConcurrentGCThread "G1 Main Marker" [stack: 0x000000740ce00000,0x000000740cf00000] [id=8648]
  0x00000188e0b4e800 ConcurrentGCThread "G1 Conc#0" [stack: 0x000000740cf00000,0x000000740d000000] [id=14696]
  0x00000188e0ba8000 ConcurrentGCThread "G1 Refine#0" [stack: 0x000000740d000000,0x000000740d100000] [id=10576]
  0x00000188e0ba9000 ConcurrentGCThread "G1 Young RemSet Sampling" [stack: 0x000000740d100000,0x000000740d200000] [id=2244]

Threads with active compile tasks:
C2 CompilerThread0   4443 2135   !   4       jdk.internal.loader.BuiltinClassLoader::loadClassOrNull (143 bytes)
C1 CompilerThread0   4443 2349 %     3       java.util.ArrayList::hashCodeRange @ 25 (68 bytes)

VM state:not at safepoint (normal execution)

VM Mutex/Monitor currently owned by a thread:  ([mutex/lock_event])
[0x00000188e0b17200] Compile_lock - owner thread: 0x00000188f8f75000

Heap address: 0x00000000c1800000, size: 1000 MB, Compressed Oops mode: 32-bit
Narrow klass base: 0x0000000000000000, Narrow klass shift: 3
Compressed class space size: 1073741824 Address: 0x0000000100000000

Heap:
 garbage-first heap   total 78848K, used 24295K [0x00000000c1800000, 0x0000000100000000)
  region size 1024K, 6 young (6144K), 4 survivors (4096K)
 Metaspace       used 31679K, capacity 32178K, committed 32380K, reserved 1077248K
  class space    used 3727K, capacity 3938K, committed 3968K, reserved 1048576K
Heap Regions: E=young(eden), S=young(survivor), O=old, HS=humongous(starts), HC=humongous(continues), CS=collection set, F=free, A=archive, TAMS=top-at-mark-start (previous, next)
|   0|0x00000000c1800000, 0x00000000c1900000, 0x00000000c1900000|100%|HS|  |TAMS 0x00000000c1900000, 0x00000000c1800000| Complete 
|   1|0x00000000c1900000, 0x00000000c1a00000, 0x00000000c1a00000|100%|HC|  |TAMS 0x00000000c1a00000, 0x00000000c1900000| Complete 
|   2|0x00000000c1a00000, 0x00000000c1b00000, 0x00000000c1b00000|100%|HC|  |TAMS 0x00000000c1b00000, 0x00000000c1a00000| Complete 
|   3|0x00000000c1b00000, 0x00000000c1c00000, 0x00000000c1c00000|100%|HC|  |TAMS 0x00000000c1c00000, 0x00000000c1b00000| Complete 
|   4|0x00000000c1c00000, 0x00000000c1d00000, 0x00000000c1d00000|100%| O|  |TAMS 0x00000000c1d00000, 0x00000000c1c00000| Untracked 
|   5|0x00000000c1d00000, 0x00000000c1e00000, 0x00000000c1e00000|100%| O|  |TAMS 0x00000000c1e00000, 0x00000000c1d00000| Untracked 
|   6|0x00000000c1e00000, 0x00000000c1f00000, 0x00000000c1f00000|100%| O|  |TAMS 0x00000000c1f00000, 0x00000000c1e00000| Untracked 
|   7|0x00000000c1f00000, 0x00000000c2000000, 0x00000000c2000000|100%| O|  |TAMS 0x00000000c2000000, 0x00000000c1f00000| Untracked 
|   8|0x00000000c2000000, 0x00000000c2100000, 0x00000000c2100000|100%| O|  |TAMS 0x00000000c2100000, 0x00000000c2000000| Untracked 
|   9|0x00000000c2100000, 0x00000000c2200000, 0x00000000c2200000|100%| O|  |TAMS 0x00000000c2200000, 0x00000000c2100000| Untracked 
|  10|0x00000000c2200000, 0x00000000c2300000, 0x00000000c2300000|100%| O|  |TAMS 0x00000000c223c800, 0x00000000c2200000| Untracked 
|  11|0x00000000c2300000, 0x00000000c2400000, 0x00000000c2400000|100%|HS|  |TAMS 0x00000000c2300000, 0x00000000c2300000| Complete 
|  12|0x00000000c2400000, 0x00000000c2500000, 0x00000000c2500000|100%|HC|  |TAMS 0x00000000c2400000, 0x00000000c2400000| Complete 
|  13|0x00000000c2500000, 0x00000000c2600000, 0x00000000c2600000|100%|HC|  |TAMS 0x00000000c2500000, 0x00000000c2500000| Complete 
|  14|0x00000000c2600000, 0x00000000c2700000, 0x00000000c2700000|100%|HC|  |TAMS 0x00000000c2600000, 0x00000000c2600000| Complete 
|  15|0x00000000c2700000, 0x00000000c2800000, 0x00000000c2800000|100%|HS|  |TAMS 0x00000000c2700000, 0x00000000c2700000| Complete 
|  16|0x00000000c2800000, 0x00000000c2900000, 0x00000000c2900000|100%|HC|  |TAMS 0x00000000c2800000, 0x00000000c2800000| Complete 
|  17|0x00000000c2900000, 0x00000000c2a00000, 0x00000000c2a00000|100%| O|  |TAMS 0x00000000c2900000, 0x00000000c2900000| Untracked 
|  18|0x00000000c2a00000, 0x00000000c2ab9c00, 0x00000000c2b00000| 72%| O|  |TAMS 0x00000000c2a00000, 0x00000000c2a00000| Untracked 
|  19|0x00000000c2b00000, 0x00000000c2b00000, 0x00000000c2c00000|  0%| F|  |TAMS 0x00000000c2b00000, 0x00000000c2b00000| Untracked 
|  20|0x00000000c2c00000, 0x00000000c2c00000, 0x00000000c2d00000|  0%| F|  |TAMS 0x00000000c2c00000, 0x00000000c2c00000| Untracked 
|  21|0x00000000c2d00000, 0x00000000c2d00000, 0x00000000c2e00000|  0%| F|  |TAMS 0x00000000c2d00000, 0x00000000c2d00000| Untracked 
|  22|0x00000000c2e00000, 0x00000000c2e00000, 0x00000000c2f00000|  0%| F|  |TAMS 0x00000000c2e00000, 0x00000000c2e00000| Untracked 
|  23|0x00000000c2f00000, 0x00000000c2f00000, 0x00000000c3000000|  0%| F|  |TAMS 0x00000000c2f00000, 0x00000000c2f00000| Untracked 
|  24|0x00000000c3000000, 0x00000000c3000000, 0x00000000c3100000|  0%| F|  |TAMS 0x00000000c3000000, 0x00000000c3000000| Untracked 
|  25|0x00000000c3100000, 0x00000000c3100000, 0x00000000c3200000|  0%| F|  |TAMS 0x00000000c3100000, 0x00000000c3100000| Untracked 
|  26|0x00000000c3200000, 0x00000000c3200000, 0x00000000c3300000|  0%| F|  |TAMS 0x00000000c3200000, 0x00000000c3200000| Untracked 
|  27|0x00000000c3300000, 0x00000000c3300000, 0x00000000c3400000|  0%| F|  |TAMS 0x00000000c3300000, 0x00000000c3300000| Untracked 
|  28|0x00000000c3400000, 0x00000000c3400000, 0x00000000c3500000|  0%| F|  |TAMS 0x00000000c3400000, 0x00000000c3400000| Untracked 
|  29|0x00000000c3500000, 0x00000000c3500000, 0x00000000c3600000|  0%| F|  |TAMS 0x00000000c3500000, 0x00000000c3500000| Untracked 
|  30|0x00000000c3600000, 0x00000000c3600000, 0x00000000c3700000|  0%| F|  |TAMS 0x00000000c3600000, 0x00000000c3600000| Untracked 
|  31|0x00000000c3700000, 0x00000000c3700000, 0x00000000c3800000|  0%| F|  |TAMS 0x00000000c3700000, 0x00000000c3700000| Untracked 
|  32|0x00000000c3800000, 0x00000000c3800000, 0x00000000c3900000|  0%| F|  |TAMS 0x00000000c3800000, 0x00000000c3800000| Untracked 
|  33|0x00000000c3900000, 0x00000000c3900000, 0x00000000c3a00000|  0%| F|  |TAMS 0x00000000c3900000, 0x00000000c3900000| Untracked 
|  34|0x00000000c3a00000, 0x00000000c3b00000, 0x00000000c3b00000|100%| S|CS|TAMS 0x00000000c3a00000, 0x00000000c3a00000| Complete 
|  35|0x00000000c3b00000, 0x00000000c3c00000, 0x00000000c3c00000|100%| S|CS|TAMS 0x00000000c3b00000, 0x00000000c3b00000| Complete 
|  36|0x00000000c3c00000, 0x00000000c3d00000, 0x00000000c3d00000|100%| S|CS|TAMS 0x00000000c3c00000, 0x00000000c3c00000| Complete 
|  37|0x00000000c3d00000, 0x00000000c3d00000, 0x00000000c3e00000|  0%| F|  |TAMS 0x00000000c3d00000, 0x00000000c3d00000| Untracked 
|  38|0x00000000c3e00000, 0x00000000c3e00000, 0x00000000c3f00000|  0%| F|  |TAMS 0x00000000c3e00000, 0x00000000c3e00000| Untracked 
|  39|0x00000000c3f00000, 0x00000000c3f00000, 0x00000000c4000000|  0%| F|  |TAMS 0x00000000c3f00000, 0x00000000c3f00000| Untracked 
|  40|0x00000000c4000000, 0x00000000c4100000, 0x00000000c4100000|100%| S|CS|TAMS 0x00000000c4000000, 0x00000000c4000000| Complete 
|  41|0x00000000c4100000, 0x00000000c4100000, 0x00000000c4200000|  0%| F|  |TAMS 0x00000000c4100000, 0x00000000c4100000| Untracked 
|  42|0x00000000c4200000, 0x00000000c4200000, 0x00000000c4300000|  0%| F|  |TAMS 0x00000000c4200000, 0x00000000c4200000| Untracked 
|  43|0x00000000c4300000, 0x00000000c4300000, 0x00000000c4400000|  0%| F|  |TAMS 0x00000000c4300000, 0x00000000c4300000| Untracked 
|  44|0x00000000c4400000, 0x00000000c4400000, 0x00000000c4500000|  0%| F|  |TAMS 0x00000000c4400000, 0x00000000c4400000| Untracked 
|  45|0x00000000c4500000, 0x00000000c4500000, 0x00000000c4600000|  0%| F|  |TAMS 0x00000000c4500000, 0x00000000c4500000| Untracked 
|  46|0x00000000c4600000, 0x00000000c4600000, 0x00000000c4700000|  0%| F|  |TAMS 0x00000000c4600000, 0x00000000c4600000| Untracked 
|  47|0x00000000c4700000, 0x00000000c4700000, 0x00000000c4800000|  0%| F|  |TAMS 0x00000000c4700000, 0x00000000c4700000| Untracked 
|  48|0x00000000c4800000, 0x00000000c4800000, 0x00000000c4900000|  0%| F|  |TAMS 0x00000000c4800000, 0x00000000c4800000| Untracked 
|  49|0x00000000c4900000, 0x00000000c4900000, 0x00000000c4a00000|  0%| F|  |TAMS 0x00000000c4900000, 0x00000000c4900000| Untracked 
|  50|0x00000000c4a00000, 0x00000000c4a00000, 0x00000000c4b00000|  0%| F|  |TAMS 0x00000000c4a00000, 0x00000000c4a00000| Untracked 
|  51|0x00000000c4b00000, 0x00000000c4b00000, 0x00000000c4c00000|  0%| F|  |TAMS 0x00000000c4b00000, 0x00000000c4b00000| Untracked 
|  52|0x00000000c4c00000, 0x00000000c4c00000, 0x00000000c4d00000|  0%| F|  |TAMS 0x00000000c4c00000, 0x00000000c4c00000| Untracked 
|  53|0x00000000c4d00000, 0x00000000c4d00000, 0x00000000c4e00000|  0%| F|  |TAMS 0x00000000c4d00000, 0x00000000c4d00000| Untracked 
|  54|0x00000000c4e00000, 0x00000000c4e00000, 0x00000000c4f00000|  0%| F|  |TAMS 0x00000000c4e00000, 0x00000000c4e00000| Untracked 
|  55|0x00000000c4f00000, 0x00000000c4f00000, 0x00000000c5000000|  0%| F|  |TAMS 0x00000000c4f00000, 0x00000000c4f00000| Untracked 
|  56|0x00000000c5000000, 0x00000000c5000000, 0x00000000c5100000|  0%| F|  |TAMS 0x00000000c5000000, 0x00000000c5000000| Untracked 
|  57|0x00000000c5100000, 0x00000000c5100000, 0x00000000c5200000|  0%| F|  |TAMS 0x00000000c5100000, 0x00000000c5100000| Untracked 
|  58|0x00000000c5200000, 0x00000000c5200000, 0x00000000c5300000|  0%| F|  |TAMS 0x00000000c5200000, 0x00000000c5200000| Untracked 
|  59|0x00000000c5300000, 0x00000000c5300000, 0x00000000c5400000|  0%| F|  |TAMS 0x00000000c5300000, 0x00000000c5300000| Untracked 
|  60|0x00000000c5400000, 0x00000000c5400000, 0x00000000c5500000|  0%| F|  |TAMS 0x00000000c5400000, 0x00000000c5400000| Untracked 
|  61|0x00000000c5500000, 0x00000000c5500000, 0x00000000c5600000|  0%| F|  |TAMS 0x00000000c5500000, 0x00000000c5500000| Untracked 
|  62|0x00000000c5600000, 0x00000000c5600000, 0x00000000c5700000|  0%| F|  |TAMS 0x00000000c5600000, 0x00000000c5600000| Untracked 
|  63|0x00000000c5700000, 0x00000000c5700000, 0x00000000c5800000|  0%| F|  |TAMS 0x00000000c5700000, 0x00000000c5700000| Untracked 
|  64|0x00000000c5800000, 0x00000000c5800000, 0x00000000c5900000|  0%| F|  |TAMS 0x00000000c5800000, 0x00000000c5800000| Untracked 
|  65|0x00000000c5900000, 0x00000000c5900000, 0x00000000c5a00000|  0%| F|  |TAMS 0x00000000c5900000, 0x00000000c5900000| Untracked 
|  66|0x00000000c5a00000, 0x00000000c5a00000, 0x00000000c5b00000|  0%| F|  |TAMS 0x00000000c5a00000, 0x00000000c5a00000| Untracked 
|  67|0x00000000c5b00000, 0x00000000c5b00000, 0x00000000c5c00000|  0%| F|  |TAMS 0x00000000c5b00000, 0x00000000c5b00000| Untracked 
|  68|0x00000000c5c00000, 0x00000000c5c00000, 0x00000000c5d00000|  0%| F|  |TAMS 0x00000000c5c00000, 0x00000000c5c00000| Untracked 
|  69|0x00000000c5d00000, 0x00000000c5d00000, 0x00000000c5e00000|  0%| F|  |TAMS 0x00000000c5d00000, 0x00000000c5d00000| Untracked 
|  70|0x00000000c5e00000, 0x00000000c5e00000, 0x00000000c5f00000|  0%| F|  |TAMS 0x00000000c5e00000, 0x00000000c5e00000| Untracked 
|  71|0x00000000c5f00000, 0x00000000c5f00000, 0x00000000c6000000|  0%| F|  |TAMS 0x00000000c5f00000, 0x00000000c5f00000| Untracked 
|  72|0x00000000c6000000, 0x00000000c6000000, 0x00000000c6100000|  0%| F|  |TAMS 0x00000000c6000000, 0x00000000c6000000| Untracked 
|  73|0x00000000c6100000, 0x00000000c6100000, 0x00000000c6200000|  0%| F|  |TAMS 0x00000000c6100000, 0x00000000c6100000| Untracked 
|  74|0x00000000c6200000, 0x00000000c6200000, 0x00000000c6300000|  0%| F|  |TAMS 0x00000000c6200000, 0x00000000c6200000| Untracked 
|  75|0x00000000c6300000, 0x00000000c6400000, 0x00000000c6400000|100%| E|  |TAMS 0x00000000c6300000, 0x00000000c6300000| Complete 
|  76|0x00000000c6400000, 0x00000000c6500000, 0x00000000c6500000|100%| E|CS|TAMS 0x00000000c6400000, 0x00000000c6400000| Complete 

Card table byte_map: [0x00000188f3e60000,0x00000188f4060000] _byte_map_base: 0x00000188f3854000

Marking Bits (Prev, Next): (CMBitMap*) 0x00000188e0b482b0, (CMBitMap*) 0x00000188e0b48278
 Prev Bits: [0x00000188f5200000, 0x00000188f61a0000)
 Next Bits: [0x00000188f4260000, 0x00000188f5200000)

Polling page: 0x00000188df200000

Metaspace:

Usage:
  Non-class:     27.58 MB capacity,    27.30 MB ( 99%) used,   238.84 KB ( <1%) free+waste,    49.00 KB ( <1%) overhead. 
      Class:      3.85 MB capacity,     3.64 MB ( 95%) used,   186.76 KB (  5%) free+waste,    23.56 KB ( <1%) overhead. 
       Both:     31.42 MB capacity,    30.94 MB ( 98%) used,   425.59 KB (  1%) free+waste,    72.56 KB ( <1%) overhead. 

Virtual space:
  Non-class space:       28.00 MB reserved,      27.75 MB (>99%) committed 
      Class space:        1.00 GB reserved,       3.88 MB ( <1%) committed 
             Both:        1.03 GB reserved,      31.62 MB (  3%) committed 

Chunk freelists:
   Non-Class:  44.00 KB
       Class:  0 bytes
        Both:  44.00 KB

MaxMetaspaceSize: 17179869184.00 GB
CompressedClassSpaceSize: 1.00 GB
Initial GC threshold: 20.80 MB
Current GC threshold: 35.20 MB
CDS: off

CodeHeap 'non-profiled nmethods': size=120064Kb used=749Kb max_used=749Kb free=119314Kb
 bounds [0x00000188ec100000, 0x00000188ec370000, 0x00000188f3640000]
CodeHeap 'profiled nmethods': size=120000Kb used=4630Kb max_used=4630Kb free=115369Kb
 bounds [0x00000188e4bd0000, 0x00000188e5060000, 0x00000188ec100000]
CodeHeap 'non-nmethods': size=5696Kb used=1246Kb max_used=1251Kb free=4449Kb
 bounds [0x00000188e4640000, 0x00000188e48b0000, 0x00000188e4bd0000]
 total_blobs=2854 nmethods=2327 adapters=439
 compilation: enabled
              stopped_count=0, restarted_count=0
 full_count=0

Compilation events (20 events):
Event: 4.275 Thread 0x00000188f8f75000 2330       2       sun.nio.fs.WindowsPath::checkRead (17 bytes)
Event: 4.276 Thread 0x00000188f8f75000 nmethod 2330 0x00000188e504dc90 code [0x00000188e504de40, 0x00000188e504df88]
Event: 4.277 Thread 0x00000188f8f75000 2331       2       sun.nio.fs.WindowsFileSystemProvider::readAttributes (63 bytes)
Event: 4.277 Thread 0x00000188f8f75000 nmethod 2331 0x00000188e504e010 code [0x00000188e504e200, 0x00000188e504e518]
Event: 4.277 Thread 0x00000188f8f75000 2332       2       sun.nio.fs.WindowsFileSystemProvider::getFileAttributeView (132 bytes)
Event: 4.278 Thread 0x00000188f8f75000 nmethod 2332 0x00000188e504e690 code [0x00000188e504e900, 0x00000188e504f2a8]
Event: 4.278 Thread 0x00000188f8f75000 2333       2       sun.nio.fs.WindowsFileAttributeViews$Basic::readAttributes (5 bytes)
Event: 4.278 Thread 0x00000188f8f75000 nmethod 2333 0x00000188e504f610 code [0x00000188e504f7e0, 0x00000188e504f9c8]
Event: 4.288 Thread 0x00000188f8f75000 2335       2       java.util.zip.ZipFile$Source::isManifestName (160 bytes)
Event: 4.288 Thread 0x00000188f8f75000 nmethod 2335 0x00000188e504fb10 code [0x00000188e504fce0, 0x00000188e5050018]
Event: 4.312 Thread 0x00000188f8f75000 2338       2       org.jetbrains.kotlin.com.intellij.reference.SoftReference::dereference (13 bytes)
Event: 4.312 Thread 0x00000188f8f75000 nmethod 2338 0x00000188e5050210 code [0x00000188e50503c0, 0x00000188e50504e8]
Event: 4.312 Thread 0x00000188f8f75000 2339       2       org.jetbrains.kotlin.com.intellij.reference.SoftReference::<init> (6 bytes)
Event: 4.313 Thread 0x00000188f8f75000 nmethod 2339 0x00000188e5050590 code [0x00000188e5050740, 0x00000188e5050918]
Event: 4.331 Thread 0x00000188f8f75000 2341       2       org.jetbrains.kotlin.com.intellij.util.containers.hash.LinkedHashMap$Entry::access$402 (7 bytes)
Event: 4.332 Thread 0x00000188f8f75000 nmethod 2341 0x00000188e5050990 code [0x00000188e5050b40, 0x00000188e5050c78]
Event: 4.335 Thread 0x00000188f8f75000 2342       2       java.util.Arrays::fill (21 bytes)
Event: 4.336 Thread 0x00000188f8f75000 nmethod 2342 0x00000188e5050d90 code [0x00000188e5050f40, 0x00000188e5051078]
Event: 4.336 Thread 0x00000188f8f75000 2343       2       java.util.zip.ZipFile$Source::initCEN (697 bytes)
Event: 4.342 Thread 0x00000188f8f75000 nmethod 2343 0x00000188e5051190 code [0x00000188e50515e0, 0x00000188e5053408]

GC Heap History (10 events):
Event: 0.836 GC heap before
{Heap before GC invocations=0 (full 0):
 garbage-first heap   total 65536K, used 18432K [0x00000000c1800000, 0x0000000100000000)
  region size 1024K, 14 young (14336K), 0 survivors (0K)
 Metaspace       used 9732K, capacity 9842K, committed 10112K, reserved 1058816K
  class space    used 812K, capacity 853K, committed 896K, reserved 1048576K
}
Event: 0.841 GC heap after
{Heap after GC invocations=1 (full 0):
 garbage-first heap   total 65536K, used 6457K [0x00000000c1800000, 0x0000000100000000)
  region size 1024K, 2 young (2048K), 2 survivors (2048K)
 Metaspace       used 9732K, capacity 9842K, committed 10112K, reserved 1058816K
  class space    used 812K, capacity 853K, committed 896K, reserved 1048576K
}
Event: 2.098 GC heap before
{Heap before GC invocations=1 (full 0):
 garbage-first heap   total 65536K, used 43321K [0x00000000c1800000, 0x0000000100000000)
  region size 1024K, 38 young (38912K), 2 survivors (2048K)
 Metaspace       used 17512K, capacity 17701K, committed 18048K, reserved 1064960K
  class space    used 1726K, capacity 1799K, committed 1920K, reserved 1048576K
}
Event: 2.122 GC heap after
{Heap after GC invocations=2 (full 0):
 garbage-first heap   total 65536K, used 10315K [0x00000000c1800000, 0x0000000100000000)
  region size 1024K, 5 young (5120K), 5 survivors (5120K)
 Metaspace       used 17512K, capacity 17701K, committed 18048K, reserved 1064960K
  class space    used 1726K, capacity 1799K, committed 1920K, reserved 1048576K
}
Event: 2.531 GC heap before
{Heap before GC invocations=2 (full 0):
 garbage-first heap   total 65536K, used 21579K [0x00000000c1800000, 0x0000000100000000)
  region size 1024K, 17 young (17408K), 5 survivors (5120K)
 Metaspace       used 20843K, capacity 21115K, committed 21248K, reserved 1069056K
  class space    used 2202K, capacity 2277K, committed 2304K, reserved 1048576K
}
Event: 2.545 GC heap after
{Heap after GC invocations=3 (full 0):
 garbage-first heap   total 65536K, used 11506K [0x00000000c1800000, 0x0000000100000000)
  region size 1024K, 1 young (1024K), 1 survivors (1024K)
 Metaspace       used 20843K, capacity 21115K, committed 21248K, reserved 1069056K
  class space    used 2202K, capacity 2277K, committed 2304K, reserved 1048576K
}
Event: 3.508 GC heap before
{Heap before GC invocations=4 (full 0):
 garbage-first heap   total 65536K, used 39154K [0x00000000c1800000, 0x0000000100000000)
  region size 1024K, 24 young (24576K), 1 survivors (1024K)
 Metaspace       used 27765K, capacity 28253K, committed 28540K, reserved 1075200K
  class space    used 2961K, capacity 3138K, committed 3200K, reserved 1048576K
}
Event: 3.517 GC heap after
{Heap after GC invocations=5 (full 0):
 garbage-first heap   total 65536K, used 17165K [0x00000000c1800000, 0x0000000100000000)
  region size 1024K, 3 young (3072K), 3 survivors (3072K)
 Metaspace       used 27765K, capacity 28253K, committed 28540K, reserved 1075200K
  class space    used 2961K, capacity 3138K, committed 3200K, reserved 1048576K
}
Event: 4.389 GC heap before
{Heap before GC invocations=5 (full 0):
 garbage-first heap   total 65536K, used 41741K [0x00000000c1800000, 0x0000000100000000)
  region size 1024K, 26 young (26624K), 3 survivors (3072K)
 Metaspace       used 31679K, capacity 32178K, committed 32380K, reserved 1077248K
  class space    used 3727K, capacity 3938K, committed 3968K, reserved 1048576K
}
Event: 4.413 GC heap after
{Heap after GC invocations=6 (full 0):
 garbage-first heap   total 78848K, used 23271K [0x00000000c1800000, 0x0000000100000000)
  region size 1024K, 4 young (4096K), 4 survivors (4096K)
 Metaspace       used 31679K, capacity 32178K, committed 32380K, reserved 1077248K
  class space    used 3727K, capacity 3938K, committed 3968K, reserved 1048576K
}

Deoptimization events (20 events):
Event: 3.954 Thread 0x00000188e0b1a000 Uncommon trap: trap_request=0xffffffde fr.pc=0x00000188ec19da84 relative=0x0000000000000064
Event: 3.954 Thread 0x00000188e0b1a000 Uncommon trap: reason=class_check action=maybe_recompile pc=0x00000188ec19da84 method=java.util.LinkedHashMap.afterNodeInsertion(Z)V @ 15 c2
Event: 3.954 Thread 0x00000188e0b1a000 DEOPT PACKING pc=0x00000188ec19da84 sp=0x000000740ccfda90
Event: 3.954 Thread 0x00000188e0b1a000 DEOPT UNPACKING pc=0x00000188e468a1af sp=0x000000740ccfda08 mode 2
Event: 3.965 Thread 0x00000188e0b1a000 Uncommon trap: trap_request=0xffffff4d fr.pc=0x00000188ec11d6ec relative=0x000000000000098c
Event: 3.965 Thread 0x00000188e0b1a000 Uncommon trap: reason=unstable_if action=reinterpret pc=0x00000188ec11d6ec method=java.util.zip.ZipFile$Source.getEntryPos([BZ)I @ 156 c2
Event: 3.965 Thread 0x00000188e0b1a000 DEOPT PACKING pc=0x00000188ec11d6ec sp=0x000000740ccfdd30
Event: 3.965 Thread 0x00000188e0b1a000 DEOPT UNPACKING pc=0x00000188e468a1af sp=0x000000740ccfdcd0 mode 2
Event: 3.989 Thread 0x00000188e0b1a000 Uncommon trap: trap_request=0xffffffde fr.pc=0x00000188ec19da84 relative=0x0000000000000064
Event: 3.989 Thread 0x00000188e0b1a000 Uncommon trap: reason=class_check action=maybe_recompile pc=0x00000188ec19da84 method=java.util.LinkedHashMap.afterNodeInsertion(Z)V @ 15 c2
Event: 3.989 Thread 0x00000188e0b1a000 DEOPT PACKING pc=0x00000188ec19da84 sp=0x000000740ccfda90
Event: 3.989 Thread 0x00000188e0b1a000 DEOPT UNPACKING pc=0x00000188e468a1af sp=0x000000740ccfda08 mode 2
Event: 3.989 Thread 0x00000188e0b1a000 Uncommon trap: trap_request=0xffffffde fr.pc=0x00000188ec19da84 relative=0x0000000000000064
Event: 3.989 Thread 0x00000188e0b1a000 Uncommon trap: reason=class_check action=maybe_recompile pc=0x00000188ec19da84 method=java.util.LinkedHashMap.afterNodeInsertion(Z)V @ 15 c2
Event: 3.989 Thread 0x00000188e0b1a000 DEOPT PACKING pc=0x00000188ec19da84 sp=0x000000740ccfda90
Event: 3.989 Thread 0x00000188e0b1a000 DEOPT UNPACKING pc=0x00000188e468a1af sp=0x000000740ccfda08 mode 2
Event: 4.321 Thread 0x00000188e0b1a000 Uncommon trap: trap_request=0xffffffde fr.pc=0x00000188ec143ea4 relative=0x0000000000000e24
Event: 4.321 Thread 0x00000188e0b1a000 Uncommon trap: reason=class_check action=maybe_recompile pc=0x00000188ec143ea4 method=java.util.zip.ZipFile.getZipEntry(Ljava/lang/String;[BILjava/util/function/Function;)Ljava/util/zip/ZipEntry; @ 108 c2
Event: 4.321 Thread 0x00000188e0b1a000 DEOPT PACKING pc=0x00000188ec143ea4 sp=0x000000740ccfdc20
Event: 4.321 Thread 0x00000188e0b1a000 DEOPT UNPACKING pc=0x00000188e468a1af sp=0x000000740ccfdb18 mode 2

Classes redefined (0 events):
No events

Internal exceptions (20 events):
Event: 1.968 Thread 0x00000188e0b1a000 Exception <a 'java/lang/NoSuchMethodError'{0x00000000c334e580}: 'long java.lang.invoke.Invokers$Holder.invoke_MT(java.lang.Object, java.lang.Object, java.lang.Object, java.lang.Object)'> (0x00000000c334e580) thrown at [./src/hotspot/share/interpreter/linkResolver.cpp, line 773]
Event: 1.969 Thread 0x00000188e0b1a000 Exception <a 'java/lang/NoSuchMethodError'{0x00000000c3351c00}: 'long java.lang.invoke.DelegatingMethodHandle$Holder.reinvoke_L(java.lang.Object, java.lang.Object, java.lang.Object)'> (0x00000000c3351c00) thrown at [./src/hotspot/share/interpreter/linkResolver.cpp, line 773]
Event: 1.972 Thread 0x00000188e0b1a000 Exception <a 'java/lang/NoSuchMethodError'{0x00000000c335b8c0}: 'int java.lang.invoke.DirectMethodHandle$Holder.invokeSpecial(java.lang.Object, java.lang.Object, java.lang.Object, java.lang.Object)'> (0x00000000c335b8c0) thrown at [./src/hotspot/share/interpreter/linkResolver.cpp, line 773]
Event: 1.979 Thread 0x00000188e0b1a000 Exception <a 'java/lang/NoSuchMethodError'{0x00000000c336a6a0}: 'int java.lang.invoke.DelegatingMethodHandle$Holder.reinvoke_L(java.lang.Object, java.lang.Object, java.lang.Object, long, int)'> (0x00000000c336a6a0) thrown at [./src/hotspot/share/interpreter/linkResolver.cpp, line 773]
Event: 2.432 Thread 0x00000188e0b1a000 Exception <a 'java/lang/NoSuchMethodError'{0x00000000c50ccc60}: 'int java.lang.invoke.DirectMethodHandle$Holder.invokeSpecialIFC(java.lang.Object, java.lang.Object, int)'> (0x00000000c50ccc60) thrown at [./src/hotspot/share/interpreter/linkResolver.cpp, line 773]
Event: 2.515 Thread 0x00000188e0b1a000 Exception <a 'java/lang/NoSuchMethodError'{0x00000000c4d925d8}: 'java.lang.Object java.lang.invoke.DirectMethodHandle$Holder.invokeStaticInit(java.lang.Object, int)'> (0x00000000c4d925d8) thrown at [./src/hotspot/share/interpreter/linkResolver.cpp, line 773]
Event: 2.589 Thread 0x00000188e0b1a000 Exception <a 'java/lang/NoSuchMethodError'{0x00000000c5636fd8}: 'long java.lang.invoke.DirectMethodHandle$Holder.invokeStatic(java.lang.Object)'> (0x00000000c5636fd8) thrown at [./src/hotspot/share/interpreter/linkResolver.cpp, line 773]
Event: 2.591 Thread 0x00000188e0b1a000 Exception <a 'java/lang/NoSuchMethodError'{0x00000000c5639e30}: 'long java.lang.invoke.DirectMethodHandle$Holder.invokeStaticInit(java.lang.Object)'> (0x00000000c5639e30) thrown at [./src/hotspot/share/interpreter/linkResolver.cpp, line 773]
Event: 2.725 Thread 0x00000188e0b1a000 Exception <a 'java/lang/NoSuchMethodError'{0x00000000c52655a8}: 'int java.lang.invoke.DirectMethodHandle$Holder.invokeStaticInit(java.lang.Object, java.lang.Object, java.lang.Object)'> (0x00000000c52655a8) thrown at [./src/hotspot/share/interpreter/linkResolver.cpp, line 773]
Event: 2.732 Thread 0x00000188e0b1a000 Exception <a 'java/lang/NoSuchMethodError'{0x00000000c5290e98}: 'int java.lang.invoke.DirectMethodHandle$Holder.invokeStaticInit(java.lang.Object, java.lang.Object)'> (0x00000000c5290e98) thrown at [./src/hotspot/share/interpreter/linkResolver.cpp, line 773]
Event: 2.813 Thread 0x00000188e0b1a000 Exception <a 'java/lang/NoSuchMethodError'{0x00000000c50a6c60}: 'void java.lang.invoke.DirectMethodHandle$Holder.invokeSpecial(java.lang.Object, java.lang.Object)'> (0x00000000c50a6c60) thrown at [./src/hotspot/share/interpreter/linkResolver.cpp, line 773]
Event: 3.184 Thread 0x00000188e0b1a000 Exception <a 'java/lang/NoSuchMethodError'{0x00000000c4650840}: 'java.lang.Object java.lang.invoke.DirectMethodHandle$Holder.invokeStatic(java.lang.Object, java.lang.Object, java.lang.Object, java.lang.Object, java.lang.Object, java.lang.Object, java.lang.Object, java.lang.Object, java.lang.Object, java.lang.Object, java.lang.Object, java.lang.Object, java.lang.Object, java.lang.Object, java.lang.Object)'> (0x00000000c4650840) thrown at [./src/hotspot/share/interpreter/linkResolver.cpp, line 773]
Event: 3.188 Thread 0x00000188e0b1a000 Exception <a 'java/lang/NoSuchMethodError'{0x00000000c465e848}: 'java.lang.Object java.lang.invoke.DirectMethodHandle$Holder.invokeStatic(java.lang.Object, java.lang.Object, java.lang.Object, java.lang.Object, java.lang.Object, java.lang.Object, java.lang.Object, java.lang.Object, java.lang.Object, java.lang.Object, java.lang.Object, java.lang.Object, java.lang.Object, java.lang.Object, java.lang.Object, java.lang.Object)'> (0x00000000c465e848) thrown at [./src/hotspot/share/interpreter/linkResolver.cpp, l
Event: 3.191 Thread 0x00000188e0b1a000 Exception <a 'java/lang/NoSuchMethodError'{0x00000000c466c760}: 'java.lang.Object java.lang.invoke.DirectMethodHandle$Holder.invokeSpecial(java.lang.Object, java.lang.Object, int, int, java.lang.Object, java.lang.Object, java.lang.Object)'> (0x00000000c466c760) thrown at [./src/hotspot/share/interpreter/linkResolver.cpp, line 773]
Event: 3.191 Thread 0x00000188e0b1a000 Exception <a 'java/lang/NoSuchMethodError'{0x00000000c466ff98}: 'java.lang.Object java.lang.invoke.DelegatingMethodHandle$Holder.reinvoke_L(java.lang.Object, int, int, java.lang.Object, java.lang.Object, java.lang.Object)'> (0x00000000c466ff98) thrown at [./src/hotspot/share/interpreter/linkResolver.cpp, line 773]
Event: 3.192 Thread 0x00000188e0b1a000 Exception <a 'java/lang/NoSuchMethodError'{0x00000000c4674320}: 'java.lang.Object java.lang.invoke.DirectMethodHandle$Holder.invokeStatic(java.lang.Object, java.lang.Object, java.lang.Object, java.lang.Object, int)'> (0x00000000c4674320) thrown at [./src/hotspot/share/interpreter/linkResolver.cpp, line 773]
Event: 3.315 Thread 0x00000188e0b1a000 Exception <a 'java/lang/NoSuchMethodError'{0x00000000c4599618}: 'void java.lang.invoke.DirectMethodHandle$Holder.invokeStatic(java.lang.Object, java.lang.Object, java.lang.Object, java.lang.Object)'> (0x00000000c4599618) thrown at [./src/hotspot/share/interpreter/linkResolver.cpp, line 773]
Event: 3.446 Thread 0x00000188e0b1a000 Exception <a 'java/lang/NoSuchMethodError'{0x00000000c4182c70}: 'void java.lang.invoke.DirectMethodHandle$Holder.invokeStaticInit(java.lang.Object, java.lang.Object)'> (0x00000000c4182c70) thrown at [./src/hotspot/share/interpreter/linkResolver.cpp, line 773]
Event: 3.657 Thread 0x00000188e0b1a000 Exception <a 'java/lang/NoSuchMethodError'{0x00000000c54cc9e8}: 'void java.lang.invoke.DirectMethodHandle$Holder.invokeVirtual(java.lang.Object, java.lang.Object)'> (0x00000000c54cc9e8) thrown at [./src/hotspot/share/interpreter/linkResolver.cpp, line 773]
Event: 3.674 Thread 0x00000188e0b1a000 Exception <a 'java/lang/NoSuchMethodError'{0x00000000c5370468}: 'int java.lang.invoke.DirectMethodHandle$Holder.invokeVirtual(java.lang.Object, java.lang.Object)'> (0x00000000c5370468) thrown at [./src/hotspot/share/interpreter/linkResolver.cpp, line 773]

Events (20 events):
Event: 3.978 loading class org/jetbrains/kotlin/com/intellij/openapi/vfs/impl/jar/CoreJarVirtualFile done
Event: 3.978 loading class org/jetbrains/kotlin/com/intellij/util/Function
Event: 3.978 loading class org/jetbrains/kotlin/com/intellij/util/Function done
Event: 3.978 loading class org/jetbrains/kotlin/com/intellij/util/containers/FactoryMap
Event: 3.978 loading class org/jetbrains/kotlin/com/intellij/util/containers/FactoryMap done
Event: 3.979 loading class org/jetbrains/kotlin/com/intellij/util/containers/FactoryMap$1
Event: 3.979 loading class org/jetbrains/kotlin/com/intellij/util/containers/FactoryMap$1 done
Event: 3.982 loading class org/jetbrains/kotlin/com/intellij/openapi/util/io/BufferExposingByteArrayInputStream
Event: 3.982 loading class org/jetbrains/kotlin/com/intellij/openapi/util/io/BufferExposingByteArrayInputStream done
Event: 3.982 loading class org/jetbrains/kotlin/com/intellij/util/io/UnsyncByteArrayInputStream
Event: 3.982 loading class org/jetbrains/kotlin/com/intellij/util/io/UnsyncByteArrayInputStream done
Event: 3.986 loading class org/jetbrains/kotlin/com/intellij/util/Function
Event: 3.986 loading class org/jetbrains/kotlin/com/intellij/util/Function done
Event: 3.986 loading class java/util/AbstractMap$SimpleEntry
Event: 3.987 loading class java/util/AbstractMap$SimpleEntry done
Event: 4.273 Loaded shared library C:\Program Files\Android\Android Studio\jre\bin\nio.dll
Event: 4.321 Executing VM operation: RevokeBias
Event: 4.321 Executing VM operation: RevokeBias done
Event: 4.389 Executing VM operation: G1CollectForAllocation
Event: 4.413 Executing VM operation: G1CollectForAllocation done


Dynamic libraries:
0x00007ff6a1f60000 - 0x00007ff6a1f6a000 	C:\Program Files\Android\Android Studio\jre\bin\java.exe
0x00007ffb1f110000 - 0x00007ffb1f308000 	C:\Windows\SYSTEM32\ntdll.dll
0x00007ffb1d170000 - 0x00007ffb1d22f000 	C:\Windows\System32\KERNEL32.DLL
0x00007ffb1ce40000 - 0x00007ffb1d136000 	C:\Windows\System32\KERNELBASE.dll
0x00007ffb1c7f0000 - 0x00007ffb1c8f0000 	C:\Windows\System32\ucrtbase.dll
0x00007ffb06bd0000 - 0x00007ffb06be7000 	C:\Program Files\Android\Android Studio\jre\bin\VCRUNTIME140.dll
0x00007ffafdc00000 - 0x00007ffafdc19000 	C:\Program Files\Android\Android Studio\jre\bin\jli.dll
0x00007ffb1d5b0000 - 0x00007ffb1d74d000 	C:\Windows\System32\USER32.dll
0x00007ffb1d140000 - 0x00007ffb1d162000 	C:\Windows\System32\win32u.dll
0x00007ffb0bec0000 - 0x00007ffb0c15a000 	C:\Windows\WinSxS\amd64_microsoft.windows.common-controls_6595b64144ccf1df_6.0.19041.1110_none_60b5254171f9507e\COMCTL32.dll
0x00007ffb1df30000 - 0x00007ffb1df5c000 	C:\Windows\System32\GDI32.dll
0x00007ffb1ef80000 - 0x00007ffb1f01e000 	C:\Windows\System32\msvcrt.dll
0x00007ffb1c960000 - 0x00007ffb1ca75000 	C:\Windows\System32\gdi32full.dll
0x00007ffb1cd50000 - 0x00007ffb1cded000 	C:\Windows\System32\msvcp_win.dll
0x00007ffb1d8e0000 - 0x00007ffb1d910000 	C:\Windows\System32\IMM32.DLL
0x00007ffaf9940000 - 0x00007ffaf99dd000 	C:\Program Files\Android\Android Studio\jre\bin\msvcp140.dll
0x00007ffad14e0000 - 0x00007ffad1fe2000 	C:\Program Files\Android\Android Studio\jre\bin\server\jvm.dll
0x00007ffb1df60000 - 0x00007ffb1e00f000 	C:\Windows\System32\ADVAPI32.dll
0x00007ffb1d230000 - 0x00007ffb1d2cc000 	C:\Windows\System32\sechost.dll
0x00007ffb1e9e0000 - 0x00007ffb1eb06000 	C:\Windows\System32\RPCRT4.dll
0x00007ffb1de80000 - 0x00007ffb1de88000 	C:\Windows\System32\PSAPI.DLL
0x00007ffb10810000 - 0x00007ffb10819000 	C:\Windows\SYSTEM32\WSOCK32.dll
0x00007ffb0e650000 - 0x00007ffb0e677000 	C:\Windows\SYSTEM32\WINMM.dll
0x00007ffb0e830000 - 0x00007ffb0e83a000 	C:\Windows\SYSTEM32\VERSION.dll
0x00007ffb1deb0000 - 0x00007ffb1df1b000 	C:\Windows\System32\WS2_32.dll
0x00007ffb1a6a0000 - 0x00007ffb1a6b2000 	C:\Windows\SYSTEM32\kernel.appcore.dll
0x00007ffaf59a0000 - 0x00007ffaf59b1000 	C:\Program Files\Android\Android Studio\jre\bin\verify.dll
0x00007ffb07920000 - 0x00007ffb07b04000 	C:\Windows\SYSTEM32\DBGHELP.DLL
0x00007ffb078e0000 - 0x00007ffb07914000 	C:\Windows\SYSTEM32\dbgcore.DLL
0x00007ffb1cc10000 - 0x00007ffb1cc92000 	C:\Windows\System32\bcryptPrimitives.dll
0x00007ffaf2e80000 - 0x00007ffaf2ea9000 	C:\Program Files\Android\Android Studio\jre\bin\java.dll
0x00007ffb028d0000 - 0x00007ffb028db000 	C:\Program Files\Android\Android Studio\jre\bin\jimage.dll
0x00007ffaf4090000 - 0x00007ffaf40a8000 	C:\Program Files\Android\Android Studio\jre\bin\zip.dll
0x00007ffb1e010000 - 0x00007ffb1e754000 	C:\Windows\System32\SHELL32.dll
0x00007ffb1a8a0000 - 0x00007ffb1b034000 	C:\Windows\SYSTEM32\windows.storage.dll
0x00007ffb1d970000 - 0x00007ffb1dcc4000 	C:\Windows\System32\combase.dll
0x00007ffb1c230000 - 0x00007ffb1c25e000 	C:\Windows\SYSTEM32\Wldp.dll
0x00007ffb1f020000 - 0x00007ffb1f0cd000 	C:\Windows\System32\SHCORE.dll
0x00007ffb1d2d0000 - 0x00007ffb1d325000 	C:\Windows\System32\shlwapi.dll
0x00007ffb1c720000 - 0x00007ffb1c745000 	C:\Windows\SYSTEM32\profapi.dll
0x00007ffaf38e0000 - 0x00007ffaf38fa000 	C:\Program Files\Android\Android Studio\jre\bin\net.dll
0x00007ffb10dc0000 - 0x00007ffb10eca000 	C:\Windows\SYSTEM32\WINHTTP.dll
0x00007ffb1bf90000 - 0x00007ffb1bffa000 	C:\Windows\system32\mswsock.dll
0x00007ffaf37e0000 - 0x00007ffaf37f4000 	C:\Program Files\Android\Android Studio\jre\bin\nio.dll

dbghelp: loaded successfully - version: 4.0.5 - missing functions: none
symbol engine: initialized successfully - sym options: 0x614 - pdb path: .;C:\Program Files\Android\Android Studio\jre\bin;C:\Windows\SYSTEM32;C:\Windows\WinSxS\amd64_microsoft.windows.common-controls_6595b64144ccf1df_6.0.19041.1110_none_60b5254171f9507e;C:\Program Files\Android\Android Studio\jre\bin\server

VM Arguments:
java_command: org.jetbrains.kotlin.cli.jvm.K2JVMCompiler @C:\Users\Ilham\AndroidStudioProjects\EAttandance\app\build\20230814_1796851886030752137.compiler.options
java_class_path (initial): C:\Users\Ilham\.gradle\caches\modules-2\files-2.1\org.jetbrains.kotlin\kotlin-compiler-embeddable\1.7.20\8db18559a581dd2c36ddfd5046af145650f5b126\kotlin-compiler-embeddable-1.7.20.jar;C:\Users\Ilham\.gradle\caches\modules-2\files-2.1\org.jetbrains.kotlin\kotlin-reflect\1.7.20\12b2501e33bb6373e8e347c86d85481863629381\kotlin-reflect-1.7.20.jar;C:\Users\Ilham\.gradle\caches\modules-2\files-2.1\org.jetbrains.kotlin\kotlin-stdlib\1.7.20\726594ea9ba2beb2ee113647fefa9a10f9fabe52\kotlin-stdlib-1.7.20.jar;C:\Users\Ilham\.gradle\caches\modules-2\files-2.1\org.jetbrains.kotlin\kotlin-script-runtime\1.7.20\bcd1cc6f865e632550357fcc59f5ffd532615a8\kotlin-script-runtime-1.7.20.jar;C:\Users\Ilham\.gradle\caches\modules-2\files-2.1\org.jetbrains.kotlin\kotlin-daemon-embeddable\1.7.20\1e24355adad8d529d75d5b19eab55484057431ba\kotlin-daemon-embeddable-1.7.20.jar;C:\Users\Ilham\.gradle\caches\modules-2\files-2.1\org.jetbrains.intellij.deps\trove4j\1.0.20200330\3afb14d5f9ceb459d724e907a21145e8ff394f02\trove4j-1.0.20200330.jar;C:\Users\Ilham\.gradle\caches\modules-2\files-2.1\net.java.dev.jna\jna\5.6.0\330f2244e9030119ab3030fc3fededc86713d9cc\jna-5.6.0.jar;C:\Users\Ilham\.gradle\caches\modules-2\files-2.1\org.jetbrains.kotlin\kotlin-stdlib-common\1.7.20\e15351bdaf9fa06f009be5da7a202e4184f00ae3\kotlin-stdlib-common-1.7.20.jar;C:\Users\Ilham\.gradle\caches\modules-2\files-2.1\org.jetbrains\annotations\13.0\919f0dfe192fb4e063e7dacadee7f8bb9a2672a9\annotations-13.0.jar
Launcher Type: SUN_STANDARD

[Global flags]
     intx CICompilerCount                          = 3                                         {product} {ergonomic}
     uint ConcGCThreads                            = 1                                         {product} {ergonomic}
     uint G1ConcRefinementThreads                  = 4                                         {product} {ergonomic}
   size_t G1HeapRegionSize                         = 1048576                                   {product} {ergonomic}
    uintx GCDrainStackTargetSize                   = 64                                        {product} {ergonomic}
   size_t InitialHeapSize                          = 67108864                                  {product} {ergonomic}
   size_t MarkStackSize                            = 4194304                                   {product} {ergonomic}
   size_t MaxHeapSize                              = 1048576000                                {product} {ergonomic}
   size_t MaxNewSize                               = 629145600                                 {product} {ergonomic}
   size_t MinHeapDeltaBytes                        = 1048576                                   {product} {ergonomic}
    uintx NonNMethodCodeHeapSize                   = 5830732                                {pd product} {ergonomic}
    uintx NonProfiledCodeHeapSize                  = 122913754                              {pd product} {ergonomic}
    uintx ProfiledCodeHeapSize                     = 122913754                              {pd product} {ergonomic}
    uintx ReservedCodeCacheSize                    = 251658240                              {pd product} {ergonomic}
     bool SegmentedCodeCache                       = true                                      {product} {ergonomic}
     bool UseCompressedClassPointers               = true                                 {lp64_product} {ergonomic}
     bool UseCompressedOops                        = true                                 {lp64_product} {ergonomic}
     bool UseG1GC                                  = true                                      {product} {ergonomic}
     bool UseLargePagesIndividualAllocation        = false                                  {pd product} {ergonomic}

Logging:
Log output configuration:
 #0: stdout all=warning uptime,level,tags
 #1: stderr all=off uptime,level,tags

Environment Variables:
PATH=C:\Program Files (x86)\Common Files\Intel\Shared Files\cpp\bin\Intel64;C:\Windows\system32;C:\Windows;C:\Windows\System32\Wbem;C:\Windows\System32\WindowsPowerShell\v1.0\;C:\Windows\System32\OpenSSH\;C:\xampp\php;C:\ProgramData\ComposerSetup\bin;C:\Users\Ilham\AppData\Local\Programs\Python\Python39\Lib\site-packages\pip;C:\Users\Ilham\AppData\Local\Programs\Python\Python39\Scripts\;C:\Users\Ilham\AppData\Local\Programs\Python\Python39\;C:\Users\Ilham\AppData\Local\Microsoft\WindowsApps;C:\Users\Ilham\AppData\Local\Programs\Microsoft VS Code\bin;C:\ProgramData\Ilham\GitHubDesktop\bin;C:\xampp\php;C:\Users\Ilham\AppData\Roaming\Composer\vendor\bin;C:\Users\Ilham\AppData\Local\GitHubDesktop\bin
USERNAME=Ilham
OS=Windows_NT
PROCESSOR_IDENTIFIER=Intel64 Family 6 Model 61 Stepping 4, GenuineIntel



---------------  S Y S T E M  ---------------

OS: Windows 10 , 64 bit Build 19041 (10.0.19041.3155)
OS uptime: 21 days 1:36 hours

CPU:total 4 (initial active 4) (2 cores per cpu, 2 threads per core) family 6 model 61 stepping 4 microcode 0x2d, cmov, cx8, fxsr, mmx, sse, sse2, sse3, ssse3, sse4.1, sse4.2, popcnt, avx, avx2, aes, clmul, erms, 3dnowpref, lzcnt, ht, tsc, tscinvbit, bmi1, bmi2, adx, fma

Memory: 4k page, system-wide physical 3995M (321M free)
TotalPageFile size 12187M (AvailPageFile size 7M)
current process WorkingSet (physical memory assigned to process): 168M, peak: 169M
current process commit charge ("private bytes"): 215M, peak: 217M

vm_info: OpenJDK 64-Bit Server VM (11.0.13+0-b1751.21-8125866) for windows-amd64 JRE (11.0.13+0-b1751.21-8125866), built on Feb  2 2022 03:00:22 by "builder" with MS VC++ 14.0 (VS2015)

END.
