#
# There is insufficient memory for the Java Runtime Environment to continue.
# Native memory allocation (mmap) failed to map 19922944 bytes for Failed to commit area from 0x00000000c6500000 to 0x00000000c7800000 of length 19922944.
# Possible reasons:
#   The system is out of physical RAM or swap space
#   The process is running with CompressedOops enabled, and the Java Heap may be blocking the growth of the native heap
# Possible solutions:
#   Reduce memory load on the system
#   Increase physical memory or swap space
#   Check if swap backing store is full
#   Decrease Java heap size (-Xmx/-Xms)
#   Decrease number of Java threads
#   Decrease Java thread stack sizes (-Xss)
#   Set larger code cache with -XX:ReservedCodeCacheSize=
#   JVM is running with Unscaled Compressed Oops mode in which the Java heap is
#     placed in the first 4GB address space. The Java Heap base address is the
#     maximum limit for the native heap growth. Please use -XX:HeapBaseMinAddress
#     to set the Java Heap base and to place the Java Heap above 4GB virtual address.
# This output file may be truncated or incomplete.
#
#  Out of Memory Error (./src/hotspot/os/windows/os_windows.cpp:3619), pid=16584, tid=5824
#
# JRE version: OpenJDK Runtime Environment (11.0.13) (build 11.0.13+0-b1751.21-8125866)
# Java VM: OpenJDK 64-Bit Server VM (11.0.13+0-b1751.21-8125866, mixed mode, tiered, compressed oops, g1 gc, windows-amd64)
# No core dump will be written. Minidumps are not enabled by default on client versions of Windows
#

---------------  S U M M A R Y ------------

Command Line: org.jetbrains.kotlin.cli.jvm.K2JVMCompiler @C:\Users\Ilham\AndroidStudioProjects\EAttandance\app\build\20230814_1103532283890436973.compiler.options

Host: Intel(R) Core(TM) i3-5005U CPU @ 2.00GHz, 4 cores, 3G,  Windows 10 , 64 bit Build 19041 (10.0.19041.3155)
Time: Mon Aug 14 19:58:12 2023 SE Asia Standard Time elapsed time: 7.993866 seconds (0d 0h 0m 7s)

---------------  T H R E A D  ---------------

Current thread (0x000001ffa18b0000):  VMThread "VM Thread" [stack: 0x0000000be3200000,0x0000000be3300000] [id=5824]

Stack: [0x0000000be3200000,0x0000000be3300000]
[error occurred during error reporting (printing stack bounds), id 0xc0000005, EXCEPTION_ACCESS_VIOLATION (0xc0000005) at pc=0x000001ff8cf9112d]

Native frames: (J=compiled Java code, j=interpreted, Vv=VM code, C=native code)
V  [jvm.dll+0x6100fa]
V  [jvm.dll+0x747090]
V  [jvm.dll+0x7486ad]
V  [jvm.dll+0x748ce5]
V  [jvm.dll+0x748c9b]
V  [jvm.dll+0x60f224]
V  [jvm.dll+0x60f9b8]
C  [ntdll.dll+0xa23af]
C  [ntdll.dll+0x514b4]
C  [ntdll.dll+0xa0ebe]
C  0x000001ff8cf9112d

VM_Operation (0x0000000be2cf3cf0): G1CollectForAllocation, mode: safepoint, requested by thread 0x000001ff87c9b800


---------------  P R O C E S S  ---------------

Threads class SMR info:
_java_thread_list=0x000001ffa33f1470, length=10, elements={
0x000001ff87c9b800, 0x000001ffa18d7800, 0x000001ffa18d8800, 0x000001ffa18f2800,
0x000001ffa18f6800, 0x000001ffa1940800, 0x000001ffa18fb000, 0x000001ffa1955800,
0x000001ffa1957000, 0x000001ffa193f000
}

Java Threads: ( => current thread )
  0x000001ff87c9b800 JavaThread "main" [_thread_blocked, id=14860, stack(0x0000000be2c00000,0x0000000be2d00000)]
  0x000001ffa18d7800 JavaThread "Reference Handler" daemon [_thread_blocked, id=6028, stack(0x0000000be3300000,0x0000000be3400000)]
  0x000001ffa18d8800 JavaThread "Finalizer" daemon [_thread_blocked, id=3636, stack(0x0000000be3400000,0x0000000be3500000)]
  0x000001ffa18f2800 JavaThread "Signal Dispatcher" daemon [_thread_blocked, id=7184, stack(0x0000000be3500000,0x0000000be3600000)]
  0x000001ffa18f6800 JavaThread "Attach Listener" daemon [_thread_blocked, id=11328, stack(0x0000000be3600000,0x0000000be3700000)]
  0x000001ffa1940800 JavaThread "Service Thread" daemon [_thread_blocked, id=1084, stack(0x0000000be3700000,0x0000000be3800000)]
  0x000001ffa18fb000 JavaThread "C2 CompilerThread0" daemon [_thread_in_native, id=2288, stack(0x0000000be3800000,0x0000000be3900000)]
  0x000001ffa1955800 JavaThread "C1 CompilerThread0" daemon [_thread_blocked, id=8792, stack(0x0000000be3900000,0x0000000be3a00000)]
  0x000001ffa1957000 JavaThread "Sweeper thread" daemon [_thread_blocked, id=5900, stack(0x0000000be3a00000,0x0000000be3b00000)]
  0x000001ffa193f000 JavaThread "Common-Cleaner" daemon [_thread_blocked, id=13936, stack(0x0000000be3c00000,0x0000000be3d00000)]

Other Threads:
=>0x000001ffa18b0000 VMThread "VM Thread" [stack: 0x0000000be3200000,0x0000000be3300000] [id=5824]
  0x000001ffa1bc5000 WatcherThread [stack: 0x0000000be3b00000,0x0000000be3c00000] [id=5404]
  0x000001ff87cb4000 GCTaskThread "GC Thread#0" [stack: 0x0000000be2d00000,0x0000000be2e00000] [id=7912]
  0x000001ffa1edb000 GCTaskThread "GC Thread#1" [stack: 0x0000000be3e00000,0x0000000be3f00000] [id=10436]
  0x000001ff87cce000 ConcurrentGCThread "G1 Main Marker" [stack: 0x0000000be2e00000,0x0000000be2f00000] [id=17232]
  0x000001ff87ccf800 ConcurrentGCThread "G1 Conc#0" [stack: 0x0000000be2f00000,0x0000000be3000000] [id=6928]
  0x000001ff87d2b000 ConcurrentGCThread "G1 Refine#0" [stack: 0x0000000be3000000,0x0000000be3100000] [id=5832]
  0x000001ffa2eb8800 ConcurrentGCThread "G1 Refine#1" [stack: 0x0000000be3d00000,0x0000000be3e00000] [id=3344]
  0x000001ff87d2c000 ConcurrentGCThread "G1 Young RemSet Sampling" [stack: 0x0000000be3100000,0x0000000be3200000] [id=6700]

Threads with active compile tasks:
C2 CompilerThread0   8027 3660       4       org.jetbrains.kotlin.load.java.structure.impl.classFiles.BinaryClassSignatureParser::parseParameterizedClassRefSignature (262 bytes)
C1 CompilerThread0   8027 3687   !   3       org.jetbrains.kotlin.metadata.ProtoBuf$TypeTable::<init> (344 bytes)

VM state:at safepoint (normal execution)

VM Mutex/Monitor currently owned by a thread:  ([mutex/lock_event])
[0x000001ff87c97120] Threads_lock - owner thread: 0x000001ffa18b0000
[0x000001ff87c97900] Heap_lock - owner thread: 0x000001ff87c9b800

Heap address: 0x00000000c1800000, size: 1000 MB, Compressed Oops mode: 32-bit
Narrow klass base: 0x0000000000000000, Narrow klass shift: 3
Compressed class space size: 1073741824 Address: 0x0000000100000000

Heap:
 garbage-first heap   total 98304K, used 33845K [0x00000000c1800000, 0x0000000100000000)
  region size 1024K, 4 young (4096K), 4 survivors (4096K)
 Metaspace       used 48712K, capacity 49312K, committed 49488K, reserved 1093632K
  class space    used 5699K, capacity 5931K, committed 6016K, reserved 1048576K
Heap Regions: E=young(eden), S=young(survivor), O=old, HS=humongous(starts), HC=humongous(continues), CS=collection set, F=free, A=archive, TAMS=top-at-mark-start (previous, next)
|   0|0x00000000c1800000, 0x00000000c1900000, 0x00000000c1900000|100%|HS|  |TAMS 0x00000000c1900000, 0x00000000c1800000| Complete 
|   1|0x00000000c1900000, 0x00000000c1a00000, 0x00000000c1a00000|100%|HC|  |TAMS 0x00000000c1a00000, 0x00000000c1900000| Complete 
|   2|0x00000000c1a00000, 0x00000000c1b00000, 0x00000000c1b00000|100%|HC|  |TAMS 0x00000000c1b00000, 0x00000000c1a00000| Complete 
|   3|0x00000000c1b00000, 0x00000000c1c00000, 0x00000000c1c00000|100%|HC|  |TAMS 0x00000000c1c00000, 0x00000000c1b00000| Complete 
|   4|0x00000000c1c00000, 0x00000000c1d00000, 0x00000000c1d00000|100%| O|  |TAMS 0x00000000c1d00000, 0x00000000c1c00000| Untracked 
|   5|0x00000000c1d00000, 0x00000000c1e00000, 0x00000000c1e00000|100%| O|  |TAMS 0x00000000c1e00000, 0x00000000c1d00000| Untracked 
|   6|0x00000000c1e00000, 0x00000000c1f00000, 0x00000000c1f00000|100%| O|  |TAMS 0x00000000c1f00000, 0x00000000c1e00000| Untracked 
|   7|0x00000000c1f00000, 0x00000000c2000000, 0x00000000c2000000|100%| O|  |TAMS 0x00000000c2000000, 0x00000000c1f00000| Untracked 
|   8|0x00000000c2000000, 0x00000000c2100000, 0x00000000c2100000|100%| O|  |TAMS 0x00000000c2100000, 0x00000000c2000000| Untracked 
|   9|0x00000000c2100000, 0x00000000c2200000, 0x00000000c2200000|100%| O|  |TAMS 0x00000000c2200000, 0x00000000c2100000| Untracked 
|  10|0x00000000c2200000, 0x00000000c2300000, 0x00000000c2300000|100%| O|  |TAMS 0x00000000c2300000, 0x00000000c2200000| Untracked 
|  11|0x00000000c2300000, 0x00000000c2400000, 0x00000000c2400000|100%|HS|  |TAMS 0x00000000c2400000, 0x00000000c2300000| Complete 
|  12|0x00000000c2400000, 0x00000000c2500000, 0x00000000c2500000|100%|HC|  |TAMS 0x00000000c2500000, 0x00000000c2400000| Complete 
|  13|0x00000000c2500000, 0x00000000c2600000, 0x00000000c2600000|100%|HC|  |TAMS 0x00000000c2600000, 0x00000000c2500000| Complete 
|  14|0x00000000c2600000, 0x00000000c2700000, 0x00000000c2700000|100%|HC|  |TAMS 0x00000000c2700000, 0x00000000c2600000| Complete 
|  15|0x00000000c2700000, 0x00000000c2800000, 0x00000000c2800000|100%| O|  |TAMS 0x00000000c2700000, 0x00000000c2700000| Untracked 
|  16|0x00000000c2800000, 0x00000000c2900000, 0x00000000c2900000|100%| O|  |TAMS 0x00000000c2800000, 0x00000000c2800000| Untracked 
|  17|0x00000000c2900000, 0x00000000c2a00000, 0x00000000c2a00000|100%| O|  |TAMS 0x00000000c2a00000, 0x00000000c2900000| Untracked 
|  18|0x00000000c2a00000, 0x00000000c2b00000, 0x00000000c2b00000|100%| O|  |TAMS 0x00000000c2b00000, 0x00000000c2a00000| Untracked 
|  19|0x00000000c2b00000, 0x00000000c2c00000, 0x00000000c2c00000|100%| O|  |TAMS 0x00000000c2c00000, 0x00000000c2b00000| Untracked 
|  20|0x00000000c2c00000, 0x00000000c2d00000, 0x00000000c2d00000|100%| O|  |TAMS 0x00000000c2d00000, 0x00000000c2c00000| Untracked 
|  21|0x00000000c2d00000, 0x00000000c2e00000, 0x00000000c2e00000|100%| O|  |TAMS 0x00000000c2e00000, 0x00000000c2d00000| Untracked 
|  22|0x00000000c2e00000, 0x00000000c2f00000, 0x00000000c2f00000|100%| O|  |TAMS 0x00000000c2e7b600, 0x00000000c2e00000| Untracked 
|  23|0x00000000c2f00000, 0x00000000c3000000, 0x00000000c3000000|100%| O|  |TAMS 0x00000000c2f00000, 0x00000000c2f00000| Untracked 
|  24|0x00000000c3000000, 0x00000000c3100000, 0x00000000c3100000|100%| O|  |TAMS 0x00000000c3000000, 0x00000000c3000000| Untracked 
|  25|0x00000000c3100000, 0x00000000c3200000, 0x00000000c3200000|100%| O|  |TAMS 0x00000000c3100000, 0x00000000c3100000| Untracked 
|  26|0x00000000c3200000, 0x00000000c3300000, 0x00000000c3300000|100%|HS|  |TAMS 0x00000000c3200000, 0x00000000c3200000| Complete 
|  27|0x00000000c3300000, 0x00000000c3400000, 0x00000000c3400000|100%|HC|  |TAMS 0x00000000c3300000, 0x00000000c3300000| Complete 
|  28|0x00000000c3400000, 0x00000000c3500000, 0x00000000c3500000|100%| O|  |TAMS 0x00000000c3400000, 0x00000000c3400000| Untracked 
|  29|0x00000000c3500000, 0x00000000c3553c00, 0x00000000c3600000| 32%| O|  |TAMS 0x00000000c3500000, 0x00000000c3500000| Untracked 
|  30|0x00000000c3600000, 0x00000000c3600000, 0x00000000c3700000|  0%| F|  |TAMS 0x00000000c3600000, 0x00000000c3600000| Untracked 
|  31|0x00000000c3700000, 0x00000000c3700000, 0x00000000c3800000|  0%| F|  |TAMS 0x00000000c3700000, 0x00000000c3700000| Untracked 
|  32|0x00000000c3800000, 0x00000000c3800000, 0x00000000c3900000|  0%| F|  |TAMS 0x00000000c3800000, 0x00000000c3800000| Untracked 
|  33|0x00000000c3900000, 0x00000000c3900000, 0x00000000c3a00000|  0%| F|  |TAMS 0x00000000c3900000, 0x00000000c3900000| Untracked 
|  34|0x00000000c3a00000, 0x00000000c3a00000, 0x00000000c3b00000|  0%| F|  |TAMS 0x00000000c3a00000, 0x00000000c3a00000| Untracked 
|  35|0x00000000c3b00000, 0x00000000c3b00000, 0x00000000c3c00000|  0%| F|  |TAMS 0x00000000c3b00000, 0x00000000c3b00000| Untracked 
|  36|0x00000000c3c00000, 0x00000000c3c00000, 0x00000000c3d00000|  0%| F|  |TAMS 0x00000000c3c00000, 0x00000000c3c00000| Untracked 
|  37|0x00000000c3d00000, 0x00000000c3d00000, 0x00000000c3e00000|  0%| F|  |TAMS 0x00000000c3d00000, 0x00000000c3d00000| Untracked 
|  38|0x00000000c3e00000, 0x00000000c3e00000, 0x00000000c3f00000|  0%| F|  |TAMS 0x00000000c3e00000, 0x00000000c3e00000| Untracked 
|  39|0x00000000c3f00000, 0x00000000c3f00000, 0x00000000c4000000|  0%| F|  |TAMS 0x00000000c3f00000, 0x00000000c3f00000| Untracked 
|  40|0x00000000c4000000, 0x00000000c4000000, 0x00000000c4100000|  0%| F|  |TAMS 0x00000000c4000000, 0x00000000c4000000| Untracked 
|  41|0x00000000c4100000, 0x00000000c4100000, 0x00000000c4200000|  0%| F|  |TAMS 0x00000000c4100000, 0x00000000c4100000| Untracked 
|  42|0x00000000c4200000, 0x00000000c4200000, 0x00000000c4300000|  0%| F|  |TAMS 0x00000000c4200000, 0x00000000c4200000| Untracked 
|  43|0x00000000c4300000, 0x00000000c4300000, 0x00000000c4400000|  0%| F|  |TAMS 0x00000000c4300000, 0x00000000c4300000| Untracked 
|  44|0x00000000c4400000, 0x00000000c4400000, 0x00000000c4500000|  0%| F|  |TAMS 0x00000000c4400000, 0x00000000c4400000| Untracked 
|  45|0x00000000c4500000, 0x00000000c4500000, 0x00000000c4600000|  0%| F|  |TAMS 0x00000000c4500000, 0x00000000c4500000| Untracked 
|  46|0x00000000c4600000, 0x00000000c4600000, 0x00000000c4700000|  0%| F|  |TAMS 0x00000000c4600000, 0x00000000c4600000| Untracked 
|  47|0x00000000c4700000, 0x00000000c4700000, 0x00000000c4800000|  0%| F|  |TAMS 0x00000000c4700000, 0x00000000c4700000| Untracked 
|  48|0x00000000c4800000, 0x00000000c48b9bc8, 0x00000000c4900000| 72%| S|CS|TAMS 0x00000000c4800000, 0x00000000c4800000| Complete 
|  49|0x00000000c4900000, 0x00000000c4a00000, 0x00000000c4a00000|100%| S|CS|TAMS 0x00000000c4900000, 0x00000000c4900000| Complete 
|  50|0x00000000c4a00000, 0x00000000c4b00000, 0x00000000c4b00000|100%| S|CS|TAMS 0x00000000c4a00000, 0x00000000c4a00000| Complete 
|  51|0x00000000c4b00000, 0x00000000c4c00000, 0x00000000c4c00000|100%| S|CS|TAMS 0x00000000c4b00000, 0x00000000c4b00000| Complete 
|  52|0x00000000c4c00000, 0x00000000c4c00000, 0x00000000c4d00000|  0%| F|  |TAMS 0x00000000c4c00000, 0x00000000c4c00000| Untracked 
|  53|0x00000000c4d00000, 0x00000000c4d00000, 0x00000000c4e00000|  0%| F|  |TAMS 0x00000000c4d00000, 0x00000000c4d00000| Untracked 
|  54|0x00000000c4e00000, 0x00000000c4e00000, 0x00000000c4f00000|  0%| F|  |TAMS 0x00000000c4e00000, 0x00000000c4e00000| Untracked 
|  55|0x00000000c4f00000, 0x00000000c4f00000, 0x00000000c5000000|  0%| F|  |TAMS 0x00000000c4f00000, 0x00000000c4f00000| Untracked 
|  56|0x00000000c5000000, 0x00000000c5000000, 0x00000000c5100000|  0%| F|  |TAMS 0x00000000c5000000, 0x00000000c5000000| Untracked 
|  57|0x00000000c5100000, 0x00000000c5100000, 0x00000000c5200000|  0%| F|  |TAMS 0x00000000c5100000, 0x00000000c5100000| Untracked 
|  58|0x00000000c5200000, 0x00000000c5200000, 0x00000000c5300000|  0%| F|  |TAMS 0x00000000c5200000, 0x00000000c5200000| Untracked 
|  59|0x00000000c5300000, 0x00000000c5300000, 0x00000000c5400000|  0%| F|  |TAMS 0x00000000c5300000, 0x00000000c5300000| Untracked 
|  60|0x00000000c5400000, 0x00000000c5400000, 0x00000000c5500000|  0%| F|  |TAMS 0x00000000c5400000, 0x00000000c5400000| Untracked 
|  61|0x00000000c5500000, 0x00000000c5500000, 0x00000000c5600000|  0%| F|  |TAMS 0x00000000c5500000, 0x00000000c5500000| Untracked 
|  62|0x00000000c5600000, 0x00000000c5600000, 0x00000000c5700000|  0%| F|  |TAMS 0x00000000c5600000, 0x00000000c5600000| Untracked 
|  63|0x00000000c5700000, 0x00000000c5700000, 0x00000000c5800000|  0%| F|  |TAMS 0x00000000c5700000, 0x00000000c5700000| Untracked 
|  64|0x00000000c5800000, 0x00000000c5800000, 0x00000000c5900000|  0%| F|  |TAMS 0x00000000c5800000, 0x00000000c5800000| Untracked 
|  65|0x00000000c5900000, 0x00000000c5900000, 0x00000000c5a00000|  0%| F|  |TAMS 0x00000000c5900000, 0x00000000c5900000| Untracked 
|  66|0x00000000c5a00000, 0x00000000c5a00000, 0x00000000c5b00000|  0%| F|  |TAMS 0x00000000c5a00000, 0x00000000c5a00000| Untracked 
|  67|0x00000000c5b00000, 0x00000000c5b00000, 0x00000000c5c00000|  0%| F|  |TAMS 0x00000000c5b00000, 0x00000000c5b00000| Untracked 
|  68|0x00000000c5c00000, 0x00000000c5c00000, 0x00000000c5d00000|  0%| F|  |TAMS 0x00000000c5c00000, 0x00000000c5c00000| Untracked 
|  69|0x00000000c5d00000, 0x00000000c5d00000, 0x00000000c5e00000|  0%| F|  |TAMS 0x00000000c5d00000, 0x00000000c5d00000| Untracked 
|  70|0x00000000c5e00000, 0x00000000c5e00000, 0x00000000c5f00000|  0%| F|  |TAMS 0x00000000c5e00000, 0x00000000c5e00000| Untracked 
|  71|0x00000000c5f00000, 0x00000000c5f00000, 0x00000000c6000000|  0%| F|  |TAMS 0x00000000c5f00000, 0x00000000c5f00000| Untracked 
|  72|0x00000000c6000000, 0x00000000c6000000, 0x00000000c6100000|  0%| F|  |TAMS 0x00000000c6000000, 0x00000000c6000000| Untracked 
|  73|0x00000000c6100000, 0x00000000c6100000, 0x00000000c6200000|  0%| F|  |TAMS 0x00000000c6100000, 0x00000000c6100000| Untracked 
|  74|0x00000000c6200000, 0x00000000c6200000, 0x00000000c6300000|  0%| F|  |TAMS 0x00000000c6200000, 0x00000000c6200000| Untracked 
|  75|0x00000000c6300000, 0x00000000c6300000, 0x00000000c6400000|  0%| F|  |TAMS 0x00000000c6300000, 0x00000000c6300000| Untracked 
|  76|0x00000000c6400000, 0x00000000c6400000, 0x00000000c6500000|  0%| F|  |TAMS 0x00000000c6400000, 0x00000000c6400000| Untracked 

Card table byte_map: [0x000001ff9c7c0000,0x000001ff9c9c0000] _byte_map_base: 0x000001ff9c1b4000

Marking Bits (Prev, Next): (CMBitMap*) 0x000001ff87cc94d8, (CMBitMap*) 0x000001ff87cc9510
 Prev Bits: [0x000001ff9cbc0000, 0x000001ff9db60000)
 Next Bits: [0x000001ff9db60000, 0x000001ff9eb00000)

Polling page: 0x000001ff87d80000

Metaspace:

Usage:
  Non-class:     42.36 MB capacity,    42.01 MB (>99%) used,   295.47 KB ( <1%) free+waste,    72.31 KB ( <1%) overhead. 
      Class:      5.79 MB capacity,     5.57 MB ( 96%) used,   199.67 KB (  3%) free+waste,    31.88 KB ( <1%) overhead. 
       Both:     48.16 MB capacity,    47.57 MB ( 99%) used,   495.14 KB (  1%) free+waste,   104.19 KB ( <1%) overhead. 

Virtual space:
  Non-class space:       44.00 MB reserved,      42.45 MB ( 96%) committed 
      Class space:        1.00 GB reserved,       5.88 MB ( <1%) committed 
             Both:        1.04 GB reserved,      48.33 MB (  5%) committed 

Chunk freelists:
   Non-Class:  27.00 KB
       Class:  21.00 KB
        Both:  48.00 KB

MaxMetaspaceSize: 17179869184.00 GB
CompressedClassSpaceSize: 1.00 GB
Initial GC threshold: 20.80 MB
Current GC threshold: 59.09 MB
CDS: off

CodeHeap 'non-profiled nmethods': size=120064Kb used=1317Kb max_used=1317Kb free=118746Kb
 bounds [0x000001ff94a50000, 0x000001ff94cc0000, 0x000001ff9bf90000]
CodeHeap 'profiled nmethods': size=120000Kb used=8045Kb max_used=8045Kb free=111955Kb
 bounds [0x000001ff8d520000, 0x000001ff8dd00000, 0x000001ff94a50000]
CodeHeap 'non-nmethods': size=5696Kb used=1266Kb max_used=1297Kb free=4429Kb
 bounds [0x000001ff8cf90000, 0x000001ff8d200000, 0x000001ff8d520000]
 total_blobs=4203 nmethods=3649 adapters=465
 compilation: enabled
              stopped_count=0, restarted_count=0
 full_count=0

Compilation events (20 events):
Event: 7.950 Thread 0x000001ffa1955800 nmethod 3633 0x000001ff94b98890 code [0x000001ff94b98a40, 0x000001ff94b98af8]
Event: 7.950 Thread 0x000001ffa1955800 3653       1       javaslang.collection.HashArrayMappedTrieModule$LeafSingleton::size (2 bytes)
Event: 7.950 Thread 0x000001ffa1955800 nmethod 3653 0x000001ff94b98b90 code [0x000001ff94b98d40, 0x000001ff94b98df8]
Event: 7.950 Thread 0x000001ffa1955800 3670       1       org.jetbrains.kotlin.load.java.structure.impl.classFiles.PlainJavaClassifierType::getTypeArguments (5 bytes)
Event: 7.950 Thread 0x000001ffa1955800 nmethod 3670 0x000001ff94b98e90 code [0x000001ff94b99040, 0x000001ff94b990f8]
Event: 7.950 Thread 0x000001ffa1955800 3635       1       org.jetbrains.kotlin.load.java.structure.impl.classFiles.BinaryJavaClass::getFqName (5 bytes)
Event: 7.950 Thread 0x000001ffa1955800 nmethod 3635 0x000001ff94b99190 code [0x000001ff94b99340, 0x000001ff94b993f8]
Event: 7.950 Thread 0x000001ffa1955800 3682       3       org.jetbrains.org.objectweb.asm.ClassVisitor::visitField (24 bytes)
Event: 7.950 Thread 0x000001ffa1955800 nmethod 3682 0x000001ff8dcf9090 code [0x000001ff8dcf9260, 0x000001ff8dcf9468]
Event: 7.950 Thread 0x000001ffa1955800 3667       1       org.jetbrains.kotlin.load.java.structure.impl.classFiles.BinaryJavaClass::getOuterClass (5 bytes)
Event: 7.951 Thread 0x000001ffa1955800 nmethod 3667 0x000001ff94b99490 code [0x000001ff94b99640, 0x000001ff94b996f8]
Event: 7.955 Thread 0x000001ffa1955800 3683       3       org.jetbrains.kotlin.name.FqNameUnsafe$1::invoke (9 bytes)
Event: 7.956 Thread 0x000001ffa1955800 nmethod 3683 0x000001ff8dcf9590 code [0x000001ff8dcf97e0, 0x000001ff8dcf9f08]
Event: 7.956 Thread 0x000001ffa1955800 3684       3       org.jetbrains.kotlin.name.FqNameUnsafe$1::invoke (5 bytes)
Event: 7.957 Thread 0x000001ffa1955800 nmethod 3684 0x000001ff8dcfa190 code [0x000001ff8dcfa3c0, 0x000001ff8dcfa988]
Event: 7.957 Thread 0x000001ffa1955800 3685       3       org.jetbrains.kotlin.storage.LockBasedStorageManager$LockBasedNotNullLazyValue::invoke (35 bytes)
Event: 7.958 Thread 0x000001ffa1955800 nmethod 3685 0x000001ff8dcfab90 code [0x000001ff8dcfad60, 0x000001ff8dcfaf18]
Event: 7.958 Thread 0x000001ffa1955800 3686       3       org.jetbrains.kotlin.metadata.ProtoBuf$QualifiedNameTable$QualifiedName$Kind::valueOf (42 bytes)
Event: 7.958 Thread 0x000001ffa1955800 nmethod 3686 0x000001ff8dcfb010 code [0x000001ff8dcfb1c0, 0x000001ff8dcfb378]
Event: 7.958 Thread 0x000001ffa1955800 3687   !   3       org.jetbrains.kotlin.metadata.ProtoBuf$TypeTable::<init> (344 bytes)

GC Heap History (19 events):
Event: 0.732 GC heap before
{Heap before GC invocations=0 (full 0):
 garbage-first heap   total 65536K, used 18432K [0x00000000c1800000, 0x0000000100000000)
  region size 1024K, 14 young (14336K), 0 survivors (0K)
 Metaspace       used 9729K, capacity 9842K, committed 10112K, reserved 1058816K
  class space    used 812K, capacity 853K, committed 896K, reserved 1048576K
}
Event: 0.737 GC heap after
{Heap after GC invocations=1 (full 0):
 garbage-first heap   total 65536K, used 6279K [0x00000000c1800000, 0x0000000100000000)
  region size 1024K, 2 young (2048K), 2 survivors (2048K)
 Metaspace       used 9729K, capacity 9842K, committed 10112K, reserved 1058816K
  class space    used 812K, capacity 853K, committed 896K, reserved 1048576K
}
Event: 2.328 GC heap before
{Heap before GC invocations=1 (full 0):
 garbage-first heap   total 65536K, used 43143K [0x00000000c1800000, 0x0000000100000000)
  region size 1024K, 38 young (38912K), 2 survivors (2048K)
 Metaspace       used 17762K, capacity 17925K, committed 18048K, reserved 1064960K
  class space    used 1759K, capacity 1831K, committed 1920K, reserved 1048576K
}
Event: 2.352 GC heap after
{Heap after GC invocations=2 (full 0):
 garbage-first heap   total 65536K, used 10576K [0x00000000c1800000, 0x0000000100000000)
  region size 1024K, 5 young (5120K), 5 survivors (5120K)
 Metaspace       used 17762K, capacity 17925K, committed 18048K, reserved 1064960K
  class space    used 1759K, capacity 1831K, committed 1920K, reserved 1048576K
}
Event: 2.579 GC heap before
{Heap before GC invocations=2 (full 0):
 garbage-first heap   total 65536K, used 16720K [0x00000000c1800000, 0x0000000100000000)
  region size 1024K, 11 young (11264K), 5 survivors (5120K)
 Metaspace       used 19447K, capacity 19668K, committed 19840K, reserved 1067008K
  class space    used 2021K, capacity 2092K, committed 2176K, reserved 1048576K
}
Event: 2.598 GC heap after
{Heap after GC invocations=3 (full 0):
 garbage-first heap   total 65536K, used 11087K [0x00000000c1800000, 0x0000000100000000)
  region size 1024K, 1 young (1024K), 1 survivors (1024K)
 Metaspace       used 19447K, capacity 19668K, committed 19840K, reserved 1067008K
  class space    used 2021K, capacity 2092K, committed 2176K, reserved 1048576K
}
Event: 2.767 GC heap before
{Heap before GC invocations=3 (full 0):
 garbage-first heap   total 65536K, used 15183K [0x00000000c1800000, 0x0000000100000000)
  region size 1024K, 6 young (6144K), 1 survivors (1024K)
 Metaspace       used 20913K, capacity 21179K, committed 21248K, reserved 1069056K
  class space    used 2202K, capacity 2277K, committed 2304K, reserved 1048576K
}
Event: 2.771 GC heap after
{Heap after GC invocations=4 (full 0):
 garbage-first heap   total 65536K, used 11059K [0x00000000c1800000, 0x0000000100000000)
  region size 1024K, 1 young (1024K), 1 survivors (1024K)
 Metaspace       used 20913K, capacity 21179K, committed 21248K, reserved 1069056K
  class space    used 2202K, capacity 2277K, committed 2304K, reserved 1048576K
}
Event: 3.691 GC heap before
{Heap before GC invocations=5 (full 0):
 garbage-first heap   total 65536K, used 37683K [0x00000000c1800000, 0x0000000100000000)
  region size 1024K, 24 young (24576K), 1 survivors (1024K)
 Metaspace       used 27809K, capacity 28253K, committed 28540K, reserved 1075200K
  class space    used 2962K, capacity 3138K, committed 3200K, reserved 1048576K
}
Event: 3.699 GC heap after
{Heap after GC invocations=6 (full 0):
 garbage-first heap   total 65536K, used 16908K [0x00000000c1800000, 0x0000000100000000)
  region size 1024K, 3 young (3072K), 3 survivors (3072K)
 Metaspace       used 27809K, capacity 28253K, committed 28540K, reserved 1075200K
  class space    used 2962K, capacity 3138K, committed 3200K, reserved 1048576K
}
Event: 4.706 GC heap before
{Heap before GC invocations=6 (full 0):
 garbage-first heap   total 65536K, used 41484K [0x00000000c1800000, 0x0000000100000000)
  region size 1024K, 25 young (25600K), 3 survivors (3072K)
 Metaspace       used 31733K, capacity 32242K, committed 32380K, reserved 1077248K
  class space    used 3727K, capacity 3938K, committed 3968K, reserved 1048576K
}
Event: 4.728 GC heap after
{Heap after GC invocations=7 (full 0):
 garbage-first heap   total 78848K, used 22840K [0x00000000c1800000, 0x0000000100000000)
  region size 1024K, 4 young (4096K), 4 survivors (4096K)
 Metaspace       used 31733K, capacity 32242K, committed 32380K, reserved 1077248K
  class space    used 3727K, capacity 3938K, committed 3968K, reserved 1048576K
}
Event: 5.314 GC heap before
{Heap before GC invocations=7 (full 0):
 garbage-first heap   total 78848K, used 38200K [0x00000000c1800000, 0x0000000100000000)
  region size 1024K, 20 young (20480K), 4 survivors (4096K)
 Metaspace       used 35352K, capacity 35841K, committed 36048K, reserved 1081344K
  class space    used 4324K, capacity 4517K, committed 4608K, reserved 1048576K
}
Event: 5.335 GC heap after
{Heap after GC invocations=8 (full 0):
 garbage-first heap   total 78848K, used 25400K [0x00000000c1800000, 0x0000000100000000)
  region size 1024K, 3 young (3072K), 3 survivors (3072K)
 Metaspace       used 35352K, capacity 35841K, committed 36048K, reserved 1081344K
  class space    used 4324K, capacity 4517K, committed 4608K, reserved 1048576K
}
Event: 6.087 GC heap before
{Heap before GC invocations=9 (full 0):
 garbage-first heap   total 78848K, used 47928K [0x00000000c1800000, 0x0000000100000000)
  region size 1024K, 25 young (25600K), 3 survivors (3072K)
 Metaspace       used 38962K, capacity 39463K, committed 39760K, reserved 1083392K
  class space    used 4718K, capacity 4911K, committed 4992K, reserved 1048576K
}
Event: 6.105 GC heap after
{Heap after GC invocations=10 (full 0):
 garbage-first heap   total 78848K, used 25600K [0x00000000c1800000, 0x0000000100000000)
  region size 1024K, 4 young (4096K), 4 survivors (4096K)
 Metaspace       used 38962K, capacity 39463K, committed 39760K, reserved 1083392K
  class space    used 4718K, capacity 4911K, committed 4992K, reserved 1048576K
}
Event: 6.860 GC heap before
{Heap before GC invocations=10 (full 0):
 garbage-first heap   total 78848K, used 49152K [0x00000000c1800000, 0x0000000100000000)
  region size 1024K, 28 young (28672K), 4 survivors (4096K)
 Metaspace       used 43754K, capacity 44281K, committed 44496K, reserved 1089536K
  class space    used 5169K, capacity 5365K, committed 5376K, reserved 1048576K
}
Event: 6.882 GC heap after
{Heap after GC invocations=11 (full 0):
 garbage-first heap   total 78848K, used 28123K [0x00000000c1800000, 0x0000000100000000)
  region size 1024K, 3 young (3072K), 3 survivors (3072K)
 Metaspace       used 43754K, capacity 44281K, committed 44496K, reserved 1089536K
  class space    used 5169K, capacity 5365K, committed 5376K, reserved 1048576K
}
Event: 7.964 GC heap before
{Heap before GC invocations=11 (full 0):
 garbage-first heap   total 78848K, used 54747K [0x00000000c1800000, 0x0000000100000000)
  region size 1024K, 27 young (27648K), 3 survivors (3072K)
 Metaspace       used 48712K, capacity 49312K, committed 49488K, reserved 1093632K
  class space    used 5699K, capacity 5931K, committed 6016K, reserved 1048576K
}

Deoptimization events (20 events):
Event: 7.861 Thread 0x000001ff87c9b800 DEOPT PACKING pc=0x000001ff94b36554 sp=0x0000000be2cf78e0
Event: 7.861 Thread 0x000001ff87c9b800 DEOPT UNPACKING pc=0x000001ff8cfda1af sp=0x0000000be2cf7878 mode 2
Event: 7.862 Thread 0x000001ff87c9b800 Uncommon trap: trap_request=0xffffffc6 fr.pc=0x000001ff94b36554 relative=0x0000000000000094
Event: 7.862 Thread 0x000001ff87c9b800 Uncommon trap: reason=bimorphic_or_optimized_type_check action=maybe_recompile pc=0x000001ff94b36554 method=java.util.AbstractList$Itr.hasNext()Z @ 8 c2
Event: 7.862 Thread 0x000001ff87c9b800 DEOPT PACKING pc=0x000001ff94b36554 sp=0x0000000be2cf78e0
Event: 7.862 Thread 0x000001ff87c9b800 DEOPT UNPACKING pc=0x000001ff8cfda1af sp=0x0000000be2cf7878 mode 2
Event: 7.889 Thread 0x000001ff87c9b800 DEOPT PACKING pc=0x000001ff8db5feff sp=0x0000000be2cf7020
Event: 7.889 Thread 0x000001ff87c9b800 DEOPT UNPACKING pc=0x000001ff8cfda95e sp=0x0000000be2cf6470 mode 0
Event: 7.957 Thread 0x000001ff87c9b800 Uncommon trap: trap_request=0xffffffc6 fr.pc=0x000001ff94b34180 relative=0x0000000000000580
Event: 7.957 Thread 0x000001ff87c9b800 Uncommon trap: reason=bimorphic_or_optimized_type_check action=maybe_recompile pc=0x000001ff94b34180 method=org.jetbrains.kotlin.protobuf.CodedInputStream.tryRefillBuffer(I)Z @ 177 c2
Event: 7.957 Thread 0x000001ff87c9b800 DEOPT PACKING pc=0x000001ff94b34180 sp=0x0000000be2cf4e20
Event: 7.957 Thread 0x000001ff87c9b800 DEOPT UNPACKING pc=0x000001ff8cfda1af sp=0x0000000be2cf4d08 mode 2
Event: 7.959 Thread 0x000001ff87c9b800 Uncommon trap: trap_request=0xffffffc6 fr.pc=0x000001ff94b34180 relative=0x0000000000000580
Event: 7.959 Thread 0x000001ff87c9b800 Uncommon trap: reason=bimorphic_or_optimized_type_check action=maybe_recompile pc=0x000001ff94b34180 method=org.jetbrains.kotlin.protobuf.CodedInputStream.tryRefillBuffer(I)Z @ 177 c2
Event: 7.959 Thread 0x000001ff87c9b800 DEOPT PACKING pc=0x000001ff94b34180 sp=0x0000000be2cf4520
Event: 7.959 Thread 0x000001ff87c9b800 DEOPT UNPACKING pc=0x000001ff8cfda1af sp=0x0000000be2cf4400 mode 2
Event: 7.963 Thread 0x000001ff87c9b800 Uncommon trap: trap_request=0xffffffc6 fr.pc=0x000001ff94b34180 relative=0x0000000000000580
Event: 7.963 Thread 0x000001ff87c9b800 Uncommon trap: reason=bimorphic_or_optimized_type_check action=maybe_recompile pc=0x000001ff94b34180 method=org.jetbrains.kotlin.protobuf.CodedInputStream.tryRefillBuffer(I)Z @ 177 c2
Event: 7.963 Thread 0x000001ff87c9b800 DEOPT PACKING pc=0x000001ff94b34180 sp=0x0000000be2cf4520
Event: 7.963 Thread 0x000001ff87c9b800 DEOPT UNPACKING pc=0x000001ff8cfda1af sp=0x0000000be2cf4400 mode 2

Classes redefined (0 events):
No events

Internal exceptions (20 events):
Event: 2.821 Thread 0x000001ff87c9b800 Exception <a 'java/lang/NoSuchMethodError'{0x00000000c5639508}: 'long java.lang.invoke.DirectMethodHandle$Holder.invokeStaticInit(java.lang.Object)'> (0x00000000c5639508) thrown at [./src/hotspot/share/interpreter/linkResolver.cpp, line 773]
Event: 2.957 Thread 0x000001ff87c9b800 Exception <a 'java/lang/NoSuchMethodError'{0x00000000c5165e48}: 'int java.lang.invoke.DirectMethodHandle$Holder.invokeStaticInit(java.lang.Object, java.lang.Object, java.lang.Object)'> (0x00000000c5165e48) thrown at [./src/hotspot/share/interpreter/linkResolver.cpp, line 773]
Event: 2.965 Thread 0x000001ff87c9b800 Exception <a 'java/lang/NoSuchMethodError'{0x00000000c5191780}: 'int java.lang.invoke.DirectMethodHandle$Holder.invokeStaticInit(java.lang.Object, java.lang.Object)'> (0x00000000c5191780) thrown at [./src/hotspot/share/interpreter/linkResolver.cpp, line 773]
Event: 3.077 Thread 0x000001ff87c9b800 Exception <a 'java/lang/NoSuchMethodError'{0x00000000c4fa5a78}: 'void java.lang.invoke.DirectMethodHandle$Holder.invokeSpecial(java.lang.Object, java.lang.Object)'> (0x00000000c4fa5a78) thrown at [./src/hotspot/share/interpreter/linkResolver.cpp, line 773]
Event: 3.454 Thread 0x000001ff87c9b800 Exception <a 'java/lang/NoSuchMethodError'{0x00000000c464f270}: 'java.lang.Object java.lang.invoke.DirectMethodHandle$Holder.invokeStatic(java.lang.Object, java.lang.Object, java.lang.Object, java.lang.Object, java.lang.Object, java.lang.Object, java.lang.Object, java.lang.Object, java.lang.Object, java.lang.Object, java.lang.Object, java.lang.Object, java.lang.Object, java.lang.Object, java.lang.Object)'> (0x00000000c464f270) thrown at [./src/hotspot/share/interpreter/linkResolver.cpp, line 773]
Event: 3.457 Thread 0x000001ff87c9b800 Exception <a 'java/lang/NoSuchMethodError'{0x00000000c465d278}: 'java.lang.Object java.lang.invoke.DirectMethodHandle$Holder.invokeStatic(java.lang.Object, java.lang.Object, java.lang.Object, java.lang.Object, java.lang.Object, java.lang.Object, java.lang.Object, java.lang.Object, java.lang.Object, java.lang.Object, java.lang.Object, java.lang.Object, java.lang.Object, java.lang.Object, java.lang.Object, java.lang.Object)'> (0x00000000c465d278) thrown at [./src/hotspot/share/interpreter/linkResolver.cpp, l
Event: 3.459 Thread 0x000001ff87c9b800 Exception <a 'java/lang/NoSuchMethodError'{0x00000000c466b190}: 'java.lang.Object java.lang.invoke.DirectMethodHandle$Holder.invokeSpecial(java.lang.Object, java.lang.Object, int, int, java.lang.Object, java.lang.Object, java.lang.Object)'> (0x00000000c466b190) thrown at [./src/hotspot/share/interpreter/linkResolver.cpp, line 773]
Event: 3.460 Thread 0x000001ff87c9b800 Exception <a 'java/lang/NoSuchMethodError'{0x00000000c466e9c8}: 'java.lang.Object java.lang.invoke.DelegatingMethodHandle$Holder.reinvoke_L(java.lang.Object, int, int, java.lang.Object, java.lang.Object, java.lang.Object)'> (0x00000000c466e9c8) thrown at [./src/hotspot/share/interpreter/linkResolver.cpp, line 773]
Event: 3.461 Thread 0x000001ff87c9b800 Exception <a 'java/lang/NoSuchMethodError'{0x00000000c4672fa8}: 'java.lang.Object java.lang.invoke.DirectMethodHandle$Holder.invokeStatic(java.lang.Object, java.lang.Object, java.lang.Object, java.lang.Object, int)'> (0x00000000c4672fa8) thrown at [./src/hotspot/share/interpreter/linkResolver.cpp, line 773]
Event: 3.539 Thread 0x000001ff87c9b800 Exception <a 'java/lang/NoSuchMethodError'{0x00000000c4597fd0}: 'void java.lang.invoke.DirectMethodHandle$Holder.invokeStatic(java.lang.Object, java.lang.Object, java.lang.Object, java.lang.Object)'> (0x00000000c4597fd0) thrown at [./src/hotspot/share/interpreter/linkResolver.cpp, line 773]
Event: 3.640 Thread 0x000001ff87c9b800 Exception <a 'java/lang/NoSuchMethodError'{0x00000000c41827a0}: 'void java.lang.invoke.DirectMethodHandle$Holder.invokeStaticInit(java.lang.Object, java.lang.Object)'> (0x00000000c41827a0) thrown at [./src/hotspot/share/interpreter/linkResolver.cpp, line 773]
Event: 3.807 Thread 0x000001ff87c9b800 Exception <a 'java/lang/NoSuchMethodError'{0x00000000c54dd830}: 'void java.lang.invoke.DirectMethodHandle$Holder.invokeVirtual(java.lang.Object, java.lang.Object)'> (0x00000000c54dd830) thrown at [./src/hotspot/share/interpreter/linkResolver.cpp, line 773]
Event: 3.827 Thread 0x000001ff87c9b800 Exception <a 'java/lang/NoSuchMethodError'{0x00000000c53806f8}: 'int java.lang.invoke.DirectMethodHandle$Holder.invokeVirtual(java.lang.Object, java.lang.Object)'> (0x00000000c53806f8) thrown at [./src/hotspot/share/interpreter/linkResolver.cpp, line 773]
Event: 5.555 Thread 0x000001ff87c9b800 Exception <a 'java/lang/NoSuchMethodError'{0x00000000c5ef0908}: 'java.lang.Object java.lang.invoke.DirectMethodHandle$Holder.invokeVirtual(java.lang.Object, java.lang.Object, java.lang.Object)'> (0x00000000c5ef0908) thrown at [./src/hotspot/share/interpreter/linkResolver.cpp, line 773]
Event: 6.980 Thread 0x000001ff87c9b800 Exception <a 'java/lang/NoSuchMethodError'{0x00000000c6217328}: 'java.lang.Object java.lang.invoke.Invokers$Holder.linkToTargetMethod(java.lang.Object, int, java.lang.Object)'> (0x00000000c6217328) thrown at [./src/hotspot/share/interpreter/linkResolver.cpp, line 773]
Event: 7.083 Thread 0x000001ff87c9b800 Implicit null exception at 0x000001ff94b6cbf0 to 0x000001ff94b6ccb0
Event: 7.112 Thread 0x000001ff87c9b800 Implicit null exception at 0x000001ff94b6c44c to 0x000001ff94b6c528
Event: 7.295 Thread 0x000001ff87c9b800 Exception <a 'java/lang/NoSuchMethodError'{0x00000000c5e83878}: 'java.lang.Object java.lang.invoke.DirectMethodHandle$Holder.invokeStatic(java.lang.Object, java.lang.Object, java.lang.Object, int)'> (0x00000000c5e83878) thrown at [./src/hotspot/share/interpreter/linkResolver.cpp, line 773]
Event: 7.295 Thread 0x000001ff87c9b800 Exception <a 'java/lang/NoSuchMethodError'{0x00000000c5e874e8}: 'java.lang.Object java.lang.invoke.DirectMethodHandle$Holder.invokeSpecial(java.lang.Object, java.lang.Object, java.lang.Object, java.lang.Object, int)'> (0x00000000c5e874e8) thrown at [./src/hotspot/share/interpreter/linkResolver.cpp, line 773]
Event: 7.295 Thread 0x000001ff87c9b800 Exception <a 'java/lang/NoSuchMethodError'{0x00000000c5e8aaa8}: 'java.lang.Object java.lang.invoke.Invokers$Holder.linkToTargetMethod(java.lang.Object, java.lang.Object, int, java.lang.Object)'> (0x00000000c5e8aaa8) thrown at [./src/hotspot/share/interpreter/linkResolver.cpp, line 773]

Events (20 events):
Event: 7.859 loading class java/util/Collections$SingletonMap done
Event: 7.864 loading class org/jetbrains/kotlin/load/java/components/JavaAnnotationDescriptor
Event: 7.864 loading class org/jetbrains/kotlin/load/java/components/JavaAnnotationDescriptor done
Event: 7.865 loading class org/jetbrains/kotlin/load/java/components/JavaAnnotationDescriptor$type$2
Event: 7.865 loading class org/jetbrains/kotlin/load/java/components/JavaAnnotationDescriptor$type$2 done
Event: 7.865 loading class org/jetbrains/kotlin/load/java/components/JavaRetentionAnnotationDescriptor
Event: 7.865 loading class org/jetbrains/kotlin/load/java/components/JavaRetentionAnnotationDescriptor done
Event: 7.866 loading class org/jetbrains/kotlin/load/java/components/JavaRetentionAnnotationDescriptor$allValueArguments$2
Event: 7.866 loading class org/jetbrains/kotlin/load/java/components/JavaRetentionAnnotationDescriptor$allValueArguments$2 done
Event: 7.866 loading class org/jetbrains/kotlin/load/java/components/JavaTargetAnnotationDescriptor
Event: 7.866 loading class org/jetbrains/kotlin/load/java/components/JavaTargetAnnotationDescriptor done
Event: 7.867 loading class org/jetbrains/kotlin/load/java/components/JavaTargetAnnotationDescriptor$allValueArguments$2
Event: 7.867 loading class org/jetbrains/kotlin/load/java/components/JavaTargetAnnotationDescriptor$allValueArguments$2 done
Event: 7.906 loading class org/jetbrains/kotlin/load/java/structure/impl/classFiles/PlainJavaAnnotationAsAnnotationArgument
Event: 7.906 loading class org/jetbrains/kotlin/load/java/structure/impl/classFiles/PlainJavaAnnotationAsAnnotationArgument done
Event: 7.906 loading class org/jetbrains/kotlin/load/java/structure/JavaAnnotationAsAnnotationArgument
Event: 7.906 loading class org/jetbrains/kotlin/load/java/structure/JavaAnnotationAsAnnotationArgument done
Event: 7.954 loading class org/jetbrains/kotlin/descriptors/DescriptorUtilKt
Event: 7.954 loading class org/jetbrains/kotlin/descriptors/DescriptorUtilKt done
Event: 7.964 Executing VM operation: G1CollectForAllocation


Dynamic libraries:
0x00007ff6a1f60000 - 0x00007ff6a1f6a000 	C:\Program Files\Android\Android Studio\jre\bin\java.exe
0x00007ffb1f110000 - 0x00007ffb1f308000 	C:\Windows\SYSTEM32\ntdll.dll
0x00007ffb1d170000 - 0x00007ffb1d22f000 	C:\Windows\System32\KERNEL32.DLL
0x00007ffb1ce40000 - 0x00007ffb1d136000 	C:\Windows\System32\KERNELBASE.dll
0x00007ffb1c7f0000 - 0x00007ffb1c8f0000 	C:\Windows\System32\ucrtbase.dll
0x00007ffb06bd0000 - 0x00007ffb06be7000 	C:\Program Files\Android\Android Studio\jre\bin\VCRUNTIME140.dll
0x00007ffafdc00000 - 0x00007ffafdc19000 	C:\Program Files\Android\Android Studio\jre\bin\jli.dll
0x00007ffb1d5b0000 - 0x00007ffb1d74d000 	C:\Windows\System32\USER32.dll
0x00007ffb1d140000 - 0x00007ffb1d162000 	C:\Windows\System32\win32u.dll
0x00007ffb0bec0000 - 0x00007ffb0c15a000 	C:\Windows\WinSxS\amd64_microsoft.windows.common-controls_6595b64144ccf1df_6.0.19041.1110_none_60b5254171f9507e\COMCTL32.dll
0x00007ffb1df30000 - 0x00007ffb1df5c000 	C:\Windows\System32\GDI32.dll
0x00007ffb1ef80000 - 0x00007ffb1f01e000 	C:\Windows\System32\msvcrt.dll
0x00007ffb1c960000 - 0x00007ffb1ca75000 	C:\Windows\System32\gdi32full.dll
0x00007ffb1cd50000 - 0x00007ffb1cded000 	C:\Windows\System32\msvcp_win.dll
0x00007ffb1d8e0000 - 0x00007ffb1d910000 	C:\Windows\System32\IMM32.DLL
0x00007ffaf9940000 - 0x00007ffaf99dd000 	C:\Program Files\Android\Android Studio\jre\bin\msvcp140.dll
0x00007ffad14e0000 - 0x00007ffad1fe2000 	C:\Program Files\Android\Android Studio\jre\bin\server\jvm.dll
0x00007ffb1df60000 - 0x00007ffb1e00f000 	C:\Windows\System32\ADVAPI32.dll
0x00007ffb1d230000 - 0x00007ffb1d2cc000 	C:\Windows\System32\sechost.dll
0x00007ffb1e9e0000 - 0x00007ffb1eb06000 	C:\Windows\System32\RPCRT4.dll
0x00007ffb1de80000 - 0x00007ffb1de88000 	C:\Windows\System32\PSAPI.DLL
0x00007ffb0e650000 - 0x00007ffb0e677000 	C:\Windows\SYSTEM32\WINMM.dll
0x00007ffb0e830000 - 0x00007ffb0e83a000 	C:\Windows\SYSTEM32\VERSION.dll
0x00007ffb10810000 - 0x00007ffb10819000 	C:\Windows\SYSTEM32\WSOCK32.dll
0x00007ffb1deb0000 - 0x00007ffb1df1b000 	C:\Windows\System32\WS2_32.dll
0x00007ffb1a6a0000 - 0x00007ffb1a6b2000 	C:\Windows\SYSTEM32\kernel.appcore.dll
0x00007ffaf59a0000 - 0x00007ffaf59b1000 	C:\Program Files\Android\Android Studio\jre\bin\verify.dll
0x00007ffb07920000 - 0x00007ffb07b04000 	C:\Windows\SYSTEM32\DBGHELP.DLL
0x00007ffb078e0000 - 0x00007ffb07914000 	C:\Windows\SYSTEM32\dbgcore.DLL
0x00007ffb1cc10000 - 0x00007ffb1cc92000 	C:\Windows\System32\bcryptPrimitives.dll
0x00007ffaf2e80000 - 0x00007ffaf2ea9000 	C:\Program Files\Android\Android Studio\jre\bin\java.dll
0x00007ffb028d0000 - 0x00007ffb028db000 	C:\Program Files\Android\Android Studio\jre\bin\jimage.dll
0x00007ffaf4090000 - 0x00007ffaf40a8000 	C:\Program Files\Android\Android Studio\jre\bin\zip.dll
0x00007ffb1e010000 - 0x00007ffb1e754000 	C:\Windows\System32\SHELL32.dll
0x00007ffb1a8a0000 - 0x00007ffb1b034000 	C:\Windows\SYSTEM32\windows.storage.dll
0x00007ffb1d970000 - 0x00007ffb1dcc4000 	C:\Windows\System32\combase.dll
0x00007ffb1c230000 - 0x00007ffb1c25e000 	C:\Windows\SYSTEM32\Wldp.dll
0x00007ffb1f020000 - 0x00007ffb1f0cd000 	C:\Windows\System32\SHCORE.dll
0x00007ffb1d2d0000 - 0x00007ffb1d325000 	C:\Windows\System32\shlwapi.dll
0x00007ffb1c720000 - 0x00007ffb1c745000 	C:\Windows\SYSTEM32\profapi.dll
0x00007ffaf38e0000 - 0x00007ffaf38fa000 	C:\Program Files\Android\Android Studio\jre\bin\net.dll
0x00007ffb10dc0000 - 0x00007ffb10eca000 	C:\Windows\SYSTEM32\WINHTTP.dll
0x00007ffb1bf90000 - 0x00007ffb1bffa000 	C:\Windows\system32\mswsock.dll
0x00007ffaf37e0000 - 0x00007ffaf37f4000 	C:\Program Files\Android\Android Studio\jre\bin\nio.dll

dbghelp: loaded successfully - version: 4.0.5 - missing functions: none
symbol engine: initialized successfully - sym options: 0x614 - pdb path: .;C:\Program Files\Android\Android Studio\jre\bin;C:\Windows\SYSTEM32;C:\Windows\WinSxS\amd64_microsoft.windows.common-controls_6595b64144ccf1df_6.0.19041.1110_none_60b5254171f9507e;C:\Program Files\Android\Android Studio\jre\bin\server

VM Arguments:
java_command: org.jetbrains.kotlin.cli.jvm.K2JVMCompiler @C:\Users\Ilham\AndroidStudioProjects\EAttandance\app\build\20230814_1103532283890436973.compiler.options
java_class_path (initial): C:\Users\Ilham\.gradle\caches\modules-2\files-2.1\org.jetbrains.kotlin\kotlin-compiler-embeddable\1.7.20\8db18559a581dd2c36ddfd5046af145650f5b126\kotlin-compiler-embeddable-1.7.20.jar;C:\Users\Ilham\.gradle\caches\modules-2\files-2.1\org.jetbrains.kotlin\kotlin-reflect\1.7.20\12b2501e33bb6373e8e347c86d85481863629381\kotlin-reflect-1.7.20.jar;C:\Users\Ilham\.gradle\caches\modules-2\files-2.1\org.jetbrains.kotlin\kotlin-stdlib\1.7.20\726594ea9ba2beb2ee113647fefa9a10f9fabe52\kotlin-stdlib-1.7.20.jar;C:\Users\Ilham\.gradle\caches\modules-2\files-2.1\org.jetbrains.kotlin\kotlin-script-runtime\1.7.20\bcd1cc6f865e632550357fcc59f5ffd532615a8\kotlin-script-runtime-1.7.20.jar;C:\Users\Ilham\.gradle\caches\modules-2\files-2.1\org.jetbrains.kotlin\kotlin-daemon-embeddable\1.7.20\1e24355adad8d529d75d5b19eab55484057431ba\kotlin-daemon-embeddable-1.7.20.jar;C:\Users\Ilham\.gradle\caches\modules-2\files-2.1\org.jetbrains.intellij.deps\trove4j\1.0.20200330\3afb14d5f9ceb459d724e907a21145e8ff394f02\trove4j-1.0.20200330.jar;C:\Users\Ilham\.gradle\caches\modules-2\files-2.1\net.java.dev.jna\jna\5.6.0\330f2244e9030119ab3030fc3fededc86713d9cc\jna-5.6.0.jar;C:\Users\Ilham\.gradle\caches\modules-2\files-2.1\org.jetbrains.kotlin\kotlin-stdlib-common\1.7.20\e15351bdaf9fa06f009be5da7a202e4184f00ae3\kotlin-stdlib-common-1.7.20.jar;C:\Users\Ilham\.gradle\caches\modules-2\files-2.1\org.jetbrains\annotations\13.0\919f0dfe192fb4e063e7dacadee7f8bb9a2672a9\annotations-13.0.jar
Launcher Type: SUN_STANDARD

[Global flags]
     intx CICompilerCount                          = 3                                         {product} {ergonomic}
     uint ConcGCThreads                            = 1                                         {product} {ergonomic}
     uint G1ConcRefinementThreads                  = 4                                         {product} {ergonomic}
   size_t G1HeapRegionSize                         = 1048576                                   {product} {ergonomic}
    uintx GCDrainStackTargetSize                   = 64                                        {product} {ergonomic}
   size_t InitialHeapSize                          = 67108864                                  {product} {ergonomic}
   size_t MarkStackSize                            = 4194304                                   {product} {ergonomic}
   size_t MaxHeapSize                              = 1048576000                                {product} {ergonomic}
   size_t MaxNewSize                               = 629145600                                 {product} {ergonomic}
   size_t MinHeapDeltaBytes                        = 1048576                                   {product} {ergonomic}
    uintx NonNMethodCodeHeapSize                   = 5830732                                {pd product} {ergonomic}
    uintx NonProfiledCodeHeapSize                  = 122913754                              {pd product} {ergonomic}
    uintx ProfiledCodeHeapSize                     = 122913754                              {pd product} {ergonomic}
    uintx ReservedCodeCacheSize                    = 251658240                              {pd product} {ergonomic}
     bool SegmentedCodeCache                       = true                                      {product} {ergonomic}
     bool UseCompressedClassPointers               = true                                 {lp64_product} {ergonomic}
     bool UseCompressedOops                        = true                                 {lp64_product} {ergonomic}
     bool UseG1GC                                  = true                                      {product} {ergonomic}
     bool UseLargePagesIndividualAllocation        = false                                  {pd product} {ergonomic}

Logging:
Log output configuration:
 #0: stdout all=warning uptime,level,tags
 #1: stderr all=off uptime,level,tags

Environment Variables:
PATH=C:\Program Files (x86)\Common Files\Intel\Shared Files\cpp\bin\Intel64;C:\Windows\system32;C:\Windows;C:\Windows\System32\Wbem;C:\Windows\System32\WindowsPowerShell\v1.0\;C:\Windows\System32\OpenSSH\;C:\xampp\php;C:\ProgramData\ComposerSetup\bin;C:\Users\Ilham\AppData\Local\Programs\Python\Python39\Lib\site-packages\pip;C:\Users\Ilham\AppData\Local\Programs\Python\Python39\Scripts\;C:\Users\Ilham\AppData\Local\Programs\Python\Python39\;C:\Users\Ilham\AppData\Local\Microsoft\WindowsApps;C:\Users\Ilham\AppData\Local\Programs\Microsoft VS Code\bin;C:\ProgramData\Ilham\GitHubDesktop\bin;C:\xampp\php;C:\Users\Ilham\AppData\Roaming\Composer\vendor\bin;C:\Users\Ilham\AppData\Local\GitHubDesktop\bin
USERNAME=Ilham
OS=Windows_NT
PROCESSOR_IDENTIFIER=Intel64 Family 6 Model 61 Stepping 4, GenuineIntel



---------------  S Y S T E M  ---------------

OS: Windows 10 , 64 bit Build 19041 (10.0.19041.3155)
OS uptime: 21 days 1:15 hours

CPU:total 4 (initial active 4) (2 cores per cpu, 2 threads per core) family 6 model 61 stepping 4 microcode 0x2d, cmov, cx8, fxsr, mmx, sse, sse2, sse3, ssse3, sse4.1, sse4.2, popcnt, avx, avx2, aes, clmul, erms, 3dnowpref, lzcnt, ht, tsc, tscinvbit, bmi1, bmi2, adx, fma

Memory: 4k page, system-wide physical 3995M (323M free)
TotalPageFile size 12187M (AvailPageFile size 17M)
current process WorkingSet (physical memory assigned to process): 199M, peak: 199M
current process commit charge ("private bytes"): 228M, peak: 247M

vm_info: OpenJDK 64-Bit Server VM (11.0.13+0-b1751.21-8125866) for windows-amd64 JRE (11.0.13+0-b1751.21-8125866), built on Feb  2 2022 03:00:22 by "builder" with MS VC++ 14.0 (VS2015)

END.
